  Building Custom Rule C:/oss/third_party/sundials/sundials-3.1.0/examples/arkode/C_serial/CMakeLists.txt
  CMake does not need to re-run because C:/oss/third_party/sundials/sundials-3.1.0-build/examples/arkode/C_serial/CMakeFiles/generate.stamp is up-to-date.
  ark_heat1D.c
ark_heat1D.obj : error LNK2019: unresolved external symbol __imp_N_VDestroy referenced in function main
ark_heat1D.obj : error LNK2019: unresolved external symbol __imp_N_VGetArrayPointer referenced in function Jac
ark_heat1D.obj : error LNK2019: unresolved external symbol __imp_N_VConst referenced in function Jac
ark_heat1D.obj : error LNK2019: unresolved external symbol __imp_N_VDotProd referenced in function main
ark_heat1D.obj : error LNK2019: unresolved external symbol __imp_ARKodeCreate referenced in function main
ark_heat1D.obj : error LNK2019: unresolved external symbol __imp_ARKodeSetUserData referenced in function main
ark_heat1D.obj : error LNK2019: unresolved external symbol __imp_ARKodeSetLinear referenced in function main
ark_heat1D.obj : error LNK2019: unresolved external symbol __imp_ARKodeSetMaxNumSteps referenced in function main
ark_heat1D.obj : error LNK2019: unresolved external symbol __imp_ARKodeSetPredictorMethod referenced in function main
ark_heat1D.obj : error LNK2019: unresolved external symbol __imp_ARKodeInit referenced in function main
ark_heat1D.obj : error LNK2019: unresolved external symbol __imp_ARKodeSStolerances referenced in function main
ark_heat1D.obj : error LNK2019: unresolved external symbol __imp_ARKode referenced in function main
ark_heat1D.obj : error LNK2019: unresolved external symbol __imp_ARKodeGetNumSteps referenced in function main
ark_heat1D.obj : error LNK2019: unresolved external symbol __imp_ARKodeGetNumStepAttempts referenced in function main
ark_heat1D.obj : error LNK2019: unresolved external symbol __imp_ARKodeGetNumRhsEvals referenced in function main
ark_heat1D.obj : error LNK2019: unresolved external symbol __imp_ARKodeGetNumLinSolvSetups referenced in function main
ark_heat1D.obj : error LNK2019: unresolved external symbol __imp_ARKodeGetNumErrTestFails referenced in function main
ark_heat1D.obj : error LNK2019: unresolved external symbol __imp_ARKodeGetNumNonlinSolvIters referenced in function main
ark_heat1D.obj : error LNK2019: unresolved external symbol __imp_ARKodeGetNumNonlinSolvConvFails referenced in function main
ark_heat1D.obj : error LNK2019: unresolved external symbol __imp_ARKodeFree referenced in function main
ark_heat1D.obj : error LNK2019: unresolved external symbol __imp_N_VNew_Serial referenced in function main
ark_heat1D.obj : error LNK2019: unresolved external symbol __imp_SUNLinSolFree referenced in function main
ark_heat1D.obj : error LNK2019: unresolved external symbol __imp_SUNPCG referenced in function main
ark_heat1D.obj : error LNK2019: unresolved external symbol __imp_ARKSpilsSetLinearSolver referenced in function main
ark_heat1D.obj : error LNK2019: unresolved external symbol __imp_ARKSpilsSetJacTimes referenced in function main
ark_heat1D.obj : error LNK2019: unresolved external symbol __imp_ARKSpilsGetNumLinIters referenced in function main
ark_heat1D.obj : error LNK2019: unresolved external symbol __imp_ARKSpilsGetNumConvFails referenced in function main
ark_heat1D.obj : error LNK2019: unresolved external symbol __imp_ARKSpilsGetNumJtimesEvals referenced in function main
ark_heat1D.obj : error LNK2019: unresolved external symbol __imp_SUNRsqrt referenced in function main
C:\oss\third_party\sundials\sundials-3.1.0-build\examples\arkode\C_serial\MinSizeRel\ark_heat1D.exe : fatal error LNK1120: 29 unresolved externals
