<?xml version="1.0" encoding="UTF-8"?>
<Site BuildName="Windows-WIN7-vs2015-STATIC"
	BuildStamp="20180112-1852-Experimental"
	Name="WIN7VS201564.XXXX"
	Generator="ctest-3.9.1"
	Append="true"
	CompilerName=""
	CompilerVersion=""
	OSName="Windows"
	Hostname="tr-lap904"
	OSRelease=" Professional"
	OSVersion=" (Build 14393)"
	OSPlatform="AMD64"
	Is64Bits="1"
	VendorString="GenuineIntel"
	VendorID="Intel Corporation"
	FamilyID="6"
	ModelID="14"
	ProcessorCacheSize="-1"
	NumberOfLogicalCPU="8"
	NumberOfPhysicalCPU="4"
	TotalVirtualMemory="34707"
	TotalPhysicalMemory="32659"
	LogicalProcessorsPerPhysical="2"
	ProcessorClockFrequency="2711"
	>
	<Build>
		<StartDateTime>Jan 12 13:55 Eastern Standard Time</StartDateTime>
		<StartBuildTime>1515783328</StartBuildTime>
		<BuildCommand>C:\CMake\bin\cmake.exe --build . --config "Release"</BuildCommand>
		<Warning>
			<BuildLogLine>412</BuildLogLine>
			<Text>C:\oss\third_party\matio\CMake-hdf5-1.10.1\build\SZIP-prefix\src\SZIP\src\rice.c(2443): warning C4244: '=': conversion from '__int64' to 'int', possible loss of data [C:\oss\third_party\matio\CMake-hdf5-1.10.1\build\SZIP-prefix\src\SZIP-build\src\szip-static.vcxproj] [C:\oss\third_party\matio\CMake-hdf5-1.10.1\build\SZIP.vcxproj]</Text>
			<SourceFile>C:/oss/third_party/matio/CMake-hdf5-1.10.1/build/SZIP-prefix/src/SZIP/src/rice.c</SourceFile>
			<SourceLineNumber>2443</SourceLineNumber>
			<PreContext>    Creating directory "szip-static.dir\Release\".
    Creating directory "szip-static.dir\Release\szip-static.tlog\".
  InitializeBuildStatus:
    Creating "szip-static.dir\Release\szip-static.tlog\unsuccessfulbuild" because "AlwaysCreate" was specified.
  CustomBuild:
    Building Custom Rule /.../build/SZIP-prefix/src/SZIP/src/CMakeLists.txt
    CMake does not need to re-run because /.../build/SZIP-prefix/src/SZIP-build/src/CMakeFiles/generate.stamp is up-to-date.
  ClCompile:
    C:\Program Files (x86)\Microsoft Visual Studio 14.0\VC\bin\x86_amd64\CL.exe /c /I"C:\oss\third_party\matio\CMake-hdf5-1.10.1\build\SZIP-prefix\src\SZIP-build" /I"C:\oss\third_party\matio\CMake-hdf5-1.10.1\build\SZIP-prefix\src\SZIP\src" /I"C:\oss\third_party\matio\CMake-hdf5-1.10.1\build\bin" /nologo /W3 /WX- /O2 /Ob2 /D WIN32 /D _WINDOWS /D NDEBUG /D _BIND_TO_CURRENT_VCLIBS_VERSION=1 /D _CRT_SECURE_NO_WARNINGS /D "CMAKE_INTDIR=\"Release\"" /D _MBCS /Gm- /MD /GS /fp:precise /Zc:wchar_t /Zc:forScope /Zc:inline /Fo"szip-static.dir\Release\\" /Fd"C:\oss\third_party\matio\CMake-hdf5-1.10.1\build\bin\Release\libszip.pdb" /Gd /TC /errorReport:queue "C:\oss\third_party\matio\CMake-hdf5-1.10.1\build\SZIP-prefix\src\SZIP\src\rice.c" "C:\oss\third_party\matio\CMake-hdf5-1.10.1\build\SZIP-prefix\src\SZIP\src\sz_api.c" "C:\oss\third_party\matio\CMake-hdf5-1.10.1\build\SZIP-prefix\src\SZIP\src\encoding.c"
    rice.c
</PreContext>
			<PostContext></PostContext>
			<RepeatCount>0</RepeatCount>
		</Warning>
		<Warning>
			<BuildLogLine>413</BuildLogLine>
			<Text>C:\oss\third_party\matio\CMake-hdf5-1.10.1\build\SZIP-prefix\src\SZIP\src\rice.c(3227): warning C4244: '=': conversion from '__int64' to 'long', possible loss of data [C:\oss\third_party\matio\CMake-hdf5-1.10.1\build\SZIP-prefix\src\SZIP-build\src\szip-static.vcxproj] [C:\oss\third_party\matio\CMake-hdf5-1.10.1\build\SZIP.vcxproj]</Text>
			<SourceFile>C:/oss/third_party/matio/CMake-hdf5-1.10.1/build/SZIP-prefix/src/SZIP/src/rice.c</SourceFile>
			<SourceLineNumber>3227</SourceLineNumber>
			<PreContext></PreContext>
			<PostContext></PostContext>
			<RepeatCount>0</RepeatCount>
		</Warning>
		<Warning>
			<BuildLogLine>414</BuildLogLine>
			<Text>C:\oss\third_party\matio\CMake-hdf5-1.10.1\build\SZIP-prefix\src\SZIP\src\rice.c(3291): warning C4244: '=': conversion from '__int64' to 'long', possible loss of data [C:\oss\third_party\matio\CMake-hdf5-1.10.1\build\SZIP-prefix\src\SZIP-build\src\szip-static.vcxproj] [C:\oss\third_party\matio\CMake-hdf5-1.10.1\build\SZIP.vcxproj]</Text>
			<SourceFile>C:/oss/third_party/matio/CMake-hdf5-1.10.1/build/SZIP-prefix/src/SZIP/src/rice.c</SourceFile>
			<SourceLineNumber>3291</SourceLineNumber>
			<PreContext></PreContext>
			<PostContext></PostContext>
			<RepeatCount>0</RepeatCount>
		</Warning>
		<Warning>
			<BuildLogLine>415</BuildLogLine>
			<Text>C:\oss\third_party\matio\CMake-hdf5-1.10.1\build\SZIP-prefix\src\SZIP\src\rice.c(3355): warning C4244: '=': conversion from '__int64' to 'long', possible loss of data [C:\oss\third_party\matio\CMake-hdf5-1.10.1\build\SZIP-prefix\src\SZIP-build\src\szip-static.vcxproj] [C:\oss\third_party\matio\CMake-hdf5-1.10.1\build\SZIP.vcxproj]</Text>
			<SourceFile>C:/oss/third_party/matio/CMake-hdf5-1.10.1/build/SZIP-prefix/src/SZIP/src/rice.c</SourceFile>
			<SourceLineNumber>3355</SourceLineNumber>
			<PreContext></PreContext>
			<PostContext></PostContext>
			<RepeatCount>0</RepeatCount>
		</Warning>
		<Warning>
			<BuildLogLine>416</BuildLogLine>
			<Text>C:\oss\third_party\matio\CMake-hdf5-1.10.1\build\SZIP-prefix\src\SZIP\src\rice.c(3477): warning C4244: '=': conversion from '__int64' to 'long', possible loss of data [C:\oss\third_party\matio\CMake-hdf5-1.10.1\build\SZIP-prefix\src\SZIP-build\src\szip-static.vcxproj] [C:\oss\third_party\matio\CMake-hdf5-1.10.1\build\SZIP.vcxproj]</Text>
			<SourceFile>C:/oss/third_party/matio/CMake-hdf5-1.10.1/build/SZIP-prefix/src/SZIP/src/rice.c</SourceFile>
			<SourceLineNumber>3477</SourceLineNumber>
			<PreContext></PreContext>
			<PostContext></PostContext>
			<RepeatCount>0</RepeatCount>
		</Warning>
		<Warning>
			<BuildLogLine>417</BuildLogLine>
			<Text>C:\oss\third_party\matio\CMake-hdf5-1.10.1\build\SZIP-prefix\src\SZIP\src\rice.c(3561): warning C4244: '=': conversion from '__int64' to 'long', possible loss of data [C:\oss\third_party\matio\CMake-hdf5-1.10.1\build\SZIP-prefix\src\SZIP-build\src\szip-static.vcxproj] [C:\oss\third_party\matio\CMake-hdf5-1.10.1\build\SZIP.vcxproj]</Text>
			<SourceFile>C:/oss/third_party/matio/CMake-hdf5-1.10.1/build/SZIP-prefix/src/SZIP/src/rice.c</SourceFile>
			<SourceLineNumber>3561</SourceLineNumber>
			<PreContext></PreContext>
			<PostContext></PostContext>
			<RepeatCount>0</RepeatCount>
		</Warning>
		<Warning>
			<BuildLogLine>418</BuildLogLine>
			<Text>C:\oss\third_party\matio\CMake-hdf5-1.10.1\build\SZIP-prefix\src\SZIP\src\rice.c(4363): warning C4244: '=': conversion from '__int64' to 'int', possible loss of data [C:\oss\third_party\matio\CMake-hdf5-1.10.1\build\SZIP-prefix\src\SZIP-build\src\szip-static.vcxproj] [C:\oss\third_party\matio\CMake-hdf5-1.10.1\build\SZIP.vcxproj]</Text>
			<SourceFile>C:/oss/third_party/matio/CMake-hdf5-1.10.1/build/SZIP-prefix/src/SZIP/src/rice.c</SourceFile>
			<SourceLineNumber>4363</SourceLineNumber>
			<PreContext></PreContext>
			<PostContext></PostContext>
			<RepeatCount>0</RepeatCount>
		</Warning>
		<Warning>
			<BuildLogLine>419</BuildLogLine>
			<Text>C:\oss\third_party\matio\CMake-hdf5-1.10.1\build\SZIP-prefix\src\SZIP\src\rice.c(5572): warning C4244: '=': conversion from '__int64' to 'long', possible loss of data [C:\oss\third_party\matio\CMake-hdf5-1.10.1\build\SZIP-prefix\src\SZIP-build\src\szip-static.vcxproj] [C:\oss\third_party\matio\CMake-hdf5-1.10.1\build\SZIP.vcxproj]</Text>
			<SourceFile>C:/oss/third_party/matio/CMake-hdf5-1.10.1/build/SZIP-prefix/src/SZIP/src/rice.c</SourceFile>
			<SourceLineNumber>5572</SourceLineNumber>
			<PreContext></PreContext>
			<PostContext></PostContext>
			<RepeatCount>0</RepeatCount>
		</Warning>
		<Warning>
			<BuildLogLine>420</BuildLogLine>
			<Text>C:\oss\third_party\matio\CMake-hdf5-1.10.1\build\SZIP-prefix\src\SZIP\src\rice.c(5576): warning C4244: '=': conversion from '__int64' to 'long', possible loss of data [C:\oss\third_party\matio\CMake-hdf5-1.10.1\build\SZIP-prefix\src\SZIP-build\src\szip-static.vcxproj] [C:\oss\third_party\matio\CMake-hdf5-1.10.1\build\SZIP.vcxproj]</Text>
			<SourceFile>C:/oss/third_party/matio/CMake-hdf5-1.10.1/build/SZIP-prefix/src/SZIP/src/rice.c</SourceFile>
			<SourceLineNumber>5576</SourceLineNumber>
			<PreContext></PreContext>
			<PostContext>    sz_api.c
</PostContext>
			<RepeatCount>0</RepeatCount>
		</Warning>
		<Warning>
			<BuildLogLine>422</BuildLogLine>
			<Text>C:\oss\third_party\matio\CMake-hdf5-1.10.1\build\SZIP-prefix\src\SZIP\src\sz_api.c(140): warning C4018: '&lt;': signed/unsigned mismatch [C:\oss\third_party\matio\CMake-hdf5-1.10.1\build\SZIP-prefix\src\SZIP-build\src\szip-static.vcxproj] [C:\oss\third_party\matio\CMake-hdf5-1.10.1\build\SZIP.vcxproj]</Text>
			<SourceFile>C:/oss/third_party/matio/CMake-hdf5-1.10.1/build/SZIP-prefix/src/SZIP/src/sz_api.c</SourceFile>
			<SourceLineNumber>140</SourceLineNumber>
			<PreContext></PreContext>
			<PostContext></PostContext>
			<RepeatCount>0</RepeatCount>
		</Warning>
		<Warning>
			<BuildLogLine>423</BuildLogLine>
			<Text>C:\oss\third_party\matio\CMake-hdf5-1.10.1\build\SZIP-prefix\src\SZIP\src\sz_api.c(168): warning C4018: '&lt;': signed/unsigned mismatch [C:\oss\third_party\matio\CMake-hdf5-1.10.1\build\SZIP-prefix\src\SZIP-build\src\szip-static.vcxproj] [C:\oss\third_party\matio\CMake-hdf5-1.10.1\build\SZIP.vcxproj]</Text>
			<SourceFile>C:/oss/third_party/matio/CMake-hdf5-1.10.1/build/SZIP-prefix/src/SZIP/src/sz_api.c</SourceFile>
			<SourceLineNumber>168</SourceLineNumber>
			<PreContext></PreContext>
			<PostContext></PostContext>
			<RepeatCount>0</RepeatCount>
		</Warning>
		<Warning>
			<BuildLogLine>424</BuildLogLine>
			<Text>C:\oss\third_party\matio\CMake-hdf5-1.10.1\build\SZIP-prefix\src\SZIP\src\sz_api.c(287): warning C4018: '&lt;': signed/unsigned mismatch [C:\oss\third_party\matio\CMake-hdf5-1.10.1\build\SZIP-prefix\src\SZIP-build\src\szip-static.vcxproj] [C:\oss\third_party\matio\CMake-hdf5-1.10.1\build\SZIP.vcxproj]</Text>
			<SourceFile>C:/oss/third_party/matio/CMake-hdf5-1.10.1/build/SZIP-prefix/src/SZIP/src/sz_api.c</SourceFile>
			<SourceLineNumber>287</SourceLineNumber>
			<PreContext></PreContext>
			<PostContext></PostContext>
			<RepeatCount>0</RepeatCount>
		</Warning>
		<Warning>
			<BuildLogLine>425</BuildLogLine>
			<Text>C:\oss\third_party\matio\CMake-hdf5-1.10.1\build\SZIP-prefix\src\SZIP\src\sz_api.c(299): warning C4244: '=': conversion from '__int64' to 'long', possible loss of data [C:\oss\third_party\matio\CMake-hdf5-1.10.1\build\SZIP-prefix\src\SZIP-build\src\szip-static.vcxproj] [C:\oss\third_party\matio\CMake-hdf5-1.10.1\build\SZIP.vcxproj]</Text>
			<SourceFile>C:/oss/third_party/matio/CMake-hdf5-1.10.1/build/SZIP-prefix/src/SZIP/src/sz_api.c</SourceFile>
			<SourceLineNumber>299</SourceLineNumber>
			<PreContext></PreContext>
			<PostContext></PostContext>
			<RepeatCount>0</RepeatCount>
		</Warning>
		<Warning>
			<BuildLogLine>426</BuildLogLine>
			<Text>C:\oss\third_party\matio\CMake-hdf5-1.10.1\build\SZIP-prefix\src\SZIP\src\sz_api.c(312): warning C4018: '&lt;': signed/unsigned mismatch [C:\oss\third_party\matio\CMake-hdf5-1.10.1\build\SZIP-prefix\src\SZIP-build\src\szip-static.vcxproj] [C:\oss\third_party\matio\CMake-hdf5-1.10.1\build\SZIP.vcxproj]</Text>
			<SourceFile>C:/oss/third_party/matio/CMake-hdf5-1.10.1/build/SZIP-prefix/src/SZIP/src/sz_api.c</SourceFile>
			<SourceLineNumber>312</SourceLineNumber>
			<PreContext></PreContext>
			<PostContext></PostContext>
			<RepeatCount>0</RepeatCount>
		</Warning>
		<Warning>
			<BuildLogLine>427</BuildLogLine>
			<Text>C:\oss\third_party\matio\CMake-hdf5-1.10.1\build\SZIP-prefix\src\SZIP\src\sz_api.c(396): warning C4267: '=': conversion from 'size_t' to 'long', possible loss of data [C:\oss\third_party\matio\CMake-hdf5-1.10.1\build\SZIP-prefix\src\SZIP-build\src\szip-static.vcxproj] [C:\oss\third_party\matio\CMake-hdf5-1.10.1\build\SZIP.vcxproj]</Text>
			<SourceFile>C:/oss/third_party/matio/CMake-hdf5-1.10.1/build/SZIP-prefix/src/SZIP/src/sz_api.c</SourceFile>
			<SourceLineNumber>396</SourceLineNumber>
			<PreContext></PreContext>
			<PostContext></PostContext>
			<RepeatCount>0</RepeatCount>
		</Warning>
		<Warning>
			<BuildLogLine>428</BuildLogLine>
			<Text>C:\oss\third_party\matio\CMake-hdf5-1.10.1\build\SZIP-prefix\src\SZIP\src\sz_api.c(454): warning C4267: '=': conversion from 'size_t' to 'long', possible loss of data [C:\oss\third_party\matio\CMake-hdf5-1.10.1\build\SZIP-prefix\src\SZIP-build\src\szip-static.vcxproj] [C:\oss\third_party\matio\CMake-hdf5-1.10.1\build\SZIP.vcxproj]</Text>
			<SourceFile>C:/oss/third_party/matio/CMake-hdf5-1.10.1/build/SZIP-prefix/src/SZIP/src/sz_api.c</SourceFile>
			<SourceLineNumber>454</SourceLineNumber>
			<PreContext></PreContext>
			<PostContext></PostContext>
			<RepeatCount>0</RepeatCount>
		</Warning>
		<Warning>
			<BuildLogLine>429</BuildLogLine>
			<Text>C:\oss\third_party\matio\CMake-hdf5-1.10.1\build\SZIP-prefix\src\SZIP\src\sz_api.c(456): warning C4267: 'function': conversion from 'size_t' to 'long', possible loss of data [C:\oss\third_party\matio\CMake-hdf5-1.10.1\build\SZIP-prefix\src\SZIP-build\src\szip-static.vcxproj] [C:\oss\third_party\matio\CMake-hdf5-1.10.1\build\SZIP.vcxproj]</Text>
			<SourceFile>C:/oss/third_party/matio/CMake-hdf5-1.10.1/build/SZIP-prefix/src/SZIP/src/sz_api.c</SourceFile>
			<SourceLineNumber>456</SourceLineNumber>
			<PreContext></PreContext>
			<PostContext>    encoding.c
    Generating Code...
  Lib:
    C:\Program Files (x86)\Microsoft Visual Studio 14.0\VC\bin\x86_amd64\Lib.exe /OUT:"C:\oss\third_party\matio\CMake-hdf5-1.10.1\build\bin\Release\libszip.lib" /NOLOGO /MACHINE:X64  /machine:x64 "szip-static.dir\Release\rice.obj"
    "szip-static.dir\Release\sz_api.obj"
    "szip-static.dir\Release\encoding.obj"
    szip-static.vcxproj -&gt; C:\oss\third_party\matio\CMake-hdf5-1.10.1\build\bin\Release\libszip.lib
  FinalizeBuildStatus:
    Deleting file "szip-static.dir\Release\szip-static.tlog\unsuccessfulbuild".
    Touching "szip-static.dir\Release\szip-static.tlog\szip-static.lastbuildstate".</PostContext>
			<RepeatCount>0</RepeatCount>
		</Warning>
		<Warning>
			<BuildLogLine>459</BuildLogLine>
			<Text>C:\oss\third_party\matio\CMake-hdf5-1.10.1\build\SZIP-prefix\src\SZIP\src\rice.c(2443): warning C4244: '=': conversion from '__int64' to 'int', possible loss of data [C:\oss\third_party\matio\CMake-hdf5-1.10.1\build\SZIP-prefix\src\SZIP-build\src\szip-static.vcxproj] [C:\oss\third_party\matio\CMake-hdf5-1.10.1\build\SZIP.vcxproj]</Text>
			<SourceFile>C:/oss/third_party/matio/CMake-hdf5-1.10.1/build/SZIP-prefix/src/SZIP/src/rice.c</SourceFile>
			<SourceLineNumber>2443</SourceLineNumber>
			<PreContext>  FinalizeBuildStatus:
    Deleting file "x64\Release\ALL_BUILD\ALL_BUILD.tlog\unsuccessfulbuild".
    Touching "x64\Release\ALL_BUILD\ALL_BUILD.tlog\ALL_BUILD.lastbuildstate".
  Done Building Project "C:\oss\third_party\matio\CMake-hdf5-1.10.1\build\SZIP-prefix\src\SZIP-build\ALL_BUILD.vcxproj" (default targets).
  
  Build succeeded.
  
  "C:\oss\third_party\matio\CMake-hdf5-1.10.1\build\SZIP-prefix\src\SZIP-build\ALL_BUILD.vcxproj" (default target) (1) -&gt;
  "C:\oss\third_party\matio\CMake-hdf5-1.10.1\build\SZIP-prefix\src\SZIP-build\src\szip-static.vcxproj" (default target) (3) -&gt;
  (ClCompile target) -&gt; 
</PreContext>
			<PostContext></PostContext>
			<RepeatCount>0</RepeatCount>
		</Warning>
		<Warning>
			<BuildLogLine>460</BuildLogLine>
			<Text>C:\oss\third_party\matio\CMake-hdf5-1.10.1\build\SZIP-prefix\src\SZIP\src\rice.c(3227): warning C4244: '=': conversion from '__int64' to 'long', possible loss of data [C:\oss\third_party\matio\CMake-hdf5-1.10.1\build\SZIP-prefix\src\SZIP-build\src\szip-static.vcxproj] [C:\oss\third_party\matio\CMake-hdf5-1.10.1\build\SZIP.vcxproj]</Text>
			<SourceFile>C:/oss/third_party/matio/CMake-hdf5-1.10.1/build/SZIP-prefix/src/SZIP/src/rice.c</SourceFile>
			<SourceLineNumber>3227</SourceLineNumber>
			<PreContext></PreContext>
			<PostContext></PostContext>
			<RepeatCount>0</RepeatCount>
		</Warning>
		<Warning>
			<BuildLogLine>461</BuildLogLine>
			<Text>C:\oss\third_party\matio\CMake-hdf5-1.10.1\build\SZIP-prefix\src\SZIP\src\rice.c(3291): warning C4244: '=': conversion from '__int64' to 'long', possible loss of data [C:\oss\third_party\matio\CMake-hdf5-1.10.1\build\SZIP-prefix\src\SZIP-build\src\szip-static.vcxproj] [C:\oss\third_party\matio\CMake-hdf5-1.10.1\build\SZIP.vcxproj]</Text>
			<SourceFile>C:/oss/third_party/matio/CMake-hdf5-1.10.1/build/SZIP-prefix/src/SZIP/src/rice.c</SourceFile>
			<SourceLineNumber>3291</SourceLineNumber>
			<PreContext></PreContext>
			<PostContext></PostContext>
			<RepeatCount>0</RepeatCount>
		</Warning>
		<Warning>
			<BuildLogLine>462</BuildLogLine>
			<Text>C:\oss\third_party\matio\CMake-hdf5-1.10.1\build\SZIP-prefix\src\SZIP\src\rice.c(3355): warning C4244: '=': conversion from '__int64' to 'long', possible loss of data [C:\oss\third_party\matio\CMake-hdf5-1.10.1\build\SZIP-prefix\src\SZIP-build\src\szip-static.vcxproj] [C:\oss\third_party\matio\CMake-hdf5-1.10.1\build\SZIP.vcxproj]</Text>
			<SourceFile>C:/oss/third_party/matio/CMake-hdf5-1.10.1/build/SZIP-prefix/src/SZIP/src/rice.c</SourceFile>
			<SourceLineNumber>3355</SourceLineNumber>
			<PreContext></PreContext>
			<PostContext></PostContext>
			<RepeatCount>0</RepeatCount>
		</Warning>
		<Warning>
			<BuildLogLine>463</BuildLogLine>
			<Text>C:\oss\third_party\matio\CMake-hdf5-1.10.1\build\SZIP-prefix\src\SZIP\src\rice.c(3477): warning C4244: '=': conversion from '__int64' to 'long', possible loss of data [C:\oss\third_party\matio\CMake-hdf5-1.10.1\build\SZIP-prefix\src\SZIP-build\src\szip-static.vcxproj] [C:\oss\third_party\matio\CMake-hdf5-1.10.1\build\SZIP.vcxproj]</Text>
			<SourceFile>C:/oss/third_party/matio/CMake-hdf5-1.10.1/build/SZIP-prefix/src/SZIP/src/rice.c</SourceFile>
			<SourceLineNumber>3477</SourceLineNumber>
			<PreContext></PreContext>
			<PostContext></PostContext>
			<RepeatCount>0</RepeatCount>
		</Warning>
		<Warning>
			<BuildLogLine>464</BuildLogLine>
			<Text>C:\oss\third_party\matio\CMake-hdf5-1.10.1\build\SZIP-prefix\src\SZIP\src\rice.c(3561): warning C4244: '=': conversion from '__int64' to 'long', possible loss of data [C:\oss\third_party\matio\CMake-hdf5-1.10.1\build\SZIP-prefix\src\SZIP-build\src\szip-static.vcxproj] [C:\oss\third_party\matio\CMake-hdf5-1.10.1\build\SZIP.vcxproj]</Text>
			<SourceFile>C:/oss/third_party/matio/CMake-hdf5-1.10.1/build/SZIP-prefix/src/SZIP/src/rice.c</SourceFile>
			<SourceLineNumber>3561</SourceLineNumber>
			<PreContext></PreContext>
			<PostContext></PostContext>
			<RepeatCount>0</RepeatCount>
		</Warning>
		<Warning>
			<BuildLogLine>465</BuildLogLine>
			<Text>C:\oss\third_party\matio\CMake-hdf5-1.10.1\build\SZIP-prefix\src\SZIP\src\rice.c(4363): warning C4244: '=': conversion from '__int64' to 'int', possible loss of data [C:\oss\third_party\matio\CMake-hdf5-1.10.1\build\SZIP-prefix\src\SZIP-build\src\szip-static.vcxproj] [C:\oss\third_party\matio\CMake-hdf5-1.10.1\build\SZIP.vcxproj]</Text>
			<SourceFile>C:/oss/third_party/matio/CMake-hdf5-1.10.1/build/SZIP-prefix/src/SZIP/src/rice.c</SourceFile>
			<SourceLineNumber>4363</SourceLineNumber>
			<PreContext></PreContext>
			<PostContext></PostContext>
			<RepeatCount>0</RepeatCount>
		</Warning>
		<Warning>
			<BuildLogLine>466</BuildLogLine>
			<Text>C:\oss\third_party\matio\CMake-hdf5-1.10.1\build\SZIP-prefix\src\SZIP\src\rice.c(5572): warning C4244: '=': conversion from '__int64' to 'long', possible loss of data [C:\oss\third_party\matio\CMake-hdf5-1.10.1\build\SZIP-prefix\src\SZIP-build\src\szip-static.vcxproj] [C:\oss\third_party\matio\CMake-hdf5-1.10.1\build\SZIP.vcxproj]</Text>
			<SourceFile>C:/oss/third_party/matio/CMake-hdf5-1.10.1/build/SZIP-prefix/src/SZIP/src/rice.c</SourceFile>
			<SourceLineNumber>5572</SourceLineNumber>
			<PreContext></PreContext>
			<PostContext></PostContext>
			<RepeatCount>0</RepeatCount>
		</Warning>
		<Warning>
			<BuildLogLine>467</BuildLogLine>
			<Text>C:\oss\third_party\matio\CMake-hdf5-1.10.1\build\SZIP-prefix\src\SZIP\src\rice.c(5576): warning C4244: '=': conversion from '__int64' to 'long', possible loss of data [C:\oss\third_party\matio\CMake-hdf5-1.10.1\build\SZIP-prefix\src\SZIP-build\src\szip-static.vcxproj] [C:\oss\third_party\matio\CMake-hdf5-1.10.1\build\SZIP.vcxproj]</Text>
			<SourceFile>C:/oss/third_party/matio/CMake-hdf5-1.10.1/build/SZIP-prefix/src/SZIP/src/rice.c</SourceFile>
			<SourceLineNumber>5576</SourceLineNumber>
			<PreContext></PreContext>
			<PostContext></PostContext>
			<RepeatCount>0</RepeatCount>
		</Warning>
		<Warning>
			<BuildLogLine>468</BuildLogLine>
			<Text>C:\oss\third_party\matio\CMake-hdf5-1.10.1\build\SZIP-prefix\src\SZIP\src\sz_api.c(140): warning C4018: '&lt;': signed/unsigned mismatch [C:\oss\third_party\matio\CMake-hdf5-1.10.1\build\SZIP-prefix\src\SZIP-build\src\szip-static.vcxproj] [C:\oss\third_party\matio\CMake-hdf5-1.10.1\build\SZIP.vcxproj]</Text>
			<SourceFile>C:/oss/third_party/matio/CMake-hdf5-1.10.1/build/SZIP-prefix/src/SZIP/src/sz_api.c</SourceFile>
			<SourceLineNumber>140</SourceLineNumber>
			<PreContext></PreContext>
			<PostContext></PostContext>
			<RepeatCount>0</RepeatCount>
		</Warning>
		<Warning>
			<BuildLogLine>469</BuildLogLine>
			<Text>C:\oss\third_party\matio\CMake-hdf5-1.10.1\build\SZIP-prefix\src\SZIP\src\sz_api.c(168): warning C4018: '&lt;': signed/unsigned mismatch [C:\oss\third_party\matio\CMake-hdf5-1.10.1\build\SZIP-prefix\src\SZIP-build\src\szip-static.vcxproj] [C:\oss\third_party\matio\CMake-hdf5-1.10.1\build\SZIP.vcxproj]</Text>
			<SourceFile>C:/oss/third_party/matio/CMake-hdf5-1.10.1/build/SZIP-prefix/src/SZIP/src/sz_api.c</SourceFile>
			<SourceLineNumber>168</SourceLineNumber>
			<PreContext></PreContext>
			<PostContext></PostContext>
			<RepeatCount>0</RepeatCount>
		</Warning>
		<Warning>
			<BuildLogLine>470</BuildLogLine>
			<Text>C:\oss\third_party\matio\CMake-hdf5-1.10.1\build\SZIP-prefix\src\SZIP\src\sz_api.c(287): warning C4018: '&lt;': signed/unsigned mismatch [C:\oss\third_party\matio\CMake-hdf5-1.10.1\build\SZIP-prefix\src\SZIP-build\src\szip-static.vcxproj] [C:\oss\third_party\matio\CMake-hdf5-1.10.1\build\SZIP.vcxproj]</Text>
			<SourceFile>C:/oss/third_party/matio/CMake-hdf5-1.10.1/build/SZIP-prefix/src/SZIP/src/sz_api.c</SourceFile>
			<SourceLineNumber>287</SourceLineNumber>
			<PreContext></PreContext>
			<PostContext></PostContext>
			<RepeatCount>0</RepeatCount>
		</Warning>
		<Warning>
			<BuildLogLine>471</BuildLogLine>
			<Text>C:\oss\third_party\matio\CMake-hdf5-1.10.1\build\SZIP-prefix\src\SZIP\src\sz_api.c(299): warning C4244: '=': conversion from '__int64' to 'long', possible loss of data [C:\oss\third_party\matio\CMake-hdf5-1.10.1\build\SZIP-prefix\src\SZIP-build\src\szip-static.vcxproj] [C:\oss\third_party\matio\CMake-hdf5-1.10.1\build\SZIP.vcxproj]</Text>
			<SourceFile>C:/oss/third_party/matio/CMake-hdf5-1.10.1/build/SZIP-prefix/src/SZIP/src/sz_api.c</SourceFile>
			<SourceLineNumber>299</SourceLineNumber>
			<PreContext></PreContext>
			<PostContext></PostContext>
			<RepeatCount>0</RepeatCount>
		</Warning>
		<Warning>
			<BuildLogLine>472</BuildLogLine>
			<Text>C:\oss\third_party\matio\CMake-hdf5-1.10.1\build\SZIP-prefix\src\SZIP\src\sz_api.c(312): warning C4018: '&lt;': signed/unsigned mismatch [C:\oss\third_party\matio\CMake-hdf5-1.10.1\build\SZIP-prefix\src\SZIP-build\src\szip-static.vcxproj] [C:\oss\third_party\matio\CMake-hdf5-1.10.1\build\SZIP.vcxproj]</Text>
			<SourceFile>C:/oss/third_party/matio/CMake-hdf5-1.10.1/build/SZIP-prefix/src/SZIP/src/sz_api.c</SourceFile>
			<SourceLineNumber>312</SourceLineNumber>
			<PreContext></PreContext>
			<PostContext></PostContext>
			<RepeatCount>0</RepeatCount>
		</Warning>
		<Warning>
			<BuildLogLine>473</BuildLogLine>
			<Text>C:\oss\third_party\matio\CMake-hdf5-1.10.1\build\SZIP-prefix\src\SZIP\src\sz_api.c(396): warning C4267: '=': conversion from 'size_t' to 'long', possible loss of data [C:\oss\third_party\matio\CMake-hdf5-1.10.1\build\SZIP-prefix\src\SZIP-build\src\szip-static.vcxproj] [C:\oss\third_party\matio\CMake-hdf5-1.10.1\build\SZIP.vcxproj]</Text>
			<SourceFile>C:/oss/third_party/matio/CMake-hdf5-1.10.1/build/SZIP-prefix/src/SZIP/src/sz_api.c</SourceFile>
			<SourceLineNumber>396</SourceLineNumber>
			<PreContext></PreContext>
			<PostContext></PostContext>
			<RepeatCount>0</RepeatCount>
		</Warning>
		<Warning>
			<BuildLogLine>474</BuildLogLine>
			<Text>C:\oss\third_party\matio\CMake-hdf5-1.10.1\build\SZIP-prefix\src\SZIP\src\sz_api.c(454): warning C4267: '=': conversion from 'size_t' to 'long', possible loss of data [C:\oss\third_party\matio\CMake-hdf5-1.10.1\build\SZIP-prefix\src\SZIP-build\src\szip-static.vcxproj] [C:\oss\third_party\matio\CMake-hdf5-1.10.1\build\SZIP.vcxproj]</Text>
			<SourceFile>C:/oss/third_party/matio/CMake-hdf5-1.10.1/build/SZIP-prefix/src/SZIP/src/sz_api.c</SourceFile>
			<SourceLineNumber>454</SourceLineNumber>
			<PreContext></PreContext>
			<PostContext></PostContext>
			<RepeatCount>0</RepeatCount>
		</Warning>
		<Warning>
			<BuildLogLine>475</BuildLogLine>
			<Text>C:\oss\third_party\matio\CMake-hdf5-1.10.1\build\SZIP-prefix\src\SZIP\src\sz_api.c(456): warning C4267: 'function': conversion from 'size_t' to 'long', possible loss of data [C:\oss\third_party\matio\CMake-hdf5-1.10.1\build\SZIP-prefix\src\SZIP-build\src\szip-static.vcxproj] [C:\oss\third_party\matio\CMake-hdf5-1.10.1\build\SZIP.vcxproj]</Text>
			<SourceFile>C:/oss/third_party/matio/CMake-hdf5-1.10.1/build/SZIP-prefix/src/SZIP/src/sz_api.c</SourceFile>
			<SourceLineNumber>456</SourceLineNumber>
			<PreContext></PreContext>
			<PostContext>  
      17 Warning(s)
      0 Error(s)
  
  Time Elapsed 00:00:01.90
  No install step for 'SZIP'
  Completed 'SZIP'
FinalizeBuildStatus:
  Deleting file "x64\Release\SZIP\SZIP.tlog\unsuccessfulbuild".
  Touching "x64\Release\SZIP\SZIP.tlog\SZIP.lastbuildstate".</PostContext>
			<RepeatCount>0</RepeatCount>
		</Warning>
		<Warning>
			<BuildLogLine>749</BuildLogLine>
			<Text>C:\oss\third_party\matio\CMake-hdf5-1.10.1\hdf5-1.10.1\src\H5system.c(980): warning C4244: 'return': conversion from 'double' to 'float', possible loss of data [C:\oss\third_party\matio\CMake-hdf5-1.10.1\build\src\hdf5-static.vcxproj]</Text>
			<SourceFile>src/H5system.c</SourceFile>
			<SourceLineNumber>980</SourceLineNumber>
			<PreContext>  Building Custom Rule /.../hdf5-1.10.1/src/CMakeLists.txt
  CMake does not need to re-run because /.../build/src/CMakeFiles/generate.stamp is up-to-date.
  Generating ../H5Tinit.c
  Generating ../H5lib_settings.c
ClCompile:
  C:\Program Files (x86)\Microsoft Visual Studio 14.0\VC\bin\x86_amd64\CL.exe /c /I"C:\oss\third_party\matio\CMake-hdf5-1.10.1\build" /I"C:\oss\third_party\matio\CMake-hdf5-1.10.1\hdf5-1.10.1\src" /I"C:\oss\third_party\matio\CMake-hdf5-1.10.1\build\bin" /I"C:\oss\third_party\matio\CMake-hdf5-1.10.1\build\ZLIB-prefix\src\ZLIB-build" /I"C:\oss\third_party\matio\CMake-hdf5-1.10.1\build\ZLIB-prefix\src\ZLIB" /I"C:\oss\third_party\matio\CMake-hdf5-1.10.1\build\SZIP-prefix\src\SZIP-build" /I"C:\oss\third_party\matio\CMake-hdf5-1.10.1\build\SZIP-prefix\src\SZIP\src" /nologo /W3 /WX- /O2 /Ob2 /D WIN32 /D _WINDOWS /D NDEBUG /D _BIND_TO_CURRENT_VCLIBS_VERSION=1 /D _CRT_SECURE_NO_WARNINGS /D _CONSOLE /D "CMAKE_INTDIR=\"Release\"" /D _MBCS /Gm- /MD /GS /fp:precise /Zc:wchar_t /Zc:forScope /Zc:inline /Fo"hdf5-static.dir\Release\\" /Fd"C:\oss\third_party\matio\CMake-hdf5-1.10.1\build\bin\Release\libhdf5.pdb" /Gd /TC /errorReport:queue "C:\oss\third_party\matio\CMake-hdf5-1.10.1\hdf5-1.10.1\src\H5.c" "C:\oss\third_party\matio\CMake-hdf5-1.10.1\hdf5-1.10.1\src\H5checksum.c" "C:\oss\third_party\matio\CMake-hdf5-1.10.1\hdf5-1.10.1\src\H5dbg.c" "C:\oss\third_party\matio\CMake-hdf5-1.10.1\hdf5-1.10.1\src\H5system.c" "C:\oss\third_party\matio\CMake-hdf5-1.10.1\hdf5-1.10.1\src\H5timer.c" "C:\oss\third_party\matio\CMake-hdf5-1.10.1\hdf5-1.10.1\src\H5trace.c" "C:\oss\third_party\matio\CMake-hdf5-1.10.1\hdf5-1.10.1\src\H5A.c" "C:\oss\third_party\matio\CMake-hdf5-1.10.1\hdf5-1.10.1\src\H5Abtree2.c" "C:\oss\third_party\matio\CMake-hdf5-1.10.1\hdf5-1.10.1\src\H5Adense.c" "C:\oss\third_party\matio\CMake-hdf5-1.10.1\hdf5-1.10.1\src\H5Adeprec.c" "C:\oss\third_party\matio\CMake-hdf5-1.10.1\hdf5-1.10.1\src\H5Aint.c" "C:\oss\third_party\matio\CMake-hdf5-1.10.1\hdf5-1.10.1\src\H5Atest.c" "C:\oss\third_party\matio\CMake-hdf5-1.10.1\hdf5-1.10.1\src\H5AC.c" "C:\oss\third_party\matio\CMake-hdf5-1.10.1\hdf5-1.10.1\src\H5ACdbg.c" "C:\oss\third_party\matio\CMake-hdf5-1.10.1\hdf5-1.10.1\src\H5AClog.c" "C:\oss\third_party\matio\CMake-hdf5-1.10.1\hdf5-1.10.1\src\H5ACmpio.c" "C:\oss\third_party\matio\CMake-hdf5-1.10.1\hdf5-1.10.1\src\H5ACproxy_entry.c" "C:\oss\third_party\matio\CMake-hdf5-1.10.1\hdf5-1.10.1\src\H5B.c" "C:\oss\third_party\matio\CMake-hdf5-1.10.1\hdf5-1.10.1\src\H5Bcache.c" "C:\oss\third_party\matio\CMake-hdf5-1.10.1\hdf5-1.10.1\src\H5Bdbg.c" "C:\oss\third_party\matio\CMake-hdf5-1.10.1\hdf5-1.10.1\src\H5B2.c" "C:\oss\third_party\matio\CMake-hdf5-1.10.1\hdf5-1.10.1\src\H5B2cache.c" "C:\oss\third_party\matio\CMake-hdf5-1.10.1\hdf5-1.10.1\src\H5B2dbg.c" "C:\oss\third_party\matio\CMake-hdf5-1.10.1\hdf5-1.10.1\src\H5B2hdr.c" "C:\oss\third_party\matio\CMake-hdf5-1.10.1\hdf5-1.10.1\src\H5B2int.c" "C:\oss\third_party\matio\CMake-hdf5-1.10.1\hdf5-1.10.1\src\H5B2internal.c" "C:\oss\third_party\matio\CMake-hdf5-1.10.1\hdf5-1.10.1\src\H5B2leaf.c" "C:\oss\third_party\matio\CMake-hdf5-1.10.1\hdf5-1.10.1\src\H5B2stat.c" "C:\oss\third_party\matio\CMake-hdf5-1.10.1\hdf5-1.10.1\src\H5B2test.c" "C:\oss\third_party\matio\CMake-hdf5-1.10.1\hdf5-1.10.1\src\H5C.c" "C:\oss\third_party\matio\CMake-hdf5-1.10.1\hdf5-1.10.1\src\H5Cdbg.c" "C:\oss\third_party\matio\CMake-hdf5-1.10.1\hdf5-1.10.1\src\H5Cepoch.c" "C:\oss\third_party\matio\CMake-hdf5-1.10.1\hdf5-1.10.1\src\H5Cimage.c" "C:\oss\third_party\matio\CMake-hdf5-1.10.1\hdf5-1.10.1\src\H5Clog.c" "C:\oss\third_party\matio\CMake-hdf5-1.10.1\hdf5-1.10.1\src\H5Cmpio.c" "C:\oss\third_party\matio\CMake-hdf5-1.10.1\hdf5-1.10.1\src\H5Cprefetched.c" "C:\oss\third_party\matio\CMake-hdf5-1.10.1\hdf5-1.10.1\src\H5Cquery.c" "C:\oss\third_party\matio\CMake-hdf5-1.10.1\hdf5-1.10.1\src\H5Ctag.c" "C:\oss\third_party\matio\CMake-hdf5-1.10.1\hdf5-1.10.1\src\H5Ctest.c" "C:\oss\third_party\matio\CMake-hdf5-1.10.1\hdf5-1.10.1\src\H5CS.c" "C:\oss\third_party\matio\CMake-hdf5-1.10.1\hdf5-1.10.1\src\H5D.c" "C:\oss\third_party\matio\CMake-hdf5-1.10.1\hdf5-1.10.1\src\H5Dbtree.c" "C:\oss\third_party\matio\CMake-hdf5-1.10.1\hdf5-1.10.1\src\H5Dbtree2.c" "C:\oss\third_party\matio\CMake-hdf5-1.10.1\hdf5-1.10.1\src\H5Dchunk.c" "C:\oss\third_party\matio\CMake-hdf5-1.10.1\hdf5-1.10.1\src\H5Dcompact.c" "C:\oss\third_party\matio\CMake-hdf5-1.10.1\hdf5-1.10.1\src\H5Dcontig.c" "C:\oss\third_party\matio\CMake-hdf5-1.10.1\hdf5-1.10.1\src\H5Ddbg.c" "C:\oss\third_party\matio\CMake-hdf5-1.10.1\hdf5-1.10.1\src\H5Ddeprec.c" "C:\oss\third_party\matio\CMake-hdf5-1.10.1\hdf5-1.10.1\src\H5Dearray.c" "C:\oss\third_party\matio\CMake-hdf5-1.10.1\hdf5-1.10.1\src\H5Defl.c" "C:\oss\third_party\matio\CMake-hdf5-1.10.1\hdf5-1.10.1\src\H5Dfarray.c" "C:\oss\third_party\matio\CMake-hdf5-1.10.1\hdf5-1.10.1\src\H5Dfill.c" "C:\oss\third_party\matio\CMake-hdf5-1.10.1\hdf5-1.10.1\src\H5Dint.c" "C:\oss\third_party\matio\CMake-hdf5-1.10.1\hdf5-1.10.1\src\H5Dio.c" "C:\oss\third_party\matio\CMake-hdf5-1.10.1\hdf5-1.10.1\src\H5Dlayout.c" "C:\oss\third_party\matio\CMake-hdf5-1.10.1\hdf5-1.10.1\src\H5Dmpio.c" "C:\oss\third_party\matio\CMake-hdf5-1.10.1\hdf5-1.10.1\src\H5Dnone.c" "C:\oss\third_party\matio\CMake-hdf5-1.10.1\hdf5-1.10.1\src\H5Doh.c" "C:\oss\third_party\matio\CMake-hdf5-1.10.1\hdf5-1.10.1\src\H5Dscatgath.c" "C:\oss\third_party\matio\CMake-hdf5-1.10.1\hdf5-1.10.1\src\H5Dselect.c" "C:\oss\third_party\matio\CMake-hdf5-1.10.1\hdf5-1.10.1\src\H5Dsingle.c" "C:\oss\third_party\matio\CMake-hdf5-1.10.1\hdf5-1.10.1\src\H5Dtest.c" "C:\oss\third_party\matio\CMake-hdf5-1.10.1\hdf5-1.10.1\src\H5Dvirtual.c" "C:\oss\third_party\matio\CMake-hdf5-1.10.1\hdf5-1.10.1\src\H5E.c" "C:\oss\third_party\matio\CMake-hdf5-1.10.1\hdf5-1.10.1\src\H5Edeprec.c" "C:\oss\third_party\matio\CMake-hdf5-1.10.1\hdf5-1.10.1\src\H5Eint.c" "C:\oss\third_party\matio\CMake-hdf5-1.10.1\hdf5-1.10.1\src\H5EA.c" "C:\oss\third_party\matio\CMake-hdf5-1.10.1\hdf5-1.10.1\src\H5EAcache.c" "C:\oss\third_party\matio\CMake-hdf5-1.10.1\hdf5-1.10.1\src\H5EAdbg.c" "C:\oss\third_party\matio\CMake-hdf5-1.10.1\hdf5-1.10.1\src\H5EAdblkpage.c" "C:\oss\third_party\matio\CMake-hdf5-1.10.1\hdf5-1.10.1\src\H5EAdblock.c" "C:\oss\third_party\matio\CMake-hdf5-1.10.1\hdf5-1.10.1\src\H5EAhdr.c" "C:\oss\third_party\matio\CMake-hdf5-1.10.1\hdf5-1.10.1\src\H5EAiblock.c" "C:\oss\third_party\matio\CMake-hdf5-1.10.1\hdf5-1.10.1\src\H5EAint.c" "C:\oss\third_party\matio\CMake-hdf5-1.10.1\hdf5-1.10.1\src\H5EAsblock.c" "C:\oss\third_party\matio\CMake-hdf5-1.10.1\hdf5-1.10.1\src\H5EAstat.c" "C:\oss\third_party\matio\CMake-hdf5-1.10.1\hdf5-1.10.1\src\H5EAtest.c" "C:\oss\third_party\matio\CMake-hdf5-1.10.1\hdf5-1.10.1\src\H5F.c" "C:\oss\third_party\matio\CMake-hdf5-1.10.1\hdf5-1.10.1\src\H5Faccum.c" "C:\oss\third_party\matio\CMake-hdf5-1.10.1\hdf5-1.10.1\src\H5Fcwfs.c" "C:\oss\third_party\matio\CMake-hdf5-1.10.1\hdf5-1.10.1\src\H5Fdbg.c" "C:\oss\third_party\matio\CMake-hdf5-1.10.1\hdf5-1.10.1\src\H5Fdeprec.c" "C:\oss\third_party\matio\CMake-hdf5-1.10.1\hdf5-1.10.1\src\H5Fefc.c" "C:\oss\third_party\matio\CMake-hdf5-1.10.1\hdf5-1.10.1\src\H5Ffake.c" "C:\oss\third_party\matio\CMake-hdf5-1.10.1\hdf5-1.10.1\src\H5Fint.c" "C:\oss\third_party\matio\CMake-hdf5-1.10.1\hdf5-1.10.1\src\H5Fio.c" "C:\oss\third_party\matio\CMake-hdf5-1.10.1\hdf5-1.10.1\src\H5Fmount.c" "C:\oss\third_party\matio\CMake-hdf5-1.10.1\hdf5-1.10.1\src\H5Fmpi.c" "C:\oss\third_party\matio\CMake-hdf5-1.10.1\hdf5-1.10.1\src\H5Fquery.c" "C:\oss\third_party\matio\CMake-hdf5-1.10.1\hdf5-1.10.1\src\H5Fsfile.c" "C:\oss\third_party\matio\CMake-hdf5-1.10.1\hdf5-1.10.1\src\H5Fspace.c" "C:\oss\third_party\matio\CMake-hdf5-1.10.1\hdf5-1.10.1\src\H5Fsuper.c" "C:\oss\third_party\matio\CMake-hdf5-1.10.1\hdf5-1.10.1\src\H5Fsuper_cache.c" "C:\oss\third_party\matio\CMake-hdf5-1.10.1\hdf5-1.10.1\src\H5Ftest.c" "C:\oss\third_party\matio\CMake-hdf5-1.10.1\hdf5-1.10.1\src\H5FA.c" "C:\oss\third_party\matio\CMake-hdf5-1.10.1\hdf5-1.10.1\src\H5FAcache.c" "C:\oss\third_party\matio\CMake-hdf5-1.10.1\hdf5-1.10.1\src\H5FAdbg.c" "C:\oss\third_party\matio\CMake-hdf5-1.10.1\hdf5-1.10.1\src\H5FAdblkpage.c" "C:\oss\third_party\matio\CMake-hdf5-1.10.1\hdf5-1.10.1\src\H5FAdblock.c" "C:\oss\third_party\matio\CMake-hdf5-1.10.1\hdf5-1.10.1\src\H5FAhdr.c" "C:\oss\third_party\matio\CMake-hdf5-1.10.1\hdf5-1.10.1\src\H5FAint.c" "C:\oss\third_party\matio\CMake-hdf5-1.10.1\hdf5-1.10.1\src\H5FAstat.c" "C:\oss\third_party\matio\CMake-hdf5-1.10.1\hdf5-1.10.1\src\H5FAtest.c" "C:\oss\third_party\matio\CMake-hdf5-1.10.1\hdf5-1.10.1\src\H5FD.c" "C:\oss\third_party\matio\CMake-hdf5-1.10.1\hdf5-1.10.1\src\H5FDcore.c" "C:\oss\third_party\matio\CMake-hdf5-1.10.1\hdf5-1.10.1\src\H5FDdirect.c" "C:\oss\third_party\matio\CMake-hdf5-1.10.1\hdf5-1.10.1\src\H5FDfamily.c" "C:\oss\third_party\matio\CMake-hdf5-1.10.1\hdf5-1.10.1\src\H5FDint.c" "C:\oss\third_party\matio\CMake-hdf5-1.10.1\hdf5-1.10.1\src\H5FDlog.c" "C:\oss\third_party\matio\CMake-hdf5-1.10.1\hdf5-1.10.1\src\H5FDmpi.c" "C:\oss\third_party\matio\CMake-hdf5-1.10.1\hdf5-1.10.1\src\H5FDmpio.c" "C:\oss\third_party\matio\CMake-hdf5-1.10.1\hdf5-1.10.1\src\H5FDmulti.c" "C:\oss\third_party\matio\CMake-hdf5-1.10.1\hdf5-1.10.1\src\H5FDsec2.c" "C:\oss\third_party\matio\CMake-hdf5-1.10.1\hdf5-1.10.1\src\H5FDspace.c" "C:\oss\third_party\matio\CMake-hdf5-1.10.1\hdf5-1.10.1\src\H5FDstdio.c" "C:\oss\third_party\matio\CMake-hdf5-1.10.1\hdf5-1.10.1\src\H5FDtest.c" "C:\oss\third_party\matio\CMake-hdf5-1.10.1\hdf5-1.10.1\src\H5FDwindows.c" "C:\oss\third_party\matio\CMake-hdf5-1.10.1\hdf5-1.10.1\src\H5FL.c" "C:\oss\third_party\matio\CMake-hdf5-1.10.1\hdf5-1.10.1\src\H5FO.c" "C:\oss\third_party\matio\CMake-hdf5-1.10.1\hdf5-1.10.1\src\H5FS.c" "C:\oss\third_party\matio\CMake-hdf5-1.10.1\hdf5-1.10.1\src\H5FScache.c" "C:\oss\third_party\matio\CMake-hdf5-1.10.1\hdf5-1.10.1\src\H5FSdbg.c" "C:\oss\third_party\matio\CMake-hdf5-1.10.1\hdf5-1.10.1\src\H5FSint.c" "C:\oss\third_party\matio\CMake-hdf5-1.10.1\hdf5-1.10.1\src\H5FSsection.c" "C:\oss\third_party\matio\CMake-hdf5-1.10.1\hdf5-1.10.1\src\H5FSstat.c" "C:\oss\third_party\matio\CMake-hdf5-1.10.1\hdf5-1.10.1\src\H5FStest.c" "C:\oss\third_party\matio\CMake-hdf5-1.10.1\hdf5-1.10.1\src\H5G.c" "C:\oss\third_party\matio\CMake-hdf5-1.10.1\hdf5-1.10.1\src\H5Gbtree2.c" "C:\oss\third_party\matio\CMake-hdf5-1.10.1\hdf5-1.10.1\src\H5Gcache.c" "C:\oss\third_party\matio\CMake-hdf5-1.10.1\hdf5-1.10.1\src\H5Gcompact.c" "C:\oss\third_party\matio\CMake-hdf5-1.10.1\hdf5-1.10.1\src\H5Gdense.c" "C:\oss\third_party\matio\CMake-hdf5-1.10.1\hdf5-1.10.1\src\H5Gdeprec.c" "C:\oss\third_party\matio\CMake-hdf5-1.10.1\hdf5-1.10.1\src\H5Gent.c" "C:\oss\third_party\matio\CMake-hdf5-1.10.1\hdf5-1.10.1\src\H5Gint.c" "C:\oss\third_party\matio\CMake-hdf5-1.10.1\hdf5-1.10.1\src\H5Glink.c" "C:\oss\third_party\matio\CMake-hdf5-1.10.1\hdf5-1.10.1\src\H5Gloc.c" "C:\oss\third_party\matio\CMake-hdf5-1.10.1\hdf5-1.10.1\src\H5Gname.c" "C:\oss\third_party\matio\CMake-hdf5-1.10.1\hdf5-1.10.1\src\H5Gnode.c" "C:\oss\third_party\matio\CMake-hdf5-1.10.1\hdf5-1.10.1\src\H5Gobj.c" "C:\oss\third_party\matio\CMake-hdf5-1.10.1\hdf5-1.10.1\src\H5Goh.c" "C:\oss\third_party\matio\CMake-hdf5-1.10.1\hdf5-1.10.1\src\H5Groot.c" "C:\oss\third_party\matio\CMake-hdf5-1.10.1\hdf5-1.10.1\src\H5Gstab.c" "C:\oss\third_party\matio\CMake-hdf5-1.10.1\hdf5-1.10.1\src\H5Gtest.c" "C:\oss\third_party\matio\CMake-hdf5-1.10.1\hdf5-1.10.1\src\H5Gtraverse.c" "C:\oss\third_party\matio\CMake-hdf5-1.10.1\hdf5-1.10.1\src\H5HF.c" "C:\oss\third_party\matio\CMake-hdf5-1.10.1\hdf5-1.10.1\src\H5HFbtree2.c" "C:\oss\third_party\matio\CMake-hdf5-1.10.1\hdf5-1.10.1\src\H5HFcache.c" "C:\oss\third_party\matio\CMake-hdf5-1.10.1\hdf5-1.10.1\src\H5HFdbg.c" "C:\oss\third_party\matio\CMake-hdf5-1.10.1\hdf5-1.10.1\src\H5HFdblock.c" "C:\oss\third_party\matio\CMake-hdf5-1.10.1\hdf5-1.10.1\src\H5HFdtable.c" "C:\oss\third_party\matio\CMake-hdf5-1.10.1\hdf5-1.10.1\src\H5HFhdr.c" "C:\oss\third_party\matio\CMake-hdf5-1.10.1\hdf5-1.10.1\src\H5HFhuge.c" "C:\oss\third_party\matio\CMake-hdf5-1.10.1\hdf5-1.10.1\src\H5HFiblock.c" "C:\oss\third_party\matio\CMake-hdf5-1.10.1\hdf5-1.10.1\src\H5HFiter.c" "C:\oss\third_party\matio\CMake-hdf5-1.10.1\hdf5-1.10.1\src\H5HFman.c" "C:\oss\third_party\matio\CMake-hdf5-1.10.1\hdf5-1.10.1\src\H5HFsection.c" "C:\oss\third_party\matio\CMake-hdf5-1.10.1\hdf5-1.10.1\src\H5HFspace.c" "C:\oss\third_party\matio\CMake-hdf5-1.10.1\hdf5-1.10.1\src\H5HFstat.c" "C:\oss\third_party\matio\CMake-hdf5-1.10.1\hdf5-1.10.1\src\H5HFtest.c" "C:\oss\third_party\matio\CMake-hdf5-1.10.1\hdf5-1.10.1\src\H5HFtiny.c" "C:\oss\third_party\matio\CMake-hdf5-1.10.1\hdf5-1.10.1\src\H5HG.c" "C:\oss\third_party\matio\CMake-hdf5-1.10.1\hdf5-1.10.1\src\H5HGcache.c" "C:\oss\third_party\matio\CMake-hdf5-1.10.1\hdf5-1.10.1\src\H5HGdbg.c" "C:\oss\third_party\matio\CMake-hdf5-1.10.1\hdf5-1.10.1\src\H5HGquery.c" "C:\oss\third_party\matio\CMake-hdf5-1.10.1\hdf5-1.10.1\src\H5HL.c" "C:\oss\third_party\matio\CMake-hdf5-1.10.1\hdf5-1.10.1\src\H5HLcache.c" "C:\oss\third_party\matio\CMake-hdf5-1.10.1\hdf5-1.10.1\src\H5HLdbg.c" "C:\oss\third_party\matio\CMake-hdf5-1.10.1\hdf5-1.10.1\src\H5HLdblk.c" "C:\oss\third_party\matio\CMake-hdf5-1.10.1\hdf5-1.10.1\src\H5HLint.c" "C:\oss\third_party\matio\CMake-hdf5-1.10.1\hdf5-1.10.1\src\H5HLprfx.c" "C:\oss\third_party\matio\CMake-hdf5-1.10.1\hdf5-1.10.1\src\H5HP.c" "C:\oss\third_party\matio\CMake-hdf5-1.10.1\hdf5-1.10.1\src\H5I.c" "C:\oss\third_party\matio\CMake-hdf5-1.10.1\hdf5-1.10.1\src\H5Itest.c" "C:\oss\third_party\matio\CMake-hdf5-1.10.1\hdf5-1.10.1\src\H5L.c" "C:\oss\third_party\matio\CMake-hdf5-1.10.1\hdf5-1.10.1\src\H5Lexternal.c" "C:\oss\third_party\matio\CMake-hdf5-1.10.1\hdf5-1.10.1\src\H5MF.c" "C:\oss\third_party\matio\CMake-hdf5-1.10.1\hdf5-1.10.1\src\H5MFaggr.c" "C:\oss\third_party\matio\CMake-hdf5-1.10.1\hdf5-1.10.1\src\H5MFdbg.c" "C:\oss\third_party\matio\CMake-hdf5-1.10.1\hdf5-1.10.1\src\H5MFsection.c" "C:\oss\third_party\matio\CMake-hdf5-1.10.1\hdf5-1.10.1\src\H5MM.c" "C:\oss\third_party\matio\CMake-hdf5-1.10.1\hdf5-1.10.1\src\H5MP.c" "C:\oss\third_party\matio\CMake-hdf5-1.10.1\hdf5-1.10.1\src\H5MPtest.c" "C:\oss\third_party\matio\CMake-hdf5-1.10.1\hdf5-1.10.1\src\H5O.c" "C:\oss\third_party\matio\CMake-hdf5-1.10.1\hdf5-1.10.1\src\H5Oainfo.c" "C:\oss\third_party\matio\CMake-hdf5-1.10.1\hdf5-1.10.1\src\H5Oalloc.c" "C:\oss\third_party\matio\CMake-hdf5-1.10.1\hdf5-1.10.1\src\H5Oattr.c" "C:\oss\third_party\matio\CMake-hdf5-1.10.1\hdf5-1.10.1\src\H5Oattribute.c" "C:\oss\third_party\matio\CMake-hdf5-1.10.1\hdf5-1.10.1\src\H5Obogus.c" "C:\oss\third_party\matio\CMake-hdf5-1.10.1\hdf5-1.10.1\src\H5Obtreek.c" "C:\oss\third_party\matio\CMake-hdf5-1.10.1\hdf5-1.10.1\src\H5Ocache.c" "C:\oss\third_party\matio\CMake-hdf5-1.10.1\hdf5-1.10.1\src\H5Ocache_image.c" "C:\oss\third_party\matio\CMake-hdf5-1.10.1\hdf5-1.10.1\src\H5Ochunk.c" "C:\oss\third_party\matio\CMake-hdf5-1.10.1\hdf5-1.10.1\src\H5Ocont.c" "C:\oss\third_party\matio\CMake-hdf5-1.10.1\hdf5-1.10.1\src\H5Ocopy.c" "C:\oss\third_party\matio\CMake-hdf5-1.10.1\hdf5-1.10.1\src\H5Odbg.c" "C:\oss\third_party\matio\CMake-hdf5-1.10.1\hdf5-1.10.1\src\H5Odrvinfo.c" "C:\oss\third_party\matio\CMake-hdf5-1.10.1\hdf5-1.10.1\src\H5Odtype.c" "C:\oss\third_party\matio\CMake-hdf5-1.10.1\hdf5-1.10.1\src\H5Oefl.c" "C:\oss\third_party\matio\CMake-hdf5-1.10.1\hdf5-1.10.1\src\H5Ofill.c" "C:\oss\third_party\matio\CMake-hdf5-1.10.1\hdf5-1.10.1\src\H5Oflush.c" "C:\oss\third_party\matio\CMake-hdf5-1.10.1\hdf5-1.10.1\src\H5Ofsinfo.c" "C:\oss\third_party\matio\CMake-hdf5-1.10.1\hdf5-1.10.1\src\H5Oginfo.c" "C:\oss\third_party\matio\CMake-hdf5-1.10.1\hdf5-1.10.1\src\H5Olayout.c" "C:\oss\third_party\matio\CMake-hdf5-1.10.1\hdf5-1.10.1\src\H5Olinfo.c" "C:\oss\third_party\matio\CMake-hdf5-1.10.1\hdf5-1.10.1\src\H5Olink.c" "C:\oss\third_party\matio\CMake-hdf5-1.10.1\hdf5-1.10.1\src\H5Omessage.c" "C:\oss\third_party\matio\CMake-hdf5-1.10.1\hdf5-1.10.1\src\H5Omtime.c" "C:\oss\third_party\matio\CMake-hdf5-1.10.1\hdf5-1.10.1\src\H5Oname.c" "C:\oss\third_party\matio\CMake-hdf5-1.10.1\hdf5-1.10.1\src\H5Onull.c" "C:\oss\third_party\matio\CMake-hdf5-1.10.1\hdf5-1.10.1\src\H5Opline.c" "C:\oss\third_party\matio\CMake-hdf5-1.10.1\hdf5-1.10.1\src\H5Orefcount.c" "C:\oss\third_party\matio\CMake-hdf5-1.10.1\hdf5-1.10.1\src\H5Osdspace.c" "C:\oss\third_party\matio\CMake-hdf5-1.10.1\hdf5-1.10.1\src\H5Oshared.c" "C:\oss\third_party\matio\CMake-hdf5-1.10.1\hdf5-1.10.1\src\H5Oshmesg.c" "C:\oss\third_party\matio\CMake-hdf5-1.10.1\hdf5-1.10.1\src\H5Ostab.c" "C:\oss\third_party\matio\CMake-hdf5-1.10.1\hdf5-1.10.1\src\H5Otest.c" "C:\oss\third_party\matio\CMake-hdf5-1.10.1\hdf5-1.10.1\src\H5Ounknown.c" "C:\oss\third_party\matio\CMake-hdf5-1.10.1\hdf5-1.10.1\src\H5P.c" "C:\oss\third_party\matio\CMake-hdf5-1.10.1\hdf5-1.10.1\src\H5Pacpl.c" "C:\oss\third_party\matio\CMake-hdf5-1.10.1\hdf5-1.10.1\src\H5Pdapl.c" "C:\oss\third_party\matio\CMake-hdf5-1.10.1\hdf5-1.10.1\src\H5Pdcpl.c" "C:\oss\third_party\matio\CMake-hdf5-1.10.1\hdf5-1.10.1\src\H5Pdeprec.c" "C:\oss\third_party\matio\CMake-hdf5-1.10.1\hdf5-1.10.1\src\H5Pdxpl.c" "C:\oss\third_party\matio\CMake-hdf5-1.10.1\hdf5-1.10.1\src\H5Pencdec.c" "C:\oss\third_party\matio\CMake-hdf5-1.10.1\hdf5-1.10.1\src\H5Pfapl.c" "C:\oss\third_party\matio\CMake-hdf5-1.10.1\hdf5-1.10.1\src\H5Pfcpl.c" "C:\oss\third_party\matio\CMake-hdf5-1.10.1\hdf5-1.10.1\src\H5Pfmpl.c" "C:\oss\third_party\matio\CMake-hdf5-1.10.1\hdf5-1.10.1\src\H5Pgcpl.c" "C:\oss\third_party\matio\CMake-hdf5-1.10.1\hdf5-1.10.1\src\H5Pint.c" "C:\oss\third_party\matio\CMake-hdf5-1.10.1\hdf5-1.10.1\src\H5Plapl.c" "C:\oss\third_party\matio\CMake-hdf5-1.10.1\hdf5-1.10.1\src\H5Plcpl.c" "C:\oss\third_party\matio\CMake-hdf5-1.10.1\hdf5-1.10.1\src\H5Pocpl.c" "C:\oss\third_party\matio\CMake-hdf5-1.10.1\hdf5-1.10.1\src\H5Pocpypl.c" "C:\oss\third_party\matio\CMake-hdf5-1.10.1\hdf5-1.10.1\src\H5Pstrcpl.c" "C:\oss\third_party\matio\CMake-hdf5-1.10.1\hdf5-1.10.1\src\H5Ptest.c" "C:\oss\third_party\matio\CMake-hdf5-1.10.1\hdf5-1.10.1\src\H5PB.c" "C:\oss\third_party\matio\CMake-hdf5-1.10.1\hdf5-1.10.1\src\H5PL.c" "C:\oss\third_party\matio\CMake-hdf5-1.10.1\hdf5-1.10.1\src\H5R.c" "C:\oss\third_party\matio\CMake-hdf5-1.10.1\hdf5-1.10.1\src\H5Rdeprec.c" "C:\oss\third_party\matio\CMake-hdf5-1.10.1\hdf5-1.10.1\src\H5UC.c" "C:\oss\third_party\matio\CMake-hdf5-1.10.1\hdf5-1.10.1\src\H5RS.c" "C:\oss\third_party\matio\CMake-hdf5-1.10.1\hdf5-1.10.1\src\H5S.c" "C:\oss\third_party\matio\CMake-hdf5-1.10.1\hdf5-1.10.1\src\H5Sall.c" "C:\oss\third_party\matio\CMake-hdf5-1.10.1\hdf5-1.10.1\src\H5Sdbg.c" "C:\oss\third_party\matio\CMake-hdf5-1.10.1\hdf5-1.10.1\src\H5Shyper.c" "C:\oss\third_party\matio\CMake-hdf5-1.10.1\hdf5-1.10.1\src\H5Smpio.c" "C:\oss\third_party\matio\CMake-hdf5-1.10.1\hdf5-1.10.1\src\H5Snone.c" "C:\oss\third_party\matio\CMake-hdf5-1.10.1\hdf5-1.10.1\src\H5Spoint.c" "C:\oss\third_party\matio\CMake-hdf5-1.10.1\hdf5-1.10.1\src\H5Sselect.c" "C:\oss\third_party\matio\CMake-hdf5-1.10.1\hdf5-1.10.1\src\H5Stest.c" "C:\oss\third_party\matio\CMake-hdf5-1.10.1\hdf5-1.10.1\src\H5SL.c" "C:\oss\third_party\matio\CMake-hdf5-1.10.1\hdf5-1.10.1\src\H5SM.c" "C:\oss\third_party\matio\CMake-hdf5-1.10.1\hdf5-1.10.1\src\H5SMbtree2.c" "C:\oss\third_party\matio\CMake-hdf5-1.10.1\hdf5-1.10.1\src\H5SMcache.c" "C:\oss\third_party\matio\CMake-hdf5-1.10.1\hdf5-1.10.1\src\H5SMmessage.c" "C:\oss\third_party\matio\CMake-hdf5-1.10.1\hdf5-1.10.1\src\H5SMtest.c" "C:\oss\third_party\matio\CMake-hdf5-1.10.1\hdf5-1.10.1\src\H5ST.c" "C:\oss\third_party\matio\CMake-hdf5-1.10.1\hdf5-1.10.1\src\H5T.c" "C:\oss\third_party\matio\CMake-hdf5-1.10.1\hdf5-1.10.1\src\H5Tarray.c" "C:\oss\third_party\matio\CMake-hdf5-1.10.1\hdf5-1.10.1\src\H5Tbit.c" "C:\oss\third_party\matio\CMake-hdf5-1.10.1\hdf5-1.10.1\src\H5Tcommit.c" "C:\oss\third_party\matio\CMake-hdf5-1.10.1\hdf5-1.10.1\src\H5Tcompound.c" "C:\oss\third_party\matio\CMake-hdf5-1.10.1\hdf5-1.10.1\src\H5Tconv.c" "C:\oss\third_party\matio\CMake-hdf5-1.10.1\hdf5-1.10.1\src\H5Tcset.c" "C:\oss\third_party\matio\CMake-hdf5-1.10.1\hdf5-1.10.1\src\H5Tdbg.c" "C:\oss\third_party\matio\CMake-hdf5-1.10.1\hdf5-1.10.1\src\H5Tdeprec.c" "C:\oss\third_party\matio\CMake-hdf5-1.10.1\hdf5-1.10.1\src\H5Tenum.c" "C:\oss\third_party\matio\CMake-hdf5-1.10.1\hdf5-1.10.1\src\H5Tfields.c" "C:\oss\third_party\matio\CMake-hdf5-1.10.1\hdf5-1.10.1\src\H5Tfixed.c" "C:\oss\third_party\matio\CMake-hdf5-1.10.1\hdf5-1.10.1\src\H5Tfloat.c" "C:\oss\third_party\matio\CMake-hdf5-1.10.1\hdf5-1.10.1\src\H5Tnative.c" "C:\oss\third_party\matio\CMake-hdf5-1.10.1\hdf5-1.10.1\src\H5Toffset.c" "C:\oss\third_party\matio\CMake-hdf5-1.10.1\hdf5-1.10.1\src\H5Toh.c" "C:\oss\third_party\matio\CMake-hdf5-1.10.1\hdf5-1.10.1\src\H5Topaque.c" "C:\oss\third_party\matio\CMake-hdf5-1.10.1\hdf5-1.10.1\src\H5Torder.c" "C:\oss\third_party\matio\CMake-hdf5-1.10.1\hdf5-1.10.1\src\H5Tpad.c" "C:\oss\third_party\matio\CMake-hdf5-1.10.1\hdf5-1.10.1\src\H5Tprecis.c" "C:\oss\third_party\matio\CMake-hdf5-1.10.1\hdf5-1.10.1\src\H5Tstrpad.c" "C:\oss\third_party\matio\CMake-hdf5-1.10.1\hdf5-1.10.1\src\H5Tvisit.c" "C:\oss\third_party\matio\CMake-hdf5-1.10.1\hdf5-1.10.1\src\H5Tvlen.c" "C:\oss\third_party\matio\CMake-hdf5-1.10.1\hdf5-1.10.1\src\H5TS.c" "C:\oss\third_party\matio\CMake-hdf5-1.10.1\hdf5-1.10.1\src\H5VM.c" "C:\oss\third_party\matio\CMake-hdf5-1.10.1\hdf5-1.10.1\src\H5WB.c" "C:\oss\third_party\matio\CMake-hdf5-1.10.1\hdf5-1.10.1\src\H5Z.c" "C:\oss\third_party\matio\CMake-hdf5-1.10.1\hdf5-1.10.1\src\H5Zdeflate.c" "C:\oss\third_party\matio\CMake-hdf5-1.10.1\hdf5-1.10.1\src\H5Zfletcher32.c" "C:\oss\third_party\matio\CMake-hdf5-1.10.1\hdf5-1.10.1\src\H5Znbit.c" "C:\oss\third_party\matio\CMake-hdf5-1.10.1\hdf5-1.10.1\src\H5Zscaleoffset.c" "C:\oss\third_party\matio\CMake-hdf5-1.10.1\hdf5-1.10.1\src\H5Zshuffle.c" "C:\oss\third_party\matio\CMake-hdf5-1.10.1\hdf5-1.10.1\src\H5Zszip.c" "C:\oss\third_party\matio\CMake-hdf5-1.10.1\hdf5-1.10.1\src\H5Ztrans.c" "C:\oss\third_party\matio\CMake-hdf5-1.10.1\build\H5Tinit.c" "C:\oss\third_party\matio\CMake-hdf5-1.10.1\build\H5lib_settings.c"
  H5.c
  H5checksum.c
  H5dbg.c
  H5system.c
</PreContext>
			<PostContext>  H5timer.c
  H5trace.c
</PostContext>
			<RepeatCount>0</RepeatCount>
		</Warning>
		<Warning>
			<BuildLogLine>752</BuildLogLine>
			<Text>C:\oss\third_party\matio\CMake-hdf5-1.10.1\hdf5-1.10.1\src\H5trace.c(250): warning C4311: 'type cast': pointer truncation from 'void *' to 'unsigned long' [C:\oss\third_party\matio\CMake-hdf5-1.10.1\build\src\hdf5-static.vcxproj]</Text>
			<SourceFile>src/H5trace.c</SourceFile>
			<SourceLineNumber>250</SourceLineNumber>
			<PreContext></PreContext>
			<PostContext></PostContext>
			<RepeatCount>0</RepeatCount>
		</Warning>
		<Warning>
			<BuildLogLine>753</BuildLogLine>
			<Text>C:\oss\third_party\matio\CMake-hdf5-1.10.1\hdf5-1.10.1\src\H5trace.c(264): warning C4311: 'type cast': pointer truncation from 'void *' to 'unsigned long' [C:\oss\third_party\matio\CMake-hdf5-1.10.1\build\src\hdf5-static.vcxproj]</Text>
			<SourceFile>src/H5trace.c</SourceFile>
			<SourceLineNumber>264</SourceLineNumber>
			<PreContext></PreContext>
			<PostContext></PostContext>
			<RepeatCount>0</RepeatCount>
		</Warning>
		<Warning>
			<BuildLogLine>754</BuildLogLine>
			<Text>C:\oss\third_party\matio\CMake-hdf5-1.10.1\hdf5-1.10.1\src\H5trace.c(283): warning C4311: 'type cast': pointer truncation from 'void *' to 'unsigned long' [C:\oss\third_party\matio\CMake-hdf5-1.10.1\build\src\hdf5-static.vcxproj]</Text>
			<SourceFile>src/H5trace.c</SourceFile>
			<SourceLineNumber>283</SourceLineNumber>
			<PreContext></PreContext>
			<PostContext></PostContext>
			<RepeatCount>0</RepeatCount>
		</Warning>
		<Warning>
			<BuildLogLine>755</BuildLogLine>
			<Text>C:\oss\third_party\matio\CMake-hdf5-1.10.1\hdf5-1.10.1\src\H5trace.c(299): warning C4311: 'type cast': pointer truncation from 'void *' to 'unsigned long' [C:\oss\third_party\matio\CMake-hdf5-1.10.1\build\src\hdf5-static.vcxproj]</Text>
			<SourceFile>src/H5trace.c</SourceFile>
			<SourceLineNumber>299</SourceLineNumber>
			<PreContext></PreContext>
			<PostContext></PostContext>
			<RepeatCount>0</RepeatCount>
		</Warning>
		<Warning>
			<BuildLogLine>756</BuildLogLine>
			<Text>C:\oss\third_party\matio\CMake-hdf5-1.10.1\hdf5-1.10.1\src\H5trace.c(337): warning C4311: 'type cast': pointer truncation from 'void *' to 'unsigned long' [C:\oss\third_party\matio\CMake-hdf5-1.10.1\build\src\hdf5-static.vcxproj]</Text>
			<SourceFile>src/H5trace.c</SourceFile>
			<SourceLineNumber>337</SourceLineNumber>
			<PreContext></PreContext>
			<PostContext></PostContext>
			<RepeatCount>0</RepeatCount>
		</Warning>
		<Warning>
			<BuildLogLine>757</BuildLogLine>
			<Text>C:\oss\third_party\matio\CMake-hdf5-1.10.1\hdf5-1.10.1\src\H5trace.c(363): warning C4311: 'type cast': pointer truncation from 'void *' to 'unsigned long' [C:\oss\third_party\matio\CMake-hdf5-1.10.1\build\src\hdf5-static.vcxproj]</Text>
			<SourceFile>src/H5trace.c</SourceFile>
			<SourceLineNumber>363</SourceLineNumber>
			<PreContext></PreContext>
			<PostContext></PostContext>
			<RepeatCount>0</RepeatCount>
		</Warning>
		<Warning>
			<BuildLogLine>758</BuildLogLine>
			<Text>C:\oss\third_party\matio\CMake-hdf5-1.10.1\hdf5-1.10.1\src\H5trace.c(397): warning C4311: 'type cast': pointer truncation from 'void *' to 'unsigned long' [C:\oss\third_party\matio\CMake-hdf5-1.10.1\build\src\hdf5-static.vcxproj]</Text>
			<SourceFile>src/H5trace.c</SourceFile>
			<SourceLineNumber>397</SourceLineNumber>
			<PreContext></PreContext>
			<PostContext></PostContext>
			<RepeatCount>0</RepeatCount>
		</Warning>
		<Warning>
			<BuildLogLine>759</BuildLogLine>
			<Text>C:\oss\third_party\matio\CMake-hdf5-1.10.1\hdf5-1.10.1\src\H5trace.c(431): warning C4311: 'type cast': pointer truncation from 'void *' to 'unsigned long' [C:\oss\third_party\matio\CMake-hdf5-1.10.1\build\src\hdf5-static.vcxproj]</Text>
			<SourceFile>src/H5trace.c</SourceFile>
			<SourceLineNumber>431</SourceLineNumber>
			<PreContext></PreContext>
			<PostContext></PostContext>
			<RepeatCount>0</RepeatCount>
		</Warning>
		<Warning>
			<BuildLogLine>760</BuildLogLine>
			<Text>C:\oss\third_party\matio\CMake-hdf5-1.10.1\hdf5-1.10.1\src\H5trace.c(461): warning C4311: 'type cast': pointer truncation from 'void *' to 'unsigned long' [C:\oss\third_party\matio\CMake-hdf5-1.10.1\build\src\hdf5-static.vcxproj]</Text>
			<SourceFile>src/H5trace.c</SourceFile>
			<SourceLineNumber>461</SourceLineNumber>
			<PreContext></PreContext>
			<PostContext></PostContext>
			<RepeatCount>0</RepeatCount>
		</Warning>
		<Warning>
			<BuildLogLine>761</BuildLogLine>
			<Text>C:\oss\third_party\matio\CMake-hdf5-1.10.1\hdf5-1.10.1\src\H5trace.c(499): warning C4311: 'type cast': pointer truncation from 'void *' to 'unsigned long' [C:\oss\third_party\matio\CMake-hdf5-1.10.1\build\src\hdf5-static.vcxproj]</Text>
			<SourceFile>src/H5trace.c</SourceFile>
			<SourceLineNumber>499</SourceLineNumber>
			<PreContext></PreContext>
			<PostContext></PostContext>
			<RepeatCount>0</RepeatCount>
		</Warning>
		<Warning>
			<BuildLogLine>762</BuildLogLine>
			<Text>C:\oss\third_party\matio\CMake-hdf5-1.10.1\hdf5-1.10.1\src\H5trace.c(545): warning C4311: 'type cast': pointer truncation from 'void *' to 'unsigned long' [C:\oss\third_party\matio\CMake-hdf5-1.10.1\build\src\hdf5-static.vcxproj]</Text>
			<SourceFile>src/H5trace.c</SourceFile>
			<SourceLineNumber>545</SourceLineNumber>
			<PreContext></PreContext>
			<PostContext></PostContext>
			<RepeatCount>0</RepeatCount>
		</Warning>
		<Warning>
			<BuildLogLine>763</BuildLogLine>
			<Text>C:\oss\third_party\matio\CMake-hdf5-1.10.1\hdf5-1.10.1\src\H5trace.c(587): warning C4311: 'type cast': pointer truncation from 'void *' to 'unsigned long' [C:\oss\third_party\matio\CMake-hdf5-1.10.1\build\src\hdf5-static.vcxproj]</Text>
			<SourceFile>src/H5trace.c</SourceFile>
			<SourceLineNumber>587</SourceLineNumber>
			<PreContext></PreContext>
			<PostContext></PostContext>
			<RepeatCount>0</RepeatCount>
		</Warning>
		<Warning>
			<BuildLogLine>764</BuildLogLine>
			<Text>C:\oss\third_party\matio\CMake-hdf5-1.10.1\hdf5-1.10.1\src\H5trace.c(638): warning C4311: 'type cast': pointer truncation from 'void *' to 'unsigned long' [C:\oss\third_party\matio\CMake-hdf5-1.10.1\build\src\hdf5-static.vcxproj]</Text>
			<SourceFile>src/H5trace.c</SourceFile>
			<SourceLineNumber>638</SourceLineNumber>
			<PreContext></PreContext>
			<PostContext></PostContext>
			<RepeatCount>0</RepeatCount>
		</Warning>
		<Warning>
			<BuildLogLine>765</BuildLogLine>
			<Text>C:\oss\third_party\matio\CMake-hdf5-1.10.1\hdf5-1.10.1\src\H5trace.c(668): warning C4311: 'type cast': pointer truncation from 'void *' to 'unsigned long' [C:\oss\third_party\matio\CMake-hdf5-1.10.1\build\src\hdf5-static.vcxproj]</Text>
			<SourceFile>src/H5trace.c</SourceFile>
			<SourceLineNumber>668</SourceLineNumber>
			<PreContext></PreContext>
			<PostContext></PostContext>
			<RepeatCount>0</RepeatCount>
		</Warning>
		<Warning>
			<BuildLogLine>766</BuildLogLine>
			<Text>C:\oss\third_party\matio\CMake-hdf5-1.10.1\hdf5-1.10.1\src\H5trace.c(702): warning C4311: 'type cast': pointer truncation from 'void *' to 'unsigned long' [C:\oss\third_party\matio\CMake-hdf5-1.10.1\build\src\hdf5-static.vcxproj]</Text>
			<SourceFile>src/H5trace.c</SourceFile>
			<SourceLineNumber>702</SourceLineNumber>
			<PreContext></PreContext>
			<PostContext></PostContext>
			<RepeatCount>0</RepeatCount>
		</Warning>
		<Warning>
			<BuildLogLine>767</BuildLogLine>
			<Text>C:\oss\third_party\matio\CMake-hdf5-1.10.1\hdf5-1.10.1\src\H5trace.c(728): warning C4311: 'type cast': pointer truncation from 'void *' to 'unsigned long' [C:\oss\third_party\matio\CMake-hdf5-1.10.1\build\src\hdf5-static.vcxproj]</Text>
			<SourceFile>src/H5trace.c</SourceFile>
			<SourceLineNumber>728</SourceLineNumber>
			<PreContext></PreContext>
			<PostContext></PostContext>
			<RepeatCount>0</RepeatCount>
		</Warning>
		<Warning>
			<BuildLogLine>768</BuildLogLine>
			<Text>C:\oss\third_party\matio\CMake-hdf5-1.10.1\hdf5-1.10.1\src\H5trace.c(764): warning C4311: 'type cast': pointer truncation from 'void *' to 'unsigned long' [C:\oss\third_party\matio\CMake-hdf5-1.10.1\build\src\hdf5-static.vcxproj]</Text>
			<SourceFile>src/H5trace.c</SourceFile>
			<SourceLineNumber>764</SourceLineNumber>
			<PreContext></PreContext>
			<PostContext></PostContext>
			<RepeatCount>0</RepeatCount>
		</Warning>
		<Warning>
			<BuildLogLine>769</BuildLogLine>
			<Text>C:\oss\third_party\matio\CMake-hdf5-1.10.1\hdf5-1.10.1\src\H5trace.c(783): warning C4311: 'type cast': pointer truncation from 'void *' to 'unsigned long' [C:\oss\third_party\matio\CMake-hdf5-1.10.1\build\src\hdf5-static.vcxproj]</Text>
			<SourceFile>src/H5trace.c</SourceFile>
			<SourceLineNumber>783</SourceLineNumber>
			<PreContext></PreContext>
			<PostContext></PostContext>
			<RepeatCount>0</RepeatCount>
		</Warning>
		<Warning>
			<BuildLogLine>770</BuildLogLine>
			<Text>C:\oss\third_party\matio\CMake-hdf5-1.10.1\hdf5-1.10.1\src\H5trace.c(809): warning C4311: 'type cast': pointer truncation from 'void *' to 'unsigned long' [C:\oss\third_party\matio\CMake-hdf5-1.10.1\build\src\hdf5-static.vcxproj]</Text>
			<SourceFile>src/H5trace.c</SourceFile>
			<SourceLineNumber>809</SourceLineNumber>
			<PreContext></PreContext>
			<PostContext></PostContext>
			<RepeatCount>0</RepeatCount>
		</Warning>
		<Warning>
			<BuildLogLine>771</BuildLogLine>
			<Text>C:\oss\third_party\matio\CMake-hdf5-1.10.1\hdf5-1.10.1\src\H5trace.c(816): warning C4311: 'type cast': pointer truncation from 'H5E_error2_t *' to 'unsigned long' [C:\oss\third_party\matio\CMake-hdf5-1.10.1\build\src\hdf5-static.vcxproj]</Text>
			<SourceFile>src/H5trace.c</SourceFile>
			<SourceLineNumber>816</SourceLineNumber>
			<PreContext></PreContext>
			<PostContext></PostContext>
			<RepeatCount>0</RepeatCount>
		</Warning>
		<Warning>
			<BuildLogLine>772</BuildLogLine>
			<Text>C:\oss\third_party\matio\CMake-hdf5-1.10.1\hdf5-1.10.1\src\H5trace.c(823): warning C4311: 'type cast': pointer truncation from 'void *' to 'unsigned long' [C:\oss\third_party\matio\CMake-hdf5-1.10.1\build\src\hdf5-static.vcxproj]</Text>
			<SourceFile>src/H5trace.c</SourceFile>
			<SourceLineNumber>823</SourceLineNumber>
			<PreContext></PreContext>
			<PostContext></PostContext>
			<RepeatCount>0</RepeatCount>
		</Warning>
		<Warning>
			<BuildLogLine>773</BuildLogLine>
			<Text>C:\oss\third_party\matio\CMake-hdf5-1.10.1\hdf5-1.10.1\src\H5trace.c(857): warning C4311: 'type cast': pointer truncation from 'void *' to 'unsigned long' [C:\oss\third_party\matio\CMake-hdf5-1.10.1\build\src\hdf5-static.vcxproj]</Text>
			<SourceFile>src/H5trace.c</SourceFile>
			<SourceLineNumber>857</SourceLineNumber>
			<PreContext></PreContext>
			<PostContext></PostContext>
			<RepeatCount>0</RepeatCount>
		</Warning>
		<Warning>
			<BuildLogLine>774</BuildLogLine>
			<Text>C:\oss\third_party\matio\CMake-hdf5-1.10.1\hdf5-1.10.1\src\H5trace.c(891): warning C4311: 'type cast': pointer truncation from 'void *' to 'unsigned long' [C:\oss\third_party\matio\CMake-hdf5-1.10.1\build\src\hdf5-static.vcxproj]</Text>
			<SourceFile>src/H5trace.c</SourceFile>
			<SourceLineNumber>891</SourceLineNumber>
			<PreContext></PreContext>
			<PostContext></PostContext>
			<RepeatCount>0</RepeatCount>
		</Warning>
		<Warning>
			<BuildLogLine>775</BuildLogLine>
			<Text>C:\oss\third_party\matio\CMake-hdf5-1.10.1\hdf5-1.10.1\src\H5trace.c(926): warning C4311: 'type cast': pointer truncation from 'void *' to 'unsigned long' [C:\oss\third_party\matio\CMake-hdf5-1.10.1\build\src\hdf5-static.vcxproj]</Text>
			<SourceFile>src/H5trace.c</SourceFile>
			<SourceLineNumber>926</SourceLineNumber>
			<PreContext></PreContext>
			<PostContext></PostContext>
			<RepeatCount>0</RepeatCount>
		</Warning>
		<Warning>
			<BuildLogLine>776</BuildLogLine>
			<Text>C:\oss\third_party\matio\CMake-hdf5-1.10.1\hdf5-1.10.1\src\H5trace.c(977): warning C4311: 'type cast': pointer truncation from 'void *' to 'unsigned long' [C:\oss\third_party\matio\CMake-hdf5-1.10.1\build\src\hdf5-static.vcxproj]</Text>
			<SourceFile>src/H5trace.c</SourceFile>
			<SourceLineNumber>977</SourceLineNumber>
			<PreContext></PreContext>
			<PostContext></PostContext>
			<RepeatCount>0</RepeatCount>
		</Warning>
		<Warning>
			<BuildLogLine>777</BuildLogLine>
			<Text>C:\oss\third_party\matio\CMake-hdf5-1.10.1\hdf5-1.10.1\src\H5trace.c(1003): warning C4311: 'type cast': pointer truncation from 'void *' to 'unsigned long' [C:\oss\third_party\matio\CMake-hdf5-1.10.1\build\src\hdf5-static.vcxproj]</Text>
			<SourceFile>src/H5trace.c</SourceFile>
			<SourceLineNumber>1003</SourceLineNumber>
			<PreContext></PreContext>
			<PostContext></PostContext>
			<RepeatCount>0</RepeatCount>
		</Warning>
		<Warning>
			<BuildLogLine>778</BuildLogLine>
			<Text>C:\oss\third_party\matio\CMake-hdf5-1.10.1\hdf5-1.10.1\src\H5trace.c(1012): warning C4311: 'type cast': pointer truncation from 'void *' to 'unsigned long' [C:\oss\third_party\matio\CMake-hdf5-1.10.1\build\src\hdf5-static.vcxproj]</Text>
			<SourceFile>src/H5trace.c</SourceFile>
			<SourceLineNumber>1012</SourceLineNumber>
			<PreContext></PreContext>
			<PostContext></PostContext>
			<RepeatCount>0</RepeatCount>
		</Warning>
		<Warning>
			<BuildLogLine>779</BuildLogLine>
			<Text>C:\oss\third_party\matio\CMake-hdf5-1.10.1\hdf5-1.10.1\src\H5trace.c(1047): warning C4311: 'type cast': pointer truncation from 'void *' to 'unsigned long' [C:\oss\third_party\matio\CMake-hdf5-1.10.1\build\src\hdf5-static.vcxproj]</Text>
			<SourceFile>src/H5trace.c</SourceFile>
			<SourceLineNumber>1047</SourceLineNumber>
			<PreContext></PreContext>
			<PostContext></PostContext>
			<RepeatCount>0</RepeatCount>
		</Warning>
		<Warning>
			<BuildLogLine>780</BuildLogLine>
			<Text>C:\oss\third_party\matio\CMake-hdf5-1.10.1\hdf5-1.10.1\src\H5trace.c(1095): warning C4311: 'type cast': pointer truncation from 'void *' to 'unsigned long' [C:\oss\third_party\matio\CMake-hdf5-1.10.1\build\src\hdf5-static.vcxproj]</Text>
			<SourceFile>src/H5trace.c</SourceFile>
			<SourceLineNumber>1095</SourceLineNumber>
			<PreContext></PreContext>
			<PostContext></PostContext>
			<RepeatCount>0</RepeatCount>
		</Warning>
		<Warning>
			<BuildLogLine>781</BuildLogLine>
			<Text>C:\oss\third_party\matio\CMake-hdf5-1.10.1\hdf5-1.10.1\src\H5trace.c(1102): warning C4311: 'type cast': pointer truncation from 'H5G_stat_t *' to 'unsigned long' [C:\oss\third_party\matio\CMake-hdf5-1.10.1\build\src\hdf5-static.vcxproj]</Text>
			<SourceFile>src/H5trace.c</SourceFile>
			<SourceLineNumber>1102</SourceLineNumber>
			<PreContext></PreContext>
			<PostContext></PostContext>
			<RepeatCount>0</RepeatCount>
		</Warning>
		<Warning>
			<BuildLogLine>782</BuildLogLine>
			<Text>C:\oss\third_party\matio\CMake-hdf5-1.10.1\hdf5-1.10.1\src\H5trace.c(1116): warning C4311: 'type cast': pointer truncation from 'void *' to 'unsigned long' [C:\oss\third_party\matio\CMake-hdf5-1.10.1\build\src\hdf5-static.vcxproj]</Text>
			<SourceFile>src/H5trace.c</SourceFile>
			<SourceLineNumber>1116</SourceLineNumber>
			<PreContext></PreContext>
			<PostContext></PostContext>
			<RepeatCount>0</RepeatCount>
		</Warning>
		<Warning>
			<BuildLogLine>783</BuildLogLine>
			<Text>C:\oss\third_party\matio\CMake-hdf5-1.10.1\hdf5-1.10.1\src\H5trace.c(1150): warning C4311: 'type cast': pointer truncation from 'void *' to 'unsigned long' [C:\oss\third_party\matio\CMake-hdf5-1.10.1\build\src\hdf5-static.vcxproj]</Text>
			<SourceFile>src/H5trace.c</SourceFile>
			<SourceLineNumber>1150</SourceLineNumber>
			<PreContext></PreContext>
			<PostContext></PostContext>
			<RepeatCount>0</RepeatCount>
		</Warning>
		<Warning>
			<BuildLogLine>784</BuildLogLine>
			<Text>C:\oss\third_party\matio\CMake-hdf5-1.10.1\hdf5-1.10.1\src\H5trace.c(1180): warning C4311: 'type cast': pointer truncation from 'void *' to 'unsigned long' [C:\oss\third_party\matio\CMake-hdf5-1.10.1\build\src\hdf5-static.vcxproj]</Text>
			<SourceFile>src/H5trace.c</SourceFile>
			<SourceLineNumber>1180</SourceLineNumber>
			<PreContext></PreContext>
			<PostContext></PostContext>
			<RepeatCount>0</RepeatCount>
		</Warning>
		<Warning>
			<BuildLogLine>785</BuildLogLine>
			<Text>C:\oss\third_party\matio\CMake-hdf5-1.10.1\hdf5-1.10.1\src\H5trace.c(1368): warning C4311: 'type cast': pointer truncation from 'void *' to 'unsigned long' [C:\oss\third_party\matio\CMake-hdf5-1.10.1\build\src\hdf5-static.vcxproj]</Text>
			<SourceFile>src/H5trace.c</SourceFile>
			<SourceLineNumber>1368</SourceLineNumber>
			<PreContext></PreContext>
			<PostContext></PostContext>
			<RepeatCount>0</RepeatCount>
		</Warning>
		<Warning>
			<BuildLogLine>786</BuildLogLine>
			<Text>C:\oss\third_party\matio\CMake-hdf5-1.10.1\hdf5-1.10.1\src\H5trace.c(1402): warning C4311: 'type cast': pointer truncation from 'void *' to 'unsigned long' [C:\oss\third_party\matio\CMake-hdf5-1.10.1\build\src\hdf5-static.vcxproj]</Text>
			<SourceFile>src/H5trace.c</SourceFile>
			<SourceLineNumber>1402</SourceLineNumber>
			<PreContext></PreContext>
			<PostContext></PostContext>
			<RepeatCount>0</RepeatCount>
		</Warning>
		<Warning>
			<BuildLogLine>787</BuildLogLine>
			<Text>C:\oss\third_party\matio\CMake-hdf5-1.10.1\hdf5-1.10.1\src\H5trace.c(1440): warning C4311: 'type cast': pointer truncation from 'void *' to 'unsigned long' [C:\oss\third_party\matio\CMake-hdf5-1.10.1\build\src\hdf5-static.vcxproj]</Text>
			<SourceFile>src/H5trace.c</SourceFile>
			<SourceLineNumber>1440</SourceLineNumber>
			<PreContext></PreContext>
			<PostContext></PostContext>
			<RepeatCount>0</RepeatCount>
		</Warning>
		<Warning>
			<BuildLogLine>788</BuildLogLine>
			<Text>C:\oss\third_party\matio\CMake-hdf5-1.10.1\hdf5-1.10.1\src\H5trace.c(1464): warning C4311: 'type cast': pointer truncation from 'void *' to 'unsigned long' [C:\oss\third_party\matio\CMake-hdf5-1.10.1\build\src\hdf5-static.vcxproj]</Text>
			<SourceFile>src/H5trace.c</SourceFile>
			<SourceLineNumber>1464</SourceLineNumber>
			<PreContext></PreContext>
			<PostContext></PostContext>
			<RepeatCount>0</RepeatCount>
		</Warning>
		<Warning>
			<BuildLogLine>789</BuildLogLine>
			<Text>C:\oss\third_party\matio\CMake-hdf5-1.10.1\hdf5-1.10.1\src\H5trace.c(1546): warning C4311: 'type cast': pointer truncation from 'void *' to 'unsigned long' [C:\oss\third_party\matio\CMake-hdf5-1.10.1\build\src\hdf5-static.vcxproj]</Text>
			<SourceFile>src/H5trace.c</SourceFile>
			<SourceLineNumber>1546</SourceLineNumber>
			<PreContext></PreContext>
			<PostContext></PostContext>
			<RepeatCount>0</RepeatCount>
		</Warning>
		<Warning>
			<BuildLogLine>790</BuildLogLine>
			<Text>C:\oss\third_party\matio\CMake-hdf5-1.10.1\hdf5-1.10.1\src\H5trace.c(1578): warning C4311: 'type cast': pointer truncation from 'void *' to 'unsigned long' [C:\oss\third_party\matio\CMake-hdf5-1.10.1\build\src\hdf5-static.vcxproj]</Text>
			<SourceFile>src/H5trace.c</SourceFile>
			<SourceLineNumber>1578</SourceLineNumber>
			<PreContext></PreContext>
			<PostContext></PostContext>
			<RepeatCount>0</RepeatCount>
		</Warning>
		<Warning>
			<BuildLogLine>791</BuildLogLine>
			<Text>C:\oss\third_party\matio\CMake-hdf5-1.10.1\hdf5-1.10.1\src\H5trace.c(1624): warning C4311: 'type cast': pointer truncation from 'void *' to 'unsigned long' [C:\oss\third_party\matio\CMake-hdf5-1.10.1\build\src\hdf5-static.vcxproj]</Text>
			<SourceFile>src/H5trace.c</SourceFile>
			<SourceLineNumber>1624</SourceLineNumber>
			<PreContext></PreContext>
			<PostContext></PostContext>
			<RepeatCount>0</RepeatCount>
		</Warning>
		<Warning>
			<BuildLogLine>792</BuildLogLine>
			<Text>C:\oss\third_party\matio\CMake-hdf5-1.10.1\hdf5-1.10.1\src\H5trace.c(1640): warning C4311: 'type cast': pointer truncation from 'void *' to 'unsigned long' [C:\oss\third_party\matio\CMake-hdf5-1.10.1\build\src\hdf5-static.vcxproj]</Text>
			<SourceFile>src/H5trace.c</SourceFile>
			<SourceLineNumber>1640</SourceLineNumber>
			<PreContext></PreContext>
			<PostContext></PostContext>
			<RepeatCount>0</RepeatCount>
		</Warning>
		<Warning>
			<BuildLogLine>793</BuildLogLine>
			<Text>C:\oss\third_party\matio\CMake-hdf5-1.10.1\hdf5-1.10.1\src\H5trace.c(1656): warning C4311: 'type cast': pointer truncation from 'void *' to 'unsigned long' [C:\oss\third_party\matio\CMake-hdf5-1.10.1\build\src\hdf5-static.vcxproj]</Text>
			<SourceFile>src/H5trace.c</SourceFile>
			<SourceLineNumber>1656</SourceLineNumber>
			<PreContext></PreContext>
			<PostContext></PostContext>
			<RepeatCount>0</RepeatCount>
		</Warning>
		<Warning>
			<BuildLogLine>794</BuildLogLine>
			<Text>C:\oss\third_party\matio\CMake-hdf5-1.10.1\hdf5-1.10.1\src\H5trace.c(1715): warning C4311: 'type cast': pointer truncation from 'void *' to 'unsigned long' [C:\oss\third_party\matio\CMake-hdf5-1.10.1\build\src\hdf5-static.vcxproj]</Text>
			<SourceFile>src/H5trace.c</SourceFile>
			<SourceLineNumber>1715</SourceLineNumber>
			<PreContext></PreContext>
			<PostContext></PostContext>
			<RepeatCount>0</RepeatCount>
		</Warning>
		<Warning>
			<BuildLogLine>795</BuildLogLine>
			<Text>C:\oss\third_party\matio\CMake-hdf5-1.10.1\hdf5-1.10.1\src\H5trace.c(1731): warning C4311: 'type cast': pointer truncation from 'void *' to 'unsigned long' [C:\oss\third_party\matio\CMake-hdf5-1.10.1\build\src\hdf5-static.vcxproj]</Text>
			<SourceFile>src/H5trace.c</SourceFile>
			<SourceLineNumber>1731</SourceLineNumber>
			<PreContext></PreContext>
			<PostContext></PostContext>
			<RepeatCount>0</RepeatCount>
		</Warning>
		<Warning>
			<BuildLogLine>796</BuildLogLine>
			<Text>C:\oss\third_party\matio\CMake-hdf5-1.10.1\hdf5-1.10.1\src\H5trace.c(1775): warning C4311: 'type cast': pointer truncation from 'void *' to 'unsigned long' [C:\oss\third_party\matio\CMake-hdf5-1.10.1\build\src\hdf5-static.vcxproj]</Text>
			<SourceFile>src/H5trace.c</SourceFile>
			<SourceLineNumber>1775</SourceLineNumber>
			<PreContext></PreContext>
			<PostContext></PostContext>
			<RepeatCount>0</RepeatCount>
		</Warning>
		<Warning>
			<BuildLogLine>797</BuildLogLine>
			<Text>C:\oss\third_party\matio\CMake-hdf5-1.10.1\hdf5-1.10.1\src\H5trace.c(1799): warning C4311: 'type cast': pointer truncation from 'void *' to 'unsigned long' [C:\oss\third_party\matio\CMake-hdf5-1.10.1\build\src\hdf5-static.vcxproj]</Text>
			<SourceFile>src/H5trace.c</SourceFile>
			<SourceLineNumber>1799</SourceLineNumber>
			<PreContext></PreContext>
			<PostContext></PostContext>
			<RepeatCount>0</RepeatCount>
		</Warning>
		<Warning>
			<BuildLogLine>798</BuildLogLine>
			<Text>C:\oss\third_party\matio\CMake-hdf5-1.10.1\hdf5-1.10.1\src\H5trace.c(1815): warning C4311: 'type cast': pointer truncation from 'void *' to 'unsigned long' [C:\oss\third_party\matio\CMake-hdf5-1.10.1\build\src\hdf5-static.vcxproj]</Text>
			<SourceFile>src/H5trace.c</SourceFile>
			<SourceLineNumber>1815</SourceLineNumber>
			<PreContext></PreContext>
			<PostContext></PostContext>
			<RepeatCount>0</RepeatCount>
		</Warning>
		<Warning>
			<BuildLogLine>799</BuildLogLine>
			<Text>C:\oss\third_party\matio\CMake-hdf5-1.10.1\hdf5-1.10.1\src\H5trace.c(1857): warning C4311: 'type cast': pointer truncation from 'void *' to 'unsigned long' [C:\oss\third_party\matio\CMake-hdf5-1.10.1\build\src\hdf5-static.vcxproj]</Text>
			<SourceFile>src/H5trace.c</SourceFile>
			<SourceLineNumber>1857</SourceLineNumber>
			<PreContext></PreContext>
			<PostContext></PostContext>
			<RepeatCount>0</RepeatCount>
		</Warning>
		<Warning>
			<BuildLogLine>800</BuildLogLine>
			<Text>C:\oss\third_party\matio\CMake-hdf5-1.10.1\hdf5-1.10.1\src\H5trace.c(1891): warning C4311: 'type cast': pointer truncation from 'void *' to 'unsigned long' [C:\oss\third_party\matio\CMake-hdf5-1.10.1\build\src\hdf5-static.vcxproj]</Text>
			<SourceFile>src/H5trace.c</SourceFile>
			<SourceLineNumber>1891</SourceLineNumber>
			<PreContext></PreContext>
			<PostContext></PostContext>
			<RepeatCount>0</RepeatCount>
		</Warning>
		<Warning>
			<BuildLogLine>801</BuildLogLine>
			<Text>C:\oss\third_party\matio\CMake-hdf5-1.10.1\hdf5-1.10.1\src\H5trace.c(1949): warning C4311: 'type cast': pointer truncation from 'void *' to 'unsigned long' [C:\oss\third_party\matio\CMake-hdf5-1.10.1\build\src\hdf5-static.vcxproj]</Text>
			<SourceFile>src/H5trace.c</SourceFile>
			<SourceLineNumber>1949</SourceLineNumber>
			<PreContext></PreContext>
			<PostContext></PostContext>
			<RepeatCount>0</RepeatCount>
		</Warning>
		<Warning>
			<BuildLogLine>802</BuildLogLine>
			<Text>C:\oss\third_party\matio\CMake-hdf5-1.10.1\hdf5-1.10.1\src\H5trace.c(1997): warning C4311: 'type cast': pointer truncation from 'void *' to 'unsigned long' [C:\oss\third_party\matio\CMake-hdf5-1.10.1\build\src\hdf5-static.vcxproj]</Text>
			<SourceFile>src/H5trace.c</SourceFile>
			<SourceLineNumber>1997</SourceLineNumber>
			<PreContext></PreContext>
			<PostContext></PostContext>
			<RepeatCount>0</RepeatCount>
		</Warning>
		<Warning>
			<BuildLogLine>803</BuildLogLine>
			<Text>C:\oss\third_party\matio\CMake-hdf5-1.10.1\hdf5-1.10.1\src\H5trace.c(2013): warning C4311: 'type cast': pointer truncation from 'void *' to 'unsigned long' [C:\oss\third_party\matio\CMake-hdf5-1.10.1\build\src\hdf5-static.vcxproj]</Text>
			<SourceFile>src/H5trace.c</SourceFile>
			<SourceLineNumber>2013</SourceLineNumber>
			<PreContext></PreContext>
			<PostContext></PostContext>
			<RepeatCount>0</RepeatCount>
		</Warning>
		<Warning>
			<BuildLogLine>804</BuildLogLine>
			<Text>C:\oss\third_party\matio\CMake-hdf5-1.10.1\hdf5-1.10.1\src\H5trace.c(2060): warning C4311: 'type cast': pointer truncation from 'void *' to 'unsigned long' [C:\oss\third_party\matio\CMake-hdf5-1.10.1\build\src\hdf5-static.vcxproj]</Text>
			<SourceFile>src/H5trace.c</SourceFile>
			<SourceLineNumber>2060</SourceLineNumber>
			<PreContext></PreContext>
			<PostContext></PostContext>
			<RepeatCount>0</RepeatCount>
		</Warning>
		<Warning>
			<BuildLogLine>805</BuildLogLine>
			<Text>C:\oss\third_party\matio\CMake-hdf5-1.10.1\hdf5-1.10.1\src\H5trace.c(2090): warning C4311: 'type cast': pointer truncation from 'void *' to 'unsigned long' [C:\oss\third_party\matio\CMake-hdf5-1.10.1\build\src\hdf5-static.vcxproj]</Text>
			<SourceFile>src/H5trace.c</SourceFile>
			<SourceLineNumber>2090</SourceLineNumber>
			<PreContext></PreContext>
			<PostContext></PostContext>
			<RepeatCount>0</RepeatCount>
		</Warning>
		<Warning>
			<BuildLogLine>806</BuildLogLine>
			<Text>C:\oss\third_party\matio\CMake-hdf5-1.10.1\hdf5-1.10.1\src\H5trace.c(2120): warning C4311: 'type cast': pointer truncation from 'void *' to 'unsigned long' [C:\oss\third_party\matio\CMake-hdf5-1.10.1\build\src\hdf5-static.vcxproj]</Text>
			<SourceFile>src/H5trace.c</SourceFile>
			<SourceLineNumber>2120</SourceLineNumber>
			<PreContext></PreContext>
			<PostContext></PostContext>
			<RepeatCount>0</RepeatCount>
		</Warning>
		<Warning>
			<BuildLogLine>807</BuildLogLine>
			<Text>C:\oss\third_party\matio\CMake-hdf5-1.10.1\hdf5-1.10.1\src\H5trace.c(2154): warning C4311: 'type cast': pointer truncation from 'void *' to 'unsigned long' [C:\oss\third_party\matio\CMake-hdf5-1.10.1\build\src\hdf5-static.vcxproj]</Text>
			<SourceFile>src/H5trace.c</SourceFile>
			<SourceLineNumber>2154</SourceLineNumber>
			<PreContext></PreContext>
			<PostContext></PostContext>
			<RepeatCount>0</RepeatCount>
		</Warning>
		<Warning>
			<BuildLogLine>808</BuildLogLine>
			<Text>C:\oss\third_party\matio\CMake-hdf5-1.10.1\hdf5-1.10.1\src\H5trace.c(2196): warning C4311: 'type cast': pointer truncation from 'void *' to 'unsigned long' [C:\oss\third_party\matio\CMake-hdf5-1.10.1\build\src\hdf5-static.vcxproj]</Text>
			<SourceFile>src/H5trace.c</SourceFile>
			<SourceLineNumber>2196</SourceLineNumber>
			<PreContext></PreContext>
			<PostContext></PostContext>
			<RepeatCount>0</RepeatCount>
		</Warning>
		<Warning>
			<BuildLogLine>809</BuildLogLine>
			<Text>C:\oss\third_party\matio\CMake-hdf5-1.10.1\hdf5-1.10.1\src\H5trace.c(2234): warning C4311: 'type cast': pointer truncation from 'void *' to 'unsigned long' [C:\oss\third_party\matio\CMake-hdf5-1.10.1\build\src\hdf5-static.vcxproj]</Text>
			<SourceFile>src/H5trace.c</SourceFile>
			<SourceLineNumber>2234</SourceLineNumber>
			<PreContext></PreContext>
			<PostContext></PostContext>
			<RepeatCount>0</RepeatCount>
		</Warning>
		<Warning>
			<BuildLogLine>810</BuildLogLine>
			<Text>C:\oss\third_party\matio\CMake-hdf5-1.10.1\hdf5-1.10.1\src\H5trace.c(2268): warning C4311: 'type cast': pointer truncation from 'void *' to 'unsigned long' [C:\oss\third_party\matio\CMake-hdf5-1.10.1\build\src\hdf5-static.vcxproj]</Text>
			<SourceFile>src/H5trace.c</SourceFile>
			<SourceLineNumber>2268</SourceLineNumber>
			<PreContext></PreContext>
			<PostContext></PostContext>
			<RepeatCount>0</RepeatCount>
		</Warning>
		<Warning>
			<BuildLogLine>811</BuildLogLine>
			<Text>C:\oss\third_party\matio\CMake-hdf5-1.10.1\hdf5-1.10.1\src\H5trace.c(2338): warning C4311: 'type cast': pointer truncation from 'void *' to 'unsigned long' [C:\oss\third_party\matio\CMake-hdf5-1.10.1\build\src\hdf5-static.vcxproj]</Text>
			<SourceFile>src/H5trace.c</SourceFile>
			<SourceLineNumber>2338</SourceLineNumber>
			<PreContext></PreContext>
			<PostContext></PostContext>
			<RepeatCount>0</RepeatCount>
		</Warning>
		<Warning>
			<BuildLogLine>812</BuildLogLine>
			<Text>C:\oss\third_party\matio\CMake-hdf5-1.10.1\hdf5-1.10.1\src\H5trace.c(2394): warning C4311: 'type cast': pointer truncation from 'void *' to 'unsigned long' [C:\oss\third_party\matio\CMake-hdf5-1.10.1\build\src\hdf5-static.vcxproj]</Text>
			<SourceFile>src/H5trace.c</SourceFile>
			<SourceLineNumber>2394</SourceLineNumber>
			<PreContext></PreContext>
			<PostContext></PostContext>
			<RepeatCount>0</RepeatCount>
		</Warning>
		<Warning>
			<BuildLogLine>813</BuildLogLine>
			<Text>C:\oss\third_party\matio\CMake-hdf5-1.10.1\hdf5-1.10.1\src\H5trace.c(2415): warning C4311: 'type cast': pointer truncation from 'void *' to 'unsigned long' [C:\oss\third_party\matio\CMake-hdf5-1.10.1\build\src\hdf5-static.vcxproj]</Text>
			<SourceFile>src/H5trace.c</SourceFile>
			<SourceLineNumber>2415</SourceLineNumber>
			<PreContext></PreContext>
			<PostContext></PostContext>
			<RepeatCount>0</RepeatCount>
		</Warning>
		<Warning>
			<BuildLogLine>814</BuildLogLine>
			<Text>C:\oss\third_party\matio\CMake-hdf5-1.10.1\hdf5-1.10.1\src\H5trace.c(2439): warning C4311: 'type cast': pointer truncation from 'void *' to 'unsigned long' [C:\oss\third_party\matio\CMake-hdf5-1.10.1\build\src\hdf5-static.vcxproj]</Text>
			<SourceFile>src/H5trace.c</SourceFile>
			<SourceLineNumber>2439</SourceLineNumber>
			<PreContext></PreContext>
			<PostContext></PostContext>
			<RepeatCount>0</RepeatCount>
		</Warning>
		<Warning>
			<BuildLogLine>815</BuildLogLine>
			<Text>C:\oss\third_party\matio\CMake-hdf5-1.10.1\hdf5-1.10.1\src\H5trace.c(2469): warning C4311: 'type cast': pointer truncation from 'void *' to 'unsigned long' [C:\oss\third_party\matio\CMake-hdf5-1.10.1\build\src\hdf5-static.vcxproj]</Text>
			<SourceFile>src/H5trace.c</SourceFile>
			<SourceLineNumber>2469</SourceLineNumber>
			<PreContext></PreContext>
			<PostContext></PostContext>
			<RepeatCount>0</RepeatCount>
		</Warning>
		<Warning>
			<BuildLogLine>816</BuildLogLine>
			<Text>C:\oss\third_party\matio\CMake-hdf5-1.10.1\hdf5-1.10.1\src\H5trace.c(2476): warning C4311: 'type cast': pointer truncation from 'void *' to 'unsigned long' [C:\oss\third_party\matio\CMake-hdf5-1.10.1\build\src\hdf5-static.vcxproj]</Text>
[...]
			<SourceLineNumber>1566</SourceLineNumber>
			<PreContext></PreContext>
			<PostContext></PostContext>
			<RepeatCount>0</RepeatCount>
		</Warning>
		<Warning>
			<BuildLogLine>8921</BuildLogLine>
			<Text>  C:\oss\third_party\matio\CMake-hdf5-1.10.1\hdf5-1.10.1\test\tskiplist.c(1571): warning C4311: 'type cast': pointer truncation from 'H5SL_node_t *' to 'long' [C:\oss\third_party\matio\CMake-hdf5-1.10.1\build\test\testhdf5.vcxproj]</Text>
			<SourceFile>C:/oss/third_party/matio/CMake-hdf5-1.10.1/build/  test/tskiplist.c</SourceFile>
			<SourceLineNumber>1571</SourceLineNumber>
			<PreContext></PreContext>
			<PostContext></PostContext>
			<RepeatCount>0</RepeatCount>
		</Warning>
		<Warning>
			<BuildLogLine>8922</BuildLogLine>
			<Text>  C:\oss\third_party\matio\CMake-hdf5-1.10.1\hdf5-1.10.1\test\tskiplist.c(1576): warning C4311: 'type cast': pointer truncation from 'H5SL_node_t *' to 'long' [C:\oss\third_party\matio\CMake-hdf5-1.10.1\build\test\testhdf5.vcxproj]</Text>
			<SourceFile>C:/oss/third_party/matio/CMake-hdf5-1.10.1/build/  test/tskiplist.c</SourceFile>
			<SourceLineNumber>1576</SourceLineNumber>
			<PreContext></PreContext>
			<PostContext></PostContext>
			<RepeatCount>0</RepeatCount>
		</Warning>
		<Warning>
			<BuildLogLine>8923</BuildLogLine>
			<Text>  C:\oss\third_party\matio\CMake-hdf5-1.10.1\hdf5-1.10.1\test\tskiplist.c(1576): warning C4311: 'type cast': pointer truncation from 'void *' to 'long' [C:\oss\third_party\matio\CMake-hdf5-1.10.1\build\test\testhdf5.vcxproj]</Text>
			<SourceFile>C:/oss/third_party/matio/CMake-hdf5-1.10.1/build/  test/tskiplist.c</SourceFile>
			<SourceLineNumber>1576</SourceLineNumber>
			<PreContext></PreContext>
			<PostContext></PostContext>
			<RepeatCount>0</RepeatCount>
		</Warning>
		<Warning>
			<BuildLogLine>8924</BuildLogLine>
			<Text>  C:\oss\third_party\matio\CMake-hdf5-1.10.1\hdf5-1.10.1\test\tskiplist.c(1607): warning C4311: 'type cast': pointer truncation from 'H5SL_t *' to 'long' [C:\oss\third_party\matio\CMake-hdf5-1.10.1\build\test\testhdf5.vcxproj]</Text>
			<SourceFile>C:/oss/third_party/matio/CMake-hdf5-1.10.1/build/  test/tskiplist.c</SourceFile>
			<SourceLineNumber>1607</SourceLineNumber>
			<PreContext></PreContext>
			<PostContext></PostContext>
			<RepeatCount>0</RepeatCount>
		</Warning>
		<Warning>
			<BuildLogLine>8925</BuildLogLine>
			<Text>  C:\oss\third_party\matio\CMake-hdf5-1.10.1\hdf5-1.10.1\test\tskiplist.c(1618): warning C4311: 'type cast': pointer truncation from 'H5SL_node_t *' to 'long' [C:\oss\third_party\matio\CMake-hdf5-1.10.1\build\test\testhdf5.vcxproj]</Text>
			<SourceFile>C:/oss/third_party/matio/CMake-hdf5-1.10.1/build/  test/tskiplist.c</SourceFile>
			<SourceLineNumber>1618</SourceLineNumber>
			<PreContext></PreContext>
			<PostContext></PostContext>
			<RepeatCount>0</RepeatCount>
		</Warning>
		<Warning>
			<BuildLogLine>8926</BuildLogLine>
			<Text>  C:\oss\third_party\matio\CMake-hdf5-1.10.1\hdf5-1.10.1\test\tskiplist.c(1623): warning C4311: 'type cast': pointer truncation from 'H5SL_node_t *' to 'long' [C:\oss\third_party\matio\CMake-hdf5-1.10.1\build\test\testhdf5.vcxproj]</Text>
			<SourceFile>C:/oss/third_party/matio/CMake-hdf5-1.10.1/build/  test/tskiplist.c</SourceFile>
			<SourceLineNumber>1623</SourceLineNumber>
			<PreContext></PreContext>
			<PostContext></PostContext>
			<RepeatCount>0</RepeatCount>
		</Warning>
		<Warning>
			<BuildLogLine>8927</BuildLogLine>
			<Text>  C:\oss\third_party\matio\CMake-hdf5-1.10.1\hdf5-1.10.1\test\tskiplist.c(1628): warning C4311: 'type cast': pointer truncation from 'H5SL_node_t *' to 'long' [C:\oss\third_party\matio\CMake-hdf5-1.10.1\build\test\testhdf5.vcxproj]</Text>
			<SourceFile>C:/oss/third_party/matio/CMake-hdf5-1.10.1/build/  test/tskiplist.c</SourceFile>
			<SourceLineNumber>1628</SourceLineNumber>
			<PreContext></PreContext>
			<PostContext></PostContext>
			<RepeatCount>0</RepeatCount>
		</Warning>
		<Warning>
			<BuildLogLine>8928</BuildLogLine>
			<Text>  C:\oss\third_party\matio\CMake-hdf5-1.10.1\hdf5-1.10.1\test\tskiplist.c(1635): warning C4311: 'type cast': pointer truncation from 'H5SL_node_t *' to 'long' [C:\oss\third_party\matio\CMake-hdf5-1.10.1\build\test\testhdf5.vcxproj]</Text>
			<SourceFile>C:/oss/third_party/matio/CMake-hdf5-1.10.1/build/  test/tskiplist.c</SourceFile>
			<SourceLineNumber>1635</SourceLineNumber>
			<PreContext></PreContext>
			<PostContext></PostContext>
			<RepeatCount>0</RepeatCount>
		</Warning>
		<Warning>
			<BuildLogLine>8929</BuildLogLine>
			<Text>  C:\oss\third_party\matio\CMake-hdf5-1.10.1\hdf5-1.10.1\test\tskiplist.c(1640): warning C4311: 'type cast': pointer truncation from 'H5SL_node_t *' to 'long' [C:\oss\third_party\matio\CMake-hdf5-1.10.1\build\test\testhdf5.vcxproj]</Text>
			<SourceFile>C:/oss/third_party/matio/CMake-hdf5-1.10.1/build/  test/tskiplist.c</SourceFile>
			<SourceLineNumber>1640</SourceLineNumber>
			<PreContext></PreContext>
			<PostContext></PostContext>
			<RepeatCount>0</RepeatCount>
		</Warning>
		<Warning>
			<BuildLogLine>8930</BuildLogLine>
			<Text>  C:\oss\third_party\matio\CMake-hdf5-1.10.1\hdf5-1.10.1\test\tskiplist.c(1645): warning C4311: 'type cast': pointer truncation from 'H5SL_node_t *' to 'long' [C:\oss\third_party\matio\CMake-hdf5-1.10.1\build\test\testhdf5.vcxproj]</Text>
			<SourceFile>C:/oss/third_party/matio/CMake-hdf5-1.10.1/build/  test/tskiplist.c</SourceFile>
			<SourceLineNumber>1645</SourceLineNumber>
			<PreContext></PreContext>
			<PostContext></PostContext>
			<RepeatCount>0</RepeatCount>
		</Warning>
		<Warning>
			<BuildLogLine>8931</BuildLogLine>
			<Text>  C:\oss\third_party\matio\CMake-hdf5-1.10.1\hdf5-1.10.1\test\tskiplist.c(1645): warning C4311: 'type cast': pointer truncation from 'void *' to 'long' [C:\oss\third_party\matio\CMake-hdf5-1.10.1\build\test\testhdf5.vcxproj]</Text>
			<SourceFile>C:/oss/third_party/matio/CMake-hdf5-1.10.1/build/  test/tskiplist.c</SourceFile>
			<SourceLineNumber>1645</SourceLineNumber>
			<PreContext></PreContext>
			<PostContext></PostContext>
			<RepeatCount>0</RepeatCount>
		</Warning>
		<Warning>
			<BuildLogLine>8932</BuildLogLine>
			<Text>  C:\oss\third_party\matio\CMake-hdf5-1.10.1\hdf5-1.10.1\test\tskiplist.c(1648): warning C4311: 'type cast': pointer truncation from 'H5SL_node_t *' to 'long' [C:\oss\third_party\matio\CMake-hdf5-1.10.1\build\test\testhdf5.vcxproj]</Text>
			<SourceFile>C:/oss/third_party/matio/CMake-hdf5-1.10.1/build/  test/tskiplist.c</SourceFile>
			<SourceLineNumber>1648</SourceLineNumber>
			<PreContext></PreContext>
			<PostContext></PostContext>
			<RepeatCount>0</RepeatCount>
		</Warning>
		<Warning>
			<BuildLogLine>8933</BuildLogLine>
			<Text>  C:\oss\third_party\matio\CMake-hdf5-1.10.1\hdf5-1.10.1\test\tskiplist.c(1653): warning C4311: 'type cast': pointer truncation from 'H5SL_node_t *' to 'long' [C:\oss\third_party\matio\CMake-hdf5-1.10.1\build\test\testhdf5.vcxproj]</Text>
			<SourceFile>C:/oss/third_party/matio/CMake-hdf5-1.10.1/build/  test/tskiplist.c</SourceFile>
			<SourceLineNumber>1653</SourceLineNumber>
			<PreContext></PreContext>
			<PostContext></PostContext>
			<RepeatCount>0</RepeatCount>
		</Warning>
		<Warning>
			<BuildLogLine>8934</BuildLogLine>
			<Text>  C:\oss\third_party\matio\CMake-hdf5-1.10.1\hdf5-1.10.1\test\tskiplist.c(1684): warning C4311: 'type cast': pointer truncation from 'H5SL_t *' to 'long' [C:\oss\third_party\matio\CMake-hdf5-1.10.1\build\test\testhdf5.vcxproj]</Text>
			<SourceFile>C:/oss/third_party/matio/CMake-hdf5-1.10.1/build/  test/tskiplist.c</SourceFile>
			<SourceLineNumber>1684</SourceLineNumber>
			<PreContext></PreContext>
			<PostContext></PostContext>
			<RepeatCount>0</RepeatCount>
		</Warning>
		<Warning>
			<BuildLogLine>8935</BuildLogLine>
			<Text>  C:\oss\third_party\matio\CMake-hdf5-1.10.1\hdf5-1.10.1\test\tskiplist.c(1700): warning C4311: 'type cast': pointer truncation from 'unsigned int *' to 'long' [C:\oss\third_party\matio\CMake-hdf5-1.10.1\build\test\testhdf5.vcxproj]</Text>
			<SourceFile>C:/oss/third_party/matio/CMake-hdf5-1.10.1/build/  test/tskiplist.c</SourceFile>
			<SourceLineNumber>1700</SourceLineNumber>
			<PreContext></PreContext>
			<PostContext></PostContext>
			<RepeatCount>0</RepeatCount>
		</Warning>
		<Warning>
			<BuildLogLine>8936</BuildLogLine>
			<Text>  C:\oss\third_party\matio\CMake-hdf5-1.10.1\hdf5-1.10.1\test\tskiplist.c(1700): warning C4311: 'type cast': pointer truncation from 'void *' to 'long' [C:\oss\third_party\matio\CMake-hdf5-1.10.1\build\test\testhdf5.vcxproj]</Text>
			<SourceFile>C:/oss/third_party/matio/CMake-hdf5-1.10.1/build/  test/tskiplist.c</SourceFile>
			<SourceLineNumber>1700</SourceLineNumber>
			<PreContext></PreContext>
			<PostContext></PostContext>
			<RepeatCount>0</RepeatCount>
		</Warning>
		<Warning>
			<BuildLogLine>8937</BuildLogLine>
			<Text>  C:\oss\third_party\matio\CMake-hdf5-1.10.1\hdf5-1.10.1\test\tskiplist.c(1728): warning C4311: 'type cast': pointer truncation from 'H5SL_t *' to 'long' [C:\oss\third_party\matio\CMake-hdf5-1.10.1\build\test\testhdf5.vcxproj]</Text>
			<SourceFile>C:/oss/third_party/matio/CMake-hdf5-1.10.1/build/  test/tskiplist.c</SourceFile>
			<SourceLineNumber>1728</SourceLineNumber>
			<PreContext></PreContext>
			<PostContext></PostContext>
			<RepeatCount>0</RepeatCount>
		</Warning>
		<Warning>
			<BuildLogLine>8938</BuildLogLine>
			<Text>  C:\oss\third_party\matio\CMake-hdf5-1.10.1\hdf5-1.10.1\test\tskiplist.c(1745): warning C4311: 'type cast': pointer truncation from 'int *' to 'long' [C:\oss\third_party\matio\CMake-hdf5-1.10.1\build\test\testhdf5.vcxproj]</Text>
			<SourceFile>C:/oss/third_party/matio/CMake-hdf5-1.10.1/build/  test/tskiplist.c</SourceFile>
			<SourceLineNumber>1745</SourceLineNumber>
			<PreContext></PreContext>
			<PostContext></PostContext>
			<RepeatCount>0</RepeatCount>
		</Warning>
		<Warning>
			<BuildLogLine>8939</BuildLogLine>
			<Text>  C:\oss\third_party\matio\CMake-hdf5-1.10.1\hdf5-1.10.1\test\tskiplist.c(1745): warning C4311: 'type cast': pointer truncation from 'void *' to 'long' [C:\oss\third_party\matio\CMake-hdf5-1.10.1\build\test\testhdf5.vcxproj]</Text>
			<SourceFile>C:/oss/third_party/matio/CMake-hdf5-1.10.1/build/  test/tskiplist.c</SourceFile>
			<SourceLineNumber>1745</SourceLineNumber>
			<PreContext></PreContext>
			<PostContext></PostContext>
			<RepeatCount>0</RepeatCount>
		</Warning>
		<Warning>
			<BuildLogLine>8940</BuildLogLine>
			<Text>  C:\oss\third_party\matio\CMake-hdf5-1.10.1\hdf5-1.10.1\test\ttst.c(160): warning C4311: 'type cast': pointer truncation from 'H5ST_tree_t *' to 'long' [C:\oss\third_party\matio\CMake-hdf5-1.10.1\build\test\testhdf5.vcxproj]</Text>
			<SourceFile>C:/oss/third_party/matio/CMake-hdf5-1.10.1/build/  test/ttst.c</SourceFile>
			<SourceLineNumber>160</SourceLineNumber>
			<PreContext></PreContext>
			<PostContext></PostContext>
			<RepeatCount>0</RepeatCount>
		</Warning>
		<Warning>
			<BuildLogLine>8941</BuildLogLine>
			<Text>  C:\oss\third_party\matio\CMake-hdf5-1.10.1\hdf5-1.10.1\test\ttst.c(189): warning C4311: 'type cast': pointer truncation from 'H5ST_tree_t *' to 'long' [C:\oss\third_party\matio\CMake-hdf5-1.10.1\build\test\testhdf5.vcxproj]</Text>
			<SourceFile>C:/oss/third_party/matio/CMake-hdf5-1.10.1/build/  test/ttst.c</SourceFile>
			<SourceLineNumber>189</SourceLineNumber>
			<PreContext></PreContext>
			<PostContext></PostContext>
			<RepeatCount>0</RepeatCount>
		</Warning>
		<Warning>
			<BuildLogLine>8942</BuildLogLine>
			<Text>  C:\oss\third_party\matio\CMake-hdf5-1.10.1\hdf5-1.10.1\test\ttst.c(205): warning C4311: 'type cast': pointer truncation from 'H5ST_ptr_t' to 'long' [C:\oss\third_party\matio\CMake-hdf5-1.10.1\build\test\testhdf5.vcxproj]</Text>
			<SourceFile>C:/oss/third_party/matio/CMake-hdf5-1.10.1/build/  test/ttst.c</SourceFile>
			<SourceLineNumber>205</SourceLineNumber>
			<PreContext></PreContext>
			<PostContext></PostContext>
			<RepeatCount>0</RepeatCount>
		</Warning>
		<Warning>
			<BuildLogLine>8943</BuildLogLine>
			<Text>  C:\oss\third_party\matio\CMake-hdf5-1.10.1\hdf5-1.10.1\test\ttst.c(211): warning C4311: 'type cast': pointer truncation from 'void *' to 'long' [C:\oss\third_party\matio\CMake-hdf5-1.10.1\build\test\testhdf5.vcxproj]</Text>
			<SourceFile>C:/oss/third_party/matio/CMake-hdf5-1.10.1/build/  test/ttst.c</SourceFile>
			<SourceLineNumber>211</SourceLineNumber>
			<PreContext></PreContext>
			<PostContext></PostContext>
			<RepeatCount>0</RepeatCount>
		</Warning>
		<Warning>
			<BuildLogLine>8944</BuildLogLine>
			<Text>  C:\oss\third_party\matio\CMake-hdf5-1.10.1\hdf5-1.10.1\test\ttst.c(249): warning C4311: 'type cast': pointer truncation from 'H5ST_tree_t *' to 'long' [C:\oss\third_party\matio\CMake-hdf5-1.10.1\build\test\testhdf5.vcxproj]</Text>
			<SourceFile>C:/oss/third_party/matio/CMake-hdf5-1.10.1/build/  test/ttst.c</SourceFile>
			<SourceLineNumber>249</SourceLineNumber>
			<PreContext></PreContext>
			<PostContext></PostContext>
			<RepeatCount>0</RepeatCount>
		</Warning>
		<Warning>
			<BuildLogLine>8945</BuildLogLine>
			<Text>  C:\oss\third_party\matio\CMake-hdf5-1.10.1\hdf5-1.10.1\test\ttst.c(259): warning C4311: 'type cast': pointer truncation from 'H5ST_ptr_t' to 'long' [C:\oss\third_party\matio\CMake-hdf5-1.10.1\build\test\testhdf5.vcxproj]</Text>
			<SourceFile>C:/oss/third_party/matio/CMake-hdf5-1.10.1/build/  test/ttst.c</SourceFile>
			<SourceLineNumber>259</SourceLineNumber>
			<PreContext></PreContext>
			<PostContext></PostContext>
			<RepeatCount>0</RepeatCount>
		</Warning>
		<Warning>
			<BuildLogLine>8946</BuildLogLine>
			<Text>  C:\oss\third_party\matio\CMake-hdf5-1.10.1\hdf5-1.10.1\test\ttst.c(297): warning C4311: 'type cast': pointer truncation from 'H5ST_tree_t *' to 'long' [C:\oss\third_party\matio\CMake-hdf5-1.10.1\build\test\testhdf5.vcxproj]</Text>
			<SourceFile>C:/oss/third_party/matio/CMake-hdf5-1.10.1/build/  test/ttst.c</SourceFile>
			<SourceLineNumber>297</SourceLineNumber>
			<PreContext></PreContext>
			<PostContext></PostContext>
			<RepeatCount>0</RepeatCount>
		</Warning>
		<Warning>
			<BuildLogLine>8947</BuildLogLine>
			<Text>  C:\oss\third_party\matio\CMake-hdf5-1.10.1\hdf5-1.10.1\test\ttst.c(308): warning C4311: 'type cast': pointer truncation from 'void *' to 'long' [C:\oss\third_party\matio\CMake-hdf5-1.10.1\build\test\testhdf5.vcxproj]</Text>
			<SourceFile>C:/oss/third_party/matio/CMake-hdf5-1.10.1/build/  test/ttst.c</SourceFile>
			<SourceLineNumber>308</SourceLineNumber>
			<PreContext></PreContext>
			<PostContext></PostContext>
			<RepeatCount>0</RepeatCount>
		</Warning>
		<Warning>
			<BuildLogLine>8948</BuildLogLine>
			<Text>  C:\oss\third_party\matio\CMake-hdf5-1.10.1\hdf5-1.10.1\test\ttst.c(329): warning C4311: 'type cast': pointer truncation from 'H5ST_ptr_t' to 'long' [C:\oss\third_party\matio\CMake-hdf5-1.10.1\build\test\testhdf5.vcxproj]</Text>
			<SourceFile>C:/oss/third_party/matio/CMake-hdf5-1.10.1/build/  test/ttst.c</SourceFile>
			<SourceLineNumber>329</SourceLineNumber>
			<PreContext></PreContext>
			<PostContext></PostContext>
			<RepeatCount>0</RepeatCount>
		</Warning>
		<Warning>
			<BuildLogLine>8949</BuildLogLine>
			<Text>  C:\oss\third_party\matio\CMake-hdf5-1.10.1\hdf5-1.10.1\test\tvltypes.c(1018): warning C4311: 'type cast': pointer truncation from 's1 *' to 'long' [C:\oss\third_party\matio\CMake-hdf5-1.10.1\build\test\testhdf5.vcxproj]</Text>
			<SourceFile>C:/oss/third_party/matio/CMake-hdf5-1.10.1/build/  test/tvltypes.c</SourceFile>
			<SourceLineNumber>1018</SourceLineNumber>
			<PreContext></PreContext>
			<PostContext></PostContext>
			<RepeatCount>0</RepeatCount>
		</Warning>
		<Warning>
			<BuildLogLine>8950</BuildLogLine>
			<Text>  C:\oss\third_party\matio\CMake-hdf5-1.10.1\hdf5-1.10.1\test\tvltypes.c(1020): warning C4311: 'type cast': pointer truncation from 's1 *' to 'long' [C:\oss\third_party\matio\CMake-hdf5-1.10.1\build\test\testhdf5.vcxproj]</Text>
			<SourceFile>C:/oss/third_party/matio/CMake-hdf5-1.10.1/build/  test/tvltypes.c</SourceFile>
			<SourceLineNumber>1020</SourceLineNumber>
			<PreContext></PreContext>
			<PostContext></PostContext>
			<RepeatCount>0</RepeatCount>
		</Warning>
		<Warning>
			<BuildLogLine>8951</BuildLogLine>
			<Text>  C:\oss\third_party\matio\CMake-hdf5-1.10.1\hdf5-1.10.1\test\tvltypes.c(2506): warning C4311: 'type cast': pointer truncation from 'dtype1_struct *' to 'long' [C:\oss\third_party\matio\CMake-hdf5-1.10.1\build\test\testhdf5.vcxproj]</Text>
			<SourceFile>C:/oss/third_party/matio/CMake-hdf5-1.10.1/build/  test/tvltypes.c</SourceFile>
			<SourceLineNumber>2506</SourceLineNumber>
			<PreContext></PreContext>
			<PostContext>

"C:\oss\third_party\matio\CMake-hdf5-1.10.1\build\ALL_BUILD.vcxproj" (default target) (1) -&gt;
"C:\oss\third_party\matio\CMake-hdf5-1.10.1\build\test\vds_swmr_gen.vcxproj" (default target) (240) -&gt;
</PostContext>
			<RepeatCount>0</RepeatCount>
		</Warning>
		<Warning>
			<BuildLogLine>8956</BuildLogLine>
			<Text>  C:\oss\third_party\matio\CMake-hdf5-1.10.1\hdf5-1.10.1\test\vds_swmr_gen.c(106): warning C4244: '+=': conversion from 'hsize_t' to 'int', possible loss of data [C:\oss\third_party\matio\CMake-hdf5-1.10.1\build\test\vds_swmr_gen.vcxproj]</Text>
			<SourceFile>C:/oss/third_party/matio/CMake-hdf5-1.10.1/build/  test/vds_swmr_gen.c</SourceFile>
			<SourceLineNumber>106</SourceLineNumber>
			<PreContext></PreContext>
			<PostContext>

"C:\oss\third_party\matio\CMake-hdf5-1.10.1\build\ALL_BUILD.vcxproj" (default target) (1) -&gt;
"C:\oss\third_party\matio\CMake-hdf5-1.10.1\build\test\vds_swmr_reader.vcxproj" (default target) (241) -&gt;
</PostContext>
			<RepeatCount>0</RepeatCount>
		</Warning>
		<Warning>
			<BuildLogLine>8961</BuildLogLine>
			<Text>  C:\oss\third_party\matio\CMake-hdf5-1.10.1\hdf5-1.10.1\test\vds_swmr_reader.c(45): warning C4244: '=': conversion from 'hsize_t' to 'int', possible loss of data [C:\oss\third_party\matio\CMake-hdf5-1.10.1\build\test\vds_swmr_reader.vcxproj]</Text>
			<SourceFile>C:/oss/third_party/matio/CMake-hdf5-1.10.1/build/  test/vds_swmr_reader.c</SourceFile>
			<SourceLineNumber>45</SourceLineNumber>
			<PreContext></PreContext>
			<PostContext>

"C:\oss\third_party\matio\CMake-hdf5-1.10.1\build\ALL_BUILD.vcxproj" (default target) (1) -&gt;
"C:\oss\third_party\matio\CMake-hdf5-1.10.1\build\tools\test\perform\zip_perf.vcxproj" (default target) (244) -&gt;
</PostContext>
			<RepeatCount>0</RepeatCount>
		</Warning>
		<Warning>
			<BuildLogLine>8966</BuildLogLine>
			<Text>  C:\oss\third_party\matio\CMake-hdf5-1.10.1\hdf5-1.10.1\tools\test\perform\zip_perf.c(420): warning C4267: '-=': conversion from 'size_t' to 'uLongf', possible loss of data [C:\oss\third_party\matio\CMake-hdf5-1.10.1\build\tools\test\perform\zip_perf.vcxproj]</Text>
			<SourceFile>C:/oss/third_party/matio/CMake-hdf5-1.10.1/build/  tools/test/perform/zip_perf.c</SourceFile>
			<SourceLineNumber>420</SourceLineNumber>
			<PreContext></PreContext>
			<PostContext></PostContext>
			<RepeatCount>0</RepeatCount>
		</Warning>
		<Warning>
			<BuildLogLine>8967</BuildLogLine>
			<Text>  C:\oss\third_party\matio\CMake-hdf5-1.10.1\hdf5-1.10.1\tools\test\perform\zip_perf.c(496): warning C4267: '-=': conversion from 'size_t' to 'uLong', possible loss of data [C:\oss\third_party\matio\CMake-hdf5-1.10.1\build\tools\test\perform\zip_perf.vcxproj]</Text>
			<SourceFile>C:/oss/third_party/matio/CMake-hdf5-1.10.1/build/  tools/test/perform/zip_perf.c</SourceFile>
			<SourceLineNumber>496</SourceLineNumber>
			<PreContext></PreContext>
			<PostContext>
    590 Warning(s)
    0 Error(s)

Time Elapsed 00:09:29.22
</PostContext>
			<RepeatCount>0</RepeatCount>
		</Warning>
		<Log Encoding="base64" Compression="bin/gzip"/>
		<EndDateTime>Jan 12 14:04 Eastern Standard Time</EndDateTime>
		<EndBuildTime>1515783898</EndBuildTime>
		<ElapsedMinutes>9.5</ElapsedMinutes>
	</Build>
</Site>
