ark_robertson_root.obj : error LNK2019: unresolved external symbol __imp_N_VDestroy referenced in function main
ark_robertson_root.obj : error LNK2019: unresolved external symbol __imp_ARKodeCreate referenced in function main
ark_robertson_root.obj : error LNK2019: unresolved external symbol __imp_ARKodeSetMaxNumSteps referenced in function main
ark_robertson_root.obj : error LNK2019: unresolved external symbol __imp_ARKodeSetPredictorMethod referenced in function main
ark_robertson_root.obj : error LNK2019: unresolved external symbol __imp_ARKodeSetMaxErrTestFails referenced in function main
ark_robertson_root.obj : error LNK2019: unresolved external symbol __imp_ARKodeSetMaxNonlinIters referenced in function main
ark_robertson_root.obj : error LNK2019: unresolved external symbol __imp_ARKodeSetNonlinConvCoef referenced in function main
ark_robertson_root.obj : error LNK2019: unresolved external symbol __imp_ARKodeInit referenced in function main
ark_robertson_root.obj : error LNK2019: unresolved external symbol __imp_ARKodeSVtolerances referenced in function main
ark_robertson_root.obj : error LNK2019: unresolved external symbol __imp_ARKodeRootInit referenced in function main
ark_robertson_root.obj : error LNK2019: unresolved external symbol __imp_ARKode referenced in function main
ark_robertson_root.obj : error LNK2019: unresolved external symbol __imp_ARKodeGetNumSteps referenced in function main
ark_robertson_root.obj : error LNK2019: unresolved external symbol __imp_ARKodeGetNumStepAttempts referenced in function main
ark_robertson_root.obj : error LNK2019: unresolved external symbol __imp_ARKodeGetNumRhsEvals referenced in function main
ark_robertson_root.obj : error LNK2019: unresolved external symbol __imp_ARKodeGetNumLinSolvSetups referenced in function main
ark_robertson_root.obj : error LNK2019: unresolved external symbol __imp_ARKodeGetNumErrTestFails referenced in function main
ark_robertson_root.obj : error LNK2019: unresolved external symbol __imp_ARKodeGetNumGEvals referenced in function main
ark_robertson_root.obj : error LNK2019: unresolved external symbol __imp_ARKodeGetRootInfo referenced in function main
ark_robertson_root.obj : error LNK2019: unresolved external symbol __imp_ARKodeGetNumNonlinSolvIters referenced in function main
ark_robertson_root.obj : error LNK2019: unresolved external symbol __imp_ARKodeGetNumNonlinSolvConvFails referenced in function main
ark_robertson_root.obj : error LNK2019: unresolved external symbol __imp_ARKodeFree referenced in function main
ark_robertson_root.obj : error LNK2019: unresolved external symbol __imp_N_VNew_Serial referenced in function main
ark_robertson_root.obj : error LNK2019: unresolved external symbol __imp_SUNMatDestroy referenced in function main
ark_robertson_root.obj : error LNK2019: unresolved external symbol __imp_SUNMatZero referenced in function Jac
ark_robertson_root.obj : error LNK2019: unresolved external symbol __imp_SUNDenseMatrix referenced in function main
ark_robertson_root.obj : error LNK2019: unresolved external symbol __imp_SUNLinSolFree referenced in function main
ark_robertson_root.obj : error LNK2019: unresolved external symbol __imp_SUNDenseLinearSolver referenced in function main
ark_robertson_root.obj : error LNK2019: unresolved external symbol __imp_ARKDlsSetLinearSolver referenced in function main
ark_robertson_root.obj : error LNK2019: unresolved external symbol __imp_ARKDlsSetJacFn referenced in function main
ark_robertson_root.obj : error LNK2019: unresolved external symbol __imp_ARKDlsGetNumJacEvals referenced in function main
ark_robertson_root.obj : error LNK2019: unresolved external symbol __imp_ARKDlsGetNumRhsEvals referenced in function main
C:\oss\third_party\sundials\sundials-3.1.0-build\examples\arkode\C_serial\Release\ark_robertson_root.exe : fatal error LNK1120: 31 unresolved externals
