  Building Custom Rule C:/oss/third_party/sundials/sundials-3.1.0/examples/arkode/C_serial/CMakeLists.txt
  CMake does not need to re-run because C:/oss/third_party/sundials/sundials-3.1.0-build/examples/arkode/C_serial/CMakeFiles/generate.stamp is up-to-date.
  ark_analytic_nonlin.c
ark_analytic_nonlin.obj : error LNK2019: unresolved external symbol __imp_N_VDestroy referenced in function main
ark_analytic_nonlin.obj : error LNK2019: unresolved external symbol __imp_ARKodeCreate referenced in function main
ark_analytic_nonlin.obj : error LNK2019: unresolved external symbol __imp_ARKodeInit referenced in function main
ark_analytic_nonlin.obj : error LNK2019: unresolved external symbol __imp_ARKodeSStolerances referenced in function main
ark_analytic_nonlin.obj : error LNK2019: unresolved external symbol __imp_ARKode referenced in function main
ark_analytic_nonlin.obj : error LNK2019: unresolved external symbol __imp_ARKodeGetNumSteps referenced in function main
ark_analytic_nonlin.obj : error LNK2019: unresolved external symbol __imp_ARKodeGetNumStepAttempts referenced in function main
ark_analytic_nonlin.obj : error LNK2019: unresolved external symbol __imp_ARKodeGetNumRhsEvals referenced in function main
ark_analytic_nonlin.obj : error LNK2019: unresolved external symbol __imp_ARKodeGetNumErrTestFails referenced in function main
ark_analytic_nonlin.obj : error LNK2019: unresolved external symbol __imp_ARKodeFree referenced in function main
ark_analytic_nonlin.obj : error LNK2019: unresolved external symbol __imp_N_VNew_Serial referenced in function main
ark_analytic_nonlin.obj : error LNK2019: unresolved external symbol __imp_SUNRexp referenced in function f
C:\oss\third_party\sundials\sundials-3.1.0-build\examples\arkode\C_serial\MinSizeRel\ark_analytic_nonlin.exe : fatal error LNK1120: 12 unresolved externals
