  Building Custom Rule C:/oss/third_party/sundials/sundials-3.1.0/examples/arkode/C_serial/CMakeLists.txt
  CMake does not need to re-run because C:/oss/third_party/sundials/sundials-3.1.0-build/examples/arkode/C_serial/CMakeFiles/generate.stamp is up-to-date.
  ark_brusselator1D.c
ark_brusselator1D.obj : error LNK2019: unresolved external symbol __imp_N_VDestroy referenced in function main
ark_brusselator1D.obj : error LNK2019: unresolved external symbol __imp_N_VGetArrayPointer referenced in function ReactionJac
ark_brusselator1D.obj : error LNK2019: unresolved external symbol __imp_N_VConst referenced in function f
ark_brusselator1D.obj : error LNK2019: unresolved external symbol __imp_N_VWL2Norm referenced in function main
ark_brusselator1D.obj : error LNK2019: unresolved external symbol __imp_ARKodeCreate referenced in function main
ark_brusselator1D.obj : error LNK2019: unresolved external symbol __imp_ARKodeSetUserData referenced in function main
ark_brusselator1D.obj : error LNK2019: unresolved external symbol __imp_ARKodeInit referenced in function main
ark_brusselator1D.obj : error LNK2019: unresolved external symbol __imp_ARKodeSStolerances referenced in function main
ark_brusselator1D.obj : error LNK2019: unresolved external symbol __imp_ARKode referenced in function main
ark_brusselator1D.obj : error LNK2019: unresolved external symbol __imp_ARKodeGetNumSteps referenced in function main
ark_brusselator1D.obj : error LNK2019: unresolved external symbol __imp_ARKodeGetNumStepAttempts referenced in function main
ark_brusselator1D.obj : error LNK2019: unresolved external symbol __imp_ARKodeGetNumRhsEvals referenced in function main
ark_brusselator1D.obj : error LNK2019: unresolved external symbol __imp_ARKodeGetNumLinSolvSetups referenced in function main
ark_brusselator1D.obj : error LNK2019: unresolved external symbol __imp_ARKodeGetNumErrTestFails referenced in function main
ark_brusselator1D.obj : error LNK2019: unresolved external symbol __imp_ARKodeGetNumNonlinSolvIters referenced in function main
ark_brusselator1D.obj : error LNK2019: unresolved external symbol __imp_ARKodeGetNumNonlinSolvConvFails referenced in function main
ark_brusselator1D.obj : error LNK2019: unresolved external symbol __imp_ARKodeFree referenced in function main
ark_brusselator1D.obj : error LNK2019: unresolved external symbol __imp_N_VNew_Serial referenced in function main
ark_brusselator1D.obj : error LNK2019: unresolved external symbol __imp_SUNMatDestroy referenced in function main
ark_brusselator1D.obj : error LNK2019: unresolved external symbol __imp_SUNMatZero referenced in function Jac
ark_brusselator1D.obj : error LNK2019: unresolved external symbol __imp_SUNBandMatrix referenced in function main
ark_brusselator1D.obj : error LNK2019: unresolved external symbol __imp_SUNLinSolFree referenced in function main
ark_brusselator1D.obj : error LNK2019: unresolved external symbol __imp_SUNBandLinearSolver referenced in function main
ark_brusselator1D.obj : error LNK2019: unresolved external symbol __imp_ARKDlsSetLinearSolver referenced in function main
ark_brusselator1D.obj : error LNK2019: unresolved external symbol __imp_ARKDlsSetJacFn referenced in function main
ark_brusselator1D.obj : error LNK2019: unresolved external symbol __imp_ARKDlsGetNumJacEvals referenced in function main
ark_brusselator1D.obj : error LNK2019: unresolved external symbol __imp_ARKDlsGetNumRhsEvals referenced in function main
ark_brusselator1D.obj : error LNK2019: unresolved external symbol __imp_SUNRsqrt referenced in function main
C:\oss\third_party\sundials\sundials-3.1.0-build\examples\arkode\C_serial\MinSizeRel\ark_brusselator1D.exe : fatal error LNK1120: 28 unresolved externals
