Start testing: Apr 25 14:35 Eastern Daylight Time
----------------------------------------------------------
1/41 Testing: ark_analytic
1/41 Test: ark_analytic
Command: "C:/Python36/python.exe" "C:/oss/third_party/sundials/sundials-3.1.0/test/testRunner" "--verbose" "--testname=ark_analytic" "--executablename=C:/oss/third_party/sundials/sundials-3.1.0-build/examples/arkode/C_serial/Release/ark_analytic.exe" "--outputdir=C:/oss/third_party/sundials/sundials-3.1.0-build/Testing/output" "--nodiff" "--answerdir=C:/oss/third_party/sundials/sundials-3.1.0/examples/arkode/C_serial" "--answerfile=ark_analytic.out"
Directory: C:/oss/third_party/sundials/sundials-3.1.0-build/examples/arkode/C_serial
"ark_analytic" start time: Apr 25 14:35 Eastern Daylight Time
Output:
----------------------------------------------------------
  File "C:/oss/third_party/sundials/sundials-3.1.0/test/testRunner", line 73
    print "testName=%s"%(args.testName)
                      ^
SyntaxError: invalid syntax
<end of output>
Test time =   0.06 sec
----------------------------------------------------------
Test Failed.
"ark_analytic" end time: Apr 25 14:35 Eastern Daylight Time
"ark_analytic" time elapsed: 00:00:00
----------------------------------------------------------

2/41 Testing: ark_robertson
2/41 Test: ark_robertson
Command: "C:/Python36/python.exe" "C:/oss/third_party/sundials/sundials-3.1.0/test/testRunner" "--verbose" "--testname=ark_robertson" "--executablename=C:/oss/third_party/sundials/sundials-3.1.0-build/examples/arkode/C_serial/Release/ark_robertson.exe" "--outputdir=C:/oss/third_party/sundials/sundials-3.1.0-build/Testing/output" "--nodiff" "--answerdir=C:/oss/third_party/sundials/sundials-3.1.0/examples/arkode/C_serial" "--answerfile=ark_robertson.out"
Directory: C:/oss/third_party/sundials/sundials-3.1.0-build/examples/arkode/C_serial
"ark_robertson" start time: Apr 25 14:35 Eastern Daylight Time
Output:
----------------------------------------------------------
  File "C:/oss/third_party/sundials/sundials-3.1.0/test/testRunner", line 73
    print "testName=%s"%(args.testName)
                      ^
SyntaxError: invalid syntax
<end of output>
Test time =   0.06 sec
----------------------------------------------------------
Test Failed.
"ark_robertson" end time: Apr 25 14:35 Eastern Daylight Time
"ark_robertson" time elapsed: 00:00:00
----------------------------------------------------------

3/41 Testing: cvRoberts_dns
3/41 Test: cvRoberts_dns
Command: "C:/Python36/python.exe" "C:/oss/third_party/sundials/sundials-3.1.0/test/testRunner" "--verbose" "--testname=cvRoberts_dns" "--executablename=C:/oss/third_party/sundials/sundials-3.1.0-build/examples/cvode/serial/Release/cvRoberts_dns.exe" "--outputdir=C:/oss/third_party/sundials/sundials-3.1.0-build/Testing/output" "--nodiff" "--answerdir=C:/oss/third_party/sundials/sundials-3.1.0/examples/cvode/serial" "--answerfile=cvRoberts_dns.out"
Directory: C:/oss/third_party/sundials/sundials-3.1.0-build/examples/cvode/serial
"cvRoberts_dns" start time: Apr 25 14:35 Eastern Daylight Time
Output:
----------------------------------------------------------
  File "C:/oss/third_party/sundials/sundials-3.1.0/test/testRunner", line 73
    print "testName=%s"%(args.testName)
                      ^
SyntaxError: invalid syntax
<end of output>
Test time =   0.06 sec
----------------------------------------------------------
Test Failed.
"cvRoberts_dns" end time: Apr 25 14:35 Eastern Daylight Time
"cvRoberts_dns" time elapsed: 00:00:00
----------------------------------------------------------

4/41 Testing: cvsRoberts_dns
4/41 Test: cvsRoberts_dns
Command: "C:/Python36/python.exe" "C:/oss/third_party/sundials/sundials-3.1.0/test/testRunner" "--verbose" "--testname=cvsRoberts_dns" "--executablename=C:/oss/third_party/sundials/sundials-3.1.0-build/examples/cvodes/serial/Release/cvsRoberts_dns.exe" "--outputdir=C:/oss/third_party/sundials/sundials-3.1.0-build/Testing/output" "--nodiff" "--answerdir=C:/oss/third_party/sundials/sundials-3.1.0/examples/cvodes/serial" "--answerfile=cvsRoberts_dns.out"
Directory: C:/oss/third_party/sundials/sundials-3.1.0-build/examples/cvodes/serial
"cvsRoberts_dns" start time: Apr 25 14:35 Eastern Daylight Time
Output:
----------------------------------------------------------
  File "C:/oss/third_party/sundials/sundials-3.1.0/test/testRunner", line 73
    print "testName=%s"%(args.testName)
                      ^
SyntaxError: invalid syntax
<end of output>
Test time =   0.06 sec
----------------------------------------------------------
Test Failed.
"cvsRoberts_dns" end time: Apr 25 14:35 Eastern Daylight Time
"cvsRoberts_dns" time elapsed: 00:00:00
----------------------------------------------------------

5/41 Testing: idaRoberts_dns
5/41 Test: idaRoberts_dns
Command: "C:/Python36/python.exe" "C:/oss/third_party/sundials/sundials-3.1.0/test/testRunner" "--verbose" "--testname=idaRoberts_dns" "--executablename=C:/oss/third_party/sundials/sundials-3.1.0-build/examples/ida/serial/Release/idaRoberts_dns.exe" "--outputdir=C:/oss/third_party/sundials/sundials-3.1.0-build/Testing/output" "--nodiff" "--answerdir=C:/oss/third_party/sundials/sundials-3.1.0/examples/ida/serial" "--answerfile=idaRoberts_dns.out"
Directory: C:/oss/third_party/sundials/sundials-3.1.0-build/examples/ida/serial
"idaRoberts_dns" start time: Apr 25 14:35 Eastern Daylight Time
Output:
----------------------------------------------------------
  File "C:/oss/third_party/sundials/sundials-3.1.0/test/testRunner", line 73
    print "testName=%s"%(args.testName)
                      ^
SyntaxError: invalid syntax
<end of output>
Test time =   0.06 sec
----------------------------------------------------------
Test Failed.
"idaRoberts_dns" end time: Apr 25 14:35 Eastern Daylight Time
"idaRoberts_dns" time elapsed: 00:00:00
----------------------------------------------------------

6/41 Testing: idasRoberts_dns
6/41 Test: idasRoberts_dns
Command: "C:/Python36/python.exe" "C:/oss/third_party/sundials/sundials-3.1.0/test/testRunner" "--verbose" "--testname=idasRoberts_dns" "--executablename=C:/oss/third_party/sundials/sundials-3.1.0-build/examples/idas/serial/Release/idasRoberts_dns.exe" "--outputdir=C:/oss/third_party/sundials/sundials-3.1.0-build/Testing/output" "--nodiff" "--answerdir=C:/oss/third_party/sundials/sundials-3.1.0/examples/idas/serial" "--answerfile=idasRoberts_dns.out"
Directory: C:/oss/third_party/sundials/sundials-3.1.0-build/examples/idas/serial
"idasRoberts_dns" start time: Apr 25 14:35 Eastern Daylight Time
Output:
----------------------------------------------------------
  File "C:/oss/third_party/sundials/sundials-3.1.0/test/testRunner", line 73
    print "testName=%s"%(args.testName)
                      ^
SyntaxError: invalid syntax
<end of output>
Test time =   0.06 sec
----------------------------------------------------------
Test Failed.
"idasRoberts_dns" end time: Apr 25 14:35 Eastern Daylight Time
"idasRoberts_dns" time elapsed: 00:00:00
----------------------------------------------------------

7/41 Testing: kinRoberts_fp
7/41 Test: kinRoberts_fp
Command: "C:/Python36/python.exe" "C:/oss/third_party/sundials/sundials-3.1.0/test/testRunner" "--verbose" "--testname=kinRoberts_fp" "--executablename=C:/oss/third_party/sundials/sundials-3.1.0-build/examples/kinsol/serial/Release/kinRoberts_fp.exe" "--outputdir=C:/oss/third_party/sundials/sundials-3.1.0-build/Testing/output" "--nodiff" "--answerdir=C:/oss/third_party/sundials/sundials-3.1.0/examples/kinsol/serial" "--answerfile=kinRoberts_fp.out"
Directory: C:/oss/third_party/sundials/sundials-3.1.0-build/examples/kinsol/serial
"kinRoberts_fp" start time: Apr 25 14:35 Eastern Daylight Time
Output:
----------------------------------------------------------
  File "C:/oss/third_party/sundials/sundials-3.1.0/test/testRunner", line 73
    print "testName=%s"%(args.testName)
                      ^
SyntaxError: invalid syntax
<end of output>
Test time =   0.06 sec
----------------------------------------------------------
Test Failed.
"kinRoberts_fp" end time: Apr 25 14:35 Eastern Daylight Time
"kinRoberts_fp" time elapsed: 00:00:00
----------------------------------------------------------

8/41 Testing: test_nvector_serial_1000_0
8/41 Test: test_nvector_serial_1000_0
Command: "C:/Python36/python.exe" "C:/oss/third_party/sundials/sundials-3.1.0/test/testRunner" "--verbose" "--testname=test_nvector_serial_1000_0" "--executablename=C:/oss/third_party/sundials/sundials-3.1.0-build/examples/nvector/serial/Release/test_nvector_serial.exe" "--outputdir=C:/oss/third_party/sundials/sundials-3.1.0-build/Testing/output" "--nodiff" "--runargs="1000 0""
Directory: C:/oss/third_party/sundials/sundials-3.1.0-build/examples/nvector/serial
"test_nvector_serial_1000_0" start time: Apr 25 14:35 Eastern Daylight Time
Output:
----------------------------------------------------------
  File "C:/oss/third_party/sundials/sundials-3.1.0/test/testRunner", line 73
    print "testName=%s"%(args.testName)
                      ^
SyntaxError: invalid syntax
<end of output>
Test time =   0.06 sec
----------------------------------------------------------
Test Failed.
"test_nvector_serial_1000_0" end time: Apr 25 14:35 Eastern Daylight Time
"test_nvector_serial_1000_0" time elapsed: 00:00:00
----------------------------------------------------------

9/41 Testing: test_nvector_serial_10000_0
9/41 Test: test_nvector_serial_10000_0
Command: "C:/Python36/python.exe" "C:/oss/third_party/sundials/sundials-3.1.0/test/testRunner" "--verbose" "--testname=test_nvector_serial_10000_0" "--executablename=C:/oss/third_party/sundials/sundials-3.1.0-build/examples/nvector/serial/Release/test_nvector_serial.exe" "--outputdir=C:/oss/third_party/sundials/sundials-3.1.0-build/Testing/output" "--nodiff" "--runargs="10000 0""
Directory: C:/oss/third_party/sundials/sundials-3.1.0-build/examples/nvector/serial
"test_nvector_serial_10000_0" start time: Apr 25 14:35 Eastern Daylight Time
Output:
----------------------------------------------------------
  File "C:/oss/third_party/sundials/sundials-3.1.0/test/testRunner", line 73
    print "testName=%s"%(args.testName)
                      ^
SyntaxError: invalid syntax
<end of output>
Test time =   0.06 sec
----------------------------------------------------------
Test Failed.
"test_nvector_serial_10000_0" end time: Apr 25 14:35 Eastern Daylight Time
"test_nvector_serial_10000_0" time elapsed: 00:00:00
----------------------------------------------------------

10/41 Testing: test_sunmatrix_dense_100_100_0
10/41 Test: test_sunmatrix_dense_100_100_0
Command: "C:/Python36/python.exe" "C:/oss/third_party/sundials/sundials-3.1.0/test/testRunner" "--verbose" "--testname=test_sunmatrix_dense_100_100_0" "--executablename=C:/oss/third_party/sundials/sundials-3.1.0-build/examples/sunmatrix/dense/Release/test_sunmatrix_dense.exe" "--outputdir=C:/oss/third_party/sundials/sundials-3.1.0-build/Testing/output" "--nodiff" "--runargs="100 100 0""
Directory: C:/oss/third_party/sundials/sundials-3.1.0-build/examples/sunmatrix/dense
"test_sunmatrix_dense_100_100_0" start time: Apr 25 14:35 Eastern Daylight Time
Output:
----------------------------------------------------------
  File "C:/oss/third_party/sundials/sundials-3.1.0/test/testRunner", line 73
    print "testName=%s"%(args.testName)
                      ^
SyntaxError: invalid syntax
<end of output>
Test time =   0.06 sec
----------------------------------------------------------
Test Failed.
"test_sunmatrix_dense_100_100_0" end time: Apr 25 14:35 Eastern Daylight Time
"test_sunmatrix_dense_100_100_0" time elapsed: 00:00:00
----------------------------------------------------------

11/41 Testing: test_sunmatrix_dense_200_1000_0
11/41 Test: test_sunmatrix_dense_200_1000_0
Command: "C:/Python36/python.exe" "C:/oss/third_party/sundials/sundials-3.1.0/test/testRunner" "--verbose" "--testname=test_sunmatrix_dense_200_1000_0" "--executablename=C:/oss/third_party/sundials/sundials-3.1.0-build/examples/sunmatrix/dense/Release/test_sunmatrix_dense.exe" "--outputdir=C:/oss/third_party/sundials/sundials-3.1.0-build/Testing/output" "--nodiff" "--runargs="200 1000 0""
Directory: C:/oss/third_party/sundials/sundials-3.1.0-build/examples/sunmatrix/dense
"test_sunmatrix_dense_200_1000_0" start time: Apr 25 14:35 Eastern Daylight Time
Output:
----------------------------------------------------------
  File "C:/oss/third_party/sundials/sundials-3.1.0/test/testRunner", line 73
    print "testName=%s"%(args.testName)
                      ^
SyntaxError: invalid syntax
<end of output>
Test time =   0.06 sec
----------------------------------------------------------
Test Failed.
"test_sunmatrix_dense_200_1000_0" end time: Apr 25 14:35 Eastern Daylight Time
"test_sunmatrix_dense_200_1000_0" time elapsed: 00:00:00
----------------------------------------------------------

12/41 Testing: test_sunmatrix_dense_2000_100_0
12/41 Test: test_sunmatrix_dense_2000_100_0
Command: "C:/Python36/python.exe" "C:/oss/third_party/sundials/sundials-3.1.0/test/testRunner" "--verbose" "--testname=test_sunmatrix_dense_2000_100_0" "--executablename=C:/oss/third_party/sundials/sundials-3.1.0-build/examples/sunmatrix/dense/Release/test_sunmatrix_dense.exe" "--outputdir=C:/oss/third_party/sundials/sundials-3.1.0-build/Testing/output" "--nodiff" "--runargs="2000 100 0""
Directory: C:/oss/third_party/sundials/sundials-3.1.0-build/examples/sunmatrix/dense
"test_sunmatrix_dense_2000_100_0" start time: Apr 25 14:35 Eastern Daylight Time
Output:
----------------------------------------------------------
  File "C:/oss/third_party/sundials/sundials-3.1.0/test/testRunner", line 73
    print "testName=%s"%(args.testName)
                      ^
SyntaxError: invalid syntax
<end of output>
Test time =   0.06 sec
----------------------------------------------------------
Test Failed.
"test_sunmatrix_dense_2000_100_0" end time: Apr 25 14:35 Eastern Daylight Time
"test_sunmatrix_dense_2000_100_0" time elapsed: 00:00:00
----------------------------------------------------------

13/41 Testing: test_sunmatrix_band_10_2_3_0
13/41 Test: test_sunmatrix_band_10_2_3_0
Command: "C:/Python36/python.exe" "C:/oss/third_party/sundials/sundials-3.1.0/test/testRunner" "--verbose" "--testname=test_sunmatrix_band_10_2_3_0" "--executablename=C:/oss/third_party/sundials/sundials-3.1.0-build/examples/sunmatrix/band/Release/test_sunmatrix_band.exe" "--outputdir=C:/oss/third_party/sundials/sundials-3.1.0-build/Testing/output" "--nodiff" "--runargs="10 2 3 0""
Directory: C:/oss/third_party/sundials/sundials-3.1.0-build/examples/sunmatrix/band
"test_sunmatrix_band_10_2_3_0" start time: Apr 25 14:35 Eastern Daylight Time
Output:
----------------------------------------------------------
  File "C:/oss/third_party/sundials/sundials-3.1.0/test/testRunner", line 73
    print "testName=%s"%(args.testName)
                      ^
SyntaxError: invalid syntax
<end of output>
Test time =   0.06 sec
----------------------------------------------------------
Test Failed.
"test_sunmatrix_band_10_2_3_0" end time: Apr 25 14:35 Eastern Daylight Time
"test_sunmatrix_band_10_2_3_0" time elapsed: 00:00:00
----------------------------------------------------------

14/41 Testing: test_sunmatrix_band_300_7_4_0
14/41 Test: test_sunmatrix_band_300_7_4_0
Command: "C:/Python36/python.exe" "C:/oss/third_party/sundials/sundials-3.1.0/test/testRunner" "--verbose" "--testname=test_sunmatrix_band_300_7_4_0" "--executablename=C:/oss/third_party/sundials/sundials-3.1.0-build/examples/sunmatrix/band/Release/test_sunmatrix_band.exe" "--outputdir=C:/oss/third_party/sundials/sundials-3.1.0-build/Testing/output" "--nodiff" "--runargs="300 7 4 0""
Directory: C:/oss/third_party/sundials/sundials-3.1.0-build/examples/sunmatrix/band
"test_sunmatrix_band_300_7_4_0" start time: Apr 25 14:35 Eastern Daylight Time
Output:
----------------------------------------------------------
  File "C:/oss/third_party/sundials/sundials-3.1.0/test/testRunner", line 73
    print "testName=%s"%(args.testName)
                      ^
SyntaxError: invalid syntax
<end of output>
Test time =   0.06 sec
----------------------------------------------------------
Test Failed.
"test_sunmatrix_band_300_7_4_0" end time: Apr 25 14:35 Eastern Daylight Time
"test_sunmatrix_band_300_7_4_0" time elapsed: 00:00:00
----------------------------------------------------------

15/41 Testing: test_sunmatrix_band_1000_8_8_0
15/41 Test: test_sunmatrix_band_1000_8_8_0
Command: "C:/Python36/python.exe" "C:/oss/third_party/sundials/sundials-3.1.0/test/testRunner" "--verbose" "--testname=test_sunmatrix_band_1000_8_8_0" "--executablename=C:/oss/third_party/sundials/sundials-3.1.0-build/examples/sunmatrix/band/Release/test_sunmatrix_band.exe" "--outputdir=C:/oss/third_party/sundials/sundials-3.1.0-build/Testing/output" "--nodiff" "--runargs="1000 8 8 0""
Directory: C:/oss/third_party/sundials/sundials-3.1.0-build/examples/sunmatrix/band
"test_sunmatrix_band_1000_8_8_0" start time: Apr 25 14:35 Eastern Daylight Time
Output:
----------------------------------------------------------
  File "C:/oss/third_party/sundials/sundials-3.1.0/test/testRunner", line 73
    print "testName=%s"%(args.testName)
                      ^
SyntaxError: invalid syntax
<end of output>
Test time =   0.06 sec
----------------------------------------------------------
Test Failed.
"test_sunmatrix_band_1000_8_8_0" end time: Apr 25 14:35 Eastern Daylight Time
"test_sunmatrix_band_1000_8_8_0" time elapsed: 00:00:00
----------------------------------------------------------

16/41 Testing: test_sunmatrix_band_5000_3_20_0
16/41 Test: test_sunmatrix_band_5000_3_20_0
Command: "C:/Python36/python.exe" "C:/oss/third_party/sundials/sundials-3.1.0/test/testRunner" "--verbose" "--testname=test_sunmatrix_band_5000_3_20_0" "--executablename=C:/oss/third_party/sundials/sundials-3.1.0-build/examples/sunmatrix/band/Release/test_sunmatrix_band.exe" "--outputdir=C:/oss/third_party/sundials/sundials-3.1.0-build/Testing/output" "--nodiff" "--runargs="5000 3 20 0""
Directory: C:/oss/third_party/sundials/sundials-3.1.0-build/examples/sunmatrix/band
"test_sunmatrix_band_5000_3_20_0" start time: Apr 25 14:35 Eastern Daylight Time
Output:
----------------------------------------------------------
  File "C:/oss/third_party/sundials/sundials-3.1.0/test/testRunner", line 73
    print "testName=%s"%(args.testName)
                      ^
SyntaxError: invalid syntax
<end of output>
Test time =   0.06 sec
----------------------------------------------------------
Test Failed.
"test_sunmatrix_band_5000_3_20_0" end time: Apr 25 14:35 Eastern Daylight Time
"test_sunmatrix_band_5000_3_20_0" time elapsed: 00:00:00
----------------------------------------------------------

17/41 Testing: test_sunmatrix_sparse_400_400_0_0
17/41 Test: test_sunmatrix_sparse_400_400_0_0
Command: "C:/Python36/python.exe" "C:/oss/third_party/sundials/sundials-3.1.0/test/testRunner" "--verbose" "--testname=test_sunmatrix_sparse_400_400_0_0" "--executablename=C:/oss/third_party/sundials/sundials-3.1.0-build/examples/sunmatrix/sparse/Release/test_sunmatrix_sparse.exe" "--outputdir=C:/oss/third_party/sundials/sundials-3.1.0-build/Testing/output" "--nodiff" "--runargs="400 400 0 0""
Directory: C:/oss/third_party/sundials/sundials-3.1.0-build/examples/sunmatrix/sparse
"test_sunmatrix_sparse_400_400_0_0" start time: Apr 25 14:35 Eastern Daylight Time
Output:
----------------------------------------------------------
  File "C:/oss/third_party/sundials/sundials-3.1.0/test/testRunner", line 73
    print "testName=%s"%(args.testName)
                      ^
SyntaxError: invalid syntax
<end of output>
Test time =   0.06 sec
----------------------------------------------------------
Test Failed.
"test_sunmatrix_sparse_400_400_0_0" end time: Apr 25 14:35 Eastern Daylight Time
"test_sunmatrix_sparse_400_400_0_0" time elapsed: 00:00:00
----------------------------------------------------------

18/41 Testing: test_sunmatrix_sparse_450_450_1_0
18/41 Test: test_sunmatrix_sparse_450_450_1_0
Command: "C:/Python36/python.exe" "C:/oss/third_party/sundials/sundials-3.1.0/test/testRunner" "--verbose" "--testname=test_sunmatrix_sparse_450_450_1_0" "--executablename=C:/oss/third_party/sundials/sundials-3.1.0-build/examples/sunmatrix/sparse/Release/test_sunmatrix_sparse.exe" "--outputdir=C:/oss/third_party/sundials/sundials-3.1.0-build/Testing/output" "--nodiff" "--runargs="450 450 1 0""
Directory: C:/oss/third_party/sundials/sundials-3.1.0-build/examples/sunmatrix/sparse
"test_sunmatrix_sparse_450_450_1_0" start time: Apr 25 14:35 Eastern Daylight Time
Output:
----------------------------------------------------------
  File "C:/oss/third_party/sundials/sundials-3.1.0/test/testRunner", line 73
    print "testName=%s"%(args.testName)
                      ^
SyntaxError: invalid syntax
<end of output>
Test time =   0.06 sec
----------------------------------------------------------
Test Failed.
"test_sunmatrix_sparse_450_450_1_0" end time: Apr 25 14:35 Eastern Daylight Time
"test_sunmatrix_sparse_450_450_1_0" time elapsed: 00:00:00
----------------------------------------------------------

19/41 Testing: test_sunmatrix_sparse_200_1000_0_0
19/41 Test: test_sunmatrix_sparse_200_1000_0_0
Command: "C:/Python36/python.exe" "C:/oss/third_party/sundials/sundials-3.1.0/test/testRunner" "--verbose" "--testname=test_sunmatrix_sparse_200_1000_0_0" "--executablename=C:/oss/third_party/sundials/sundials-3.1.0-build/examples/sunmatrix/sparse/Release/test_sunmatrix_sparse.exe" "--outputdir=C:/oss/third_party/sundials/sundials-3.1.0-build/Testing/output" "--nodiff" "--runargs="200 1000 0 0""
Directory: C:/oss/third_party/sundials/sundials-3.1.0-build/examples/sunmatrix/sparse
"test_sunmatrix_sparse_200_1000_0_0" start time: Apr 25 14:35 Eastern Daylight Time
Output:
----------------------------------------------------------
  File "C:/oss/third_party/sundials/sundials-3.1.0/test/testRunner", line 73
    print "testName=%s"%(args.testName)
                      ^
SyntaxError: invalid syntax
<end of output>
Test time =   0.06 sec
----------------------------------------------------------
Test Failed.
"test_sunmatrix_sparse_200_1000_0_0" end time: Apr 25 14:35 Eastern Daylight Time
"test_sunmatrix_sparse_200_1000_0_0" time elapsed: 00:00:00
----------------------------------------------------------

20/41 Testing: test_sunmatrix_sparse_6000_350_0_0
20/41 Test: test_sunmatrix_sparse_6000_350_0_0
Command: "C:/Python36/python.exe" "C:/oss/third_party/sundials/sundials-3.1.0/test/testRunner" "--verbose" "--testname=test_sunmatrix_sparse_6000_350_0_0" "--executablename=C:/oss/third_party/sundials/sundials-3.1.0-build/examples/sunmatrix/sparse/Release/test_sunmatrix_sparse.exe" "--outputdir=C:/oss/third_party/sundials/sundials-3.1.0-build/Testing/output" "--nodiff" "--runargs="6000 350 0 0""
Directory: C:/oss/third_party/sundials/sundials-3.1.0-build/examples/sunmatrix/sparse
"test_sunmatrix_sparse_6000_350_0_0" start time: Apr 25 14:35 Eastern Daylight Time
Output:
----------------------------------------------------------
  File "C:/oss/third_party/sundials/sundials-3.1.0/test/testRunner", line 73
    print "testName=%s"%(args.testName)
                      ^
SyntaxError: invalid syntax
<end of output>
Test time =   0.06 sec
----------------------------------------------------------
Test Failed.
"test_sunmatrix_sparse_6000_350_0_0" end time: Apr 25 14:35 Eastern Daylight Time
"test_sunmatrix_sparse_6000_350_0_0" time elapsed: 00:00:00
----------------------------------------------------------

21/41 Testing: test_sunmatrix_sparse_500_5000_1_0
21/41 Test: test_sunmatrix_sparse_500_5000_1_0
Command: "C:/Python36/python.exe" "C:/oss/third_party/sundials/sundials-3.1.0/test/testRunner" "--verbose" "--testname=test_sunmatrix_sparse_500_5000_1_0" "--executablename=C:/oss/third_party/sundials/sundials-3.1.0-build/examples/sunmatrix/sparse/Release/test_sunmatrix_sparse.exe" "--outputdir=C:/oss/third_party/sundials/sundials-3.1.0-build/Testing/output" "--nodiff" "--runargs="500 5000 1 0""
Directory: C:/oss/third_party/sundials/sundials-3.1.0-build/examples/sunmatrix/sparse
"test_sunmatrix_sparse_500_5000_1_0" start time: Apr 25 14:35 Eastern Daylight Time
Output:
----------------------------------------------------------
  File "C:/oss/third_party/sundials/sundials-3.1.0/test/testRunner", line 73
    print "testName=%s"%(args.testName)
                      ^
SyntaxError: invalid syntax
<end of output>
Test time =   0.06 sec
----------------------------------------------------------
Test Failed.
"test_sunmatrix_sparse_500_5000_1_0" end time: Apr 25 14:35 Eastern Daylight Time
"test_sunmatrix_sparse_500_5000_1_0" time elapsed: 00:00:00
----------------------------------------------------------

22/41 Testing: test_sunmatrix_sparse_4000_800_1_0
22/41 Test: test_sunmatrix_sparse_4000_800_1_0
Command: "C:/Python36/python.exe" "C:/oss/third_party/sundials/sundials-3.1.0/test/testRunner" "--verbose" "--testname=test_sunmatrix_sparse_4000_800_1_0" "--executablename=C:/oss/third_party/sundials/sundials-3.1.0-build/examples/sunmatrix/sparse/Release/test_sunmatrix_sparse.exe" "--outputdir=C:/oss/third_party/sundials/sundials-3.1.0-build/Testing/output" "--nodiff" "--runargs="4000 800 1 0""
Directory: C:/oss/third_party/sundials/sundials-3.1.0-build/examples/sunmatrix/sparse
"test_sunmatrix_sparse_4000_800_1_0" start time: Apr 25 14:35 Eastern Daylight Time
Output:
----------------------------------------------------------
  File "C:/oss/third_party/sundials/sundials-3.1.0/test/testRunner", line 73
    print "testName=%s"%(args.testName)
                      ^
SyntaxError: invalid syntax
<end of output>
Test time =   0.06 sec
----------------------------------------------------------
Test Failed.
"test_sunmatrix_sparse_4000_800_1_0" end time: Apr 25 14:35 Eastern Daylight Time
"test_sunmatrix_sparse_4000_800_1_0" time elapsed: 00:00:00
----------------------------------------------------------

23/41 Testing: test_sunlinsol_band_10_2_3_0
23/41 Test: test_sunlinsol_band_10_2_3_0
Command: "C:/Python36/python.exe" "C:/oss/third_party/sundials/sundials-3.1.0/test/testRunner" "--verbose" "--testname=test_sunlinsol_band_10_2_3_0" "--executablename=C:/oss/third_party/sundials/sundials-3.1.0-build/examples/sunlinsol/band/Release/test_sunlinsol_band.exe" "--outputdir=C:/oss/third_party/sundials/sundials-3.1.0-build/Testing/output" "--nodiff" "--runargs="10 2 3 0""
Directory: C:/oss/third_party/sundials/sundials-3.1.0-build/examples/sunlinsol/band
"test_sunlinsol_band_10_2_3_0" start time: Apr 25 14:35 Eastern Daylight Time
Output:
----------------------------------------------------------
  File "C:/oss/third_party/sundials/sundials-3.1.0/test/testRunner", line 73
    print "testName=%s"%(args.testName)
                      ^
SyntaxError: invalid syntax
<end of output>
Test time =   0.06 sec
----------------------------------------------------------
Test Failed.
"test_sunlinsol_band_10_2_3_0" end time: Apr 25 14:35 Eastern Daylight Time
"test_sunlinsol_band_10_2_3_0" time elapsed: 00:00:00
----------------------------------------------------------

24/41 Testing: test_sunlinsol_band_300_7_4_0
24/41 Test: test_sunlinsol_band_300_7_4_0
Command: "C:/Python36/python.exe" "C:/oss/third_party/sundials/sundials-3.1.0/test/testRunner" "--verbose" "--testname=test_sunlinsol_band_300_7_4_0" "--executablename=C:/oss/third_party/sundials/sundials-3.1.0-build/examples/sunlinsol/band/Release/test_sunlinsol_band.exe" "--outputdir=C:/oss/third_party/sundials/sundials-3.1.0-build/Testing/output" "--nodiff" "--runargs="300 7 4 0""
Directory: C:/oss/third_party/sundials/sundials-3.1.0-build/examples/sunlinsol/band
"test_sunlinsol_band_300_7_4_0" start time: Apr 25 14:35 Eastern Daylight Time
Output:
----------------------------------------------------------
  File "C:/oss/third_party/sundials/sundials-3.1.0/test/testRunner", line 73
    print "testName=%s"%(args.testName)
                      ^
SyntaxError: invalid syntax
<end of output>
Test time =   0.06 sec
----------------------------------------------------------
Test Failed.
"test_sunlinsol_band_300_7_4_0" end time: Apr 25 14:35 Eastern Daylight Time
"test_sunlinsol_band_300_7_4_0" time elapsed: 00:00:00
----------------------------------------------------------

25/41 Testing: test_sunlinsol_band_1000_8_8_0
25/41 Test: test_sunlinsol_band_1000_8_8_0
Command: "C:/Python36/python.exe" "C:/oss/third_party/sundials/sundials-3.1.0/test/testRunner" "--verbose" "--testname=test_sunlinsol_band_1000_8_8_0" "--executablename=C:/oss/third_party/sundials/sundials-3.1.0-build/examples/sunlinsol/band/Release/test_sunlinsol_band.exe" "--outputdir=C:/oss/third_party/sundials/sundials-3.1.0-build/Testing/output" "--nodiff" "--runargs="1000 8 8 0""
Directory: C:/oss/third_party/sundials/sundials-3.1.0-build/examples/sunlinsol/band
"test_sunlinsol_band_1000_8_8_0" start time: Apr 25 14:35 Eastern Daylight Time
Output:
----------------------------------------------------------
  File "C:/oss/third_party/sundials/sundials-3.1.0/test/testRunner", line 73
    print "testName=%s"%(args.testName)
                      ^
SyntaxError: invalid syntax
<end of output>
Test time =   0.06 sec
----------------------------------------------------------
Test Failed.
"test_sunlinsol_band_1000_8_8_0" end time: Apr 25 14:35 Eastern Daylight Time
"test_sunlinsol_band_1000_8_8_0" time elapsed: 00:00:00
----------------------------------------------------------

26/41 Testing: test_sunlinsol_band_5000_3_100_0
26/41 Test: test_sunlinsol_band_5000_3_100_0
Command: "C:/Python36/python.exe" "C:/oss/third_party/sundials/sundials-3.1.0/test/testRunner" "--verbose" "--testname=test_sunlinsol_band_5000_3_100_0" "--executablename=C:/oss/third_party/sundials/sundials-3.1.0-build/examples/sunlinsol/band/Release/test_sunlinsol_band.exe" "--outputdir=C:/oss/third_party/sundials/sundials-3.1.0-build/Testing/output" "--nodiff" "--runargs="5000 3 100 0""
Directory: C:/oss/third_party/sundials/sundials-3.1.0-build/examples/sunlinsol/band
"test_sunlinsol_band_5000_3_100_0" start time: Apr 25 14:35 Eastern Daylight Time
Output:
----------------------------------------------------------
  File "C:/oss/third_party/sundials/sundials-3.1.0/test/testRunner", line 73
    print "testName=%s"%(args.testName)
                      ^
SyntaxError: invalid syntax
<end of output>
Test time =   0.06 sec
----------------------------------------------------------
Test Failed.
"test_sunlinsol_band_5000_3_100_0" end time: Apr 25 14:35 Eastern Daylight Time
"test_sunlinsol_band_5000_3_100_0" time elapsed: 00:00:00
----------------------------------------------------------

27/41 Testing: test_sunlinsol_dense_10_0
27/41 Test: test_sunlinsol_dense_10_0
Command: "C:/Python36/python.exe" "C:/oss/third_party/sundials/sundials-3.1.0/test/testRunner" "--verbose" "--testname=test_sunlinsol_dense_10_0" "--executablename=C:/oss/third_party/sundials/sundials-3.1.0-build/examples/sunlinsol/dense/Release/test_sunlinsol_dense.exe" "--outputdir=C:/oss/third_party/sundials/sundials-3.1.0-build/Testing/output" "--nodiff" "--runargs="10 0""
Directory: C:/oss/third_party/sundials/sundials-3.1.0-build/examples/sunlinsol/dense
"test_sunlinsol_dense_10_0" start time: Apr 25 14:35 Eastern Daylight Time
Output:
----------------------------------------------------------
  File "C:/oss/third_party/sundials/sundials-3.1.0/test/testRunner", line 73
    print "testName=%s"%(args.testName)
                      ^
SyntaxError: invalid syntax
<end of output>
Test time =   0.06 sec
----------------------------------------------------------
Test Failed.
"test_sunlinsol_dense_10_0" end time: Apr 25 14:35 Eastern Daylight Time
"test_sunlinsol_dense_10_0" time elapsed: 00:00:00
----------------------------------------------------------

28/41 Testing: test_sunlinsol_dense_100_0
28/41 Test: test_sunlinsol_dense_100_0
Command: "C:/Python36/python.exe" "C:/oss/third_party/sundials/sundials-3.1.0/test/testRunner" "--verbose" "--testname=test_sunlinsol_dense_100_0" "--executablename=C:/oss/third_party/sundials/sundials-3.1.0-build/examples/sunlinsol/dense/Release/test_sunlinsol_dense.exe" "--outputdir=C:/oss/third_party/sundials/sundials-3.1.0-build/Testing/output" "--nodiff" "--runargs="100 0""
Directory: C:/oss/third_party/sundials/sundials-3.1.0-build/examples/sunlinsol/dense
"test_sunlinsol_dense_100_0" start time: Apr 25 14:35 Eastern Daylight Time
Output:
----------------------------------------------------------
  File "C:/oss/third_party/sundials/sundials-3.1.0/test/testRunner", line 73
    print "testName=%s"%(args.testName)
                      ^
SyntaxError: invalid syntax
<end of output>
Test time =   0.05 sec
----------------------------------------------------------
Test Failed.
"test_sunlinsol_dense_100_0" end time: Apr 25 14:35 Eastern Daylight Time
"test_sunlinsol_dense_100_0" time elapsed: 00:00:00
----------------------------------------------------------

29/41 Testing: test_sunlinsol_dense_500_0
29/41 Test: test_sunlinsol_dense_500_0
Command: "C:/Python36/python.exe" "C:/oss/third_party/sundials/sundials-3.1.0/test/testRunner" "--verbose" "--testname=test_sunlinsol_dense_500_0" "--executablename=C:/oss/third_party/sundials/sundials-3.1.0-build/examples/sunlinsol/dense/Release/test_sunlinsol_dense.exe" "--outputdir=C:/oss/third_party/sundials/sundials-3.1.0-build/Testing/output" "--nodiff" "--runargs="500 0""
Directory: C:/oss/third_party/sundials/sundials-3.1.0-build/examples/sunlinsol/dense
"test_sunlinsol_dense_500_0" start time: Apr 25 14:35 Eastern Daylight Time
Output:
----------------------------------------------------------
  File "C:/oss/third_party/sundials/sundials-3.1.0/test/testRunner", line 73
    print "testName=%s"%(args.testName)
                      ^
SyntaxError: invalid syntax
<end of output>
Test time =   0.06 sec
----------------------------------------------------------
Test Failed.
"test_sunlinsol_dense_500_0" end time: Apr 25 14:35 Eastern Daylight Time
"test_sunlinsol_dense_500_0" time elapsed: 00:00:00
----------------------------------------------------------

30/41 Testing: test_sunlinsol_dense_1000_0
30/41 Test: test_sunlinsol_dense_1000_0
Command: "C:/Python36/python.exe" "C:/oss/third_party/sundials/sundials-3.1.0/test/testRunner" "--verbose" "--testname=test_sunlinsol_dense_1000_0" "--executablename=C:/oss/third_party/sundials/sundials-3.1.0-build/examples/sunlinsol/dense/Release/test_sunlinsol_dense.exe" "--outputdir=C:/oss/third_party/sundials/sundials-3.1.0-build/Testing/output" "--nodiff" "--runargs="1000 0""
Directory: C:/oss/third_party/sundials/sundials-3.1.0-build/examples/sunlinsol/dense
"test_sunlinsol_dense_1000_0" start time: Apr 25 14:35 Eastern Daylight Time
Output:
----------------------------------------------------------
  File "C:/oss/third_party/sundials/sundials-3.1.0/test/testRunner", line 73
    print "testName=%s"%(args.testName)
                      ^
SyntaxError: invalid syntax
<end of output>
Test time =   0.06 sec
----------------------------------------------------------
Test Failed.
"test_sunlinsol_dense_1000_0" end time: Apr 25 14:35 Eastern Daylight Time
"test_sunlinsol_dense_1000_0" time elapsed: 00:00:00
----------------------------------------------------------

31/41 Testing: test_sunlinsol_spgmr_serial_100_1_1_100_1e-13_0
31/41 Test: test_sunlinsol_spgmr_serial_100_1_1_100_1e-13_0
Command: "C:/Python36/python.exe" "C:/oss/third_party/sundials/sundials-3.1.0/test/testRunner" "--verbose" "--testname=test_sunlinsol_spgmr_serial_100_1_1_100_1e-13_0" "--executablename=C:/oss/third_party/sundials/sundials-3.1.0-build/examples/sunlinsol/spgmr/serial/Release/test_sunlinsol_spgmr_serial.exe" "--outputdir=C:/oss/third_party/sundials/sundials-3.1.0-build/Testing/output" "--nodiff" "--runargs="100 1 1 100 1e-13 0""
Directory: C:/oss/third_party/sundials/sundials-3.1.0-build/examples/sunlinsol/spgmr/serial
"test_sunlinsol_spgmr_serial_100_1_1_100_1e-13_0" start time: Apr 25 14:35 Eastern Daylight Time
Output:
----------------------------------------------------------
  File "C:/oss/third_party/sundials/sundials-3.1.0/test/testRunner", line 73
    print "testName=%s"%(args.testName)
                      ^
SyntaxError: invalid syntax
<end of output>
Test time =   0.06 sec
----------------------------------------------------------
Test Failed.
"test_sunlinsol_spgmr_serial_100_1_1_100_1e-13_0" end time: Apr 25 14:35 Eastern Daylight Time
"test_sunlinsol_spgmr_serial_100_1_1_100_1e-13_0" time elapsed: 00:00:00
----------------------------------------------------------

32/41 Testing: test_sunlinsol_spgmr_serial_100_2_1_100_1e-13_0
32/41 Test: test_sunlinsol_spgmr_serial_100_2_1_100_1e-13_0
Command: "C:/Python36/python.exe" "C:/oss/third_party/sundials/sundials-3.1.0/test/testRunner" "--verbose" "--testname=test_sunlinsol_spgmr_serial_100_2_1_100_1e-13_0" "--executablename=C:/oss/third_party/sundials/sundials-3.1.0-build/examples/sunlinsol/spgmr/serial/Release/test_sunlinsol_spgmr_serial.exe" "--outputdir=C:/oss/third_party/sundials/sundials-3.1.0-build/Testing/output" "--nodiff" "--runargs="100 2 1 100 1e-13 0""
Directory: C:/oss/third_party/sundials/sundials-3.1.0-build/examples/sunlinsol/spgmr/serial
"test_sunlinsol_spgmr_serial_100_2_1_100_1e-13_0" start time: Apr 25 14:35 Eastern Daylight Time
Output:
----------------------------------------------------------
  File "C:/oss/third_party/sundials/sundials-3.1.0/test/testRunner", line 73
    print "testName=%s"%(args.testName)
                      ^
SyntaxError: invalid syntax
<end of output>
Test time =   0.06 sec
----------------------------------------------------------
Test Failed.
"test_sunlinsol_spgmr_serial_100_2_1_100_1e-13_0" end time: Apr 25 14:35 Eastern Daylight Time
"test_sunlinsol_spgmr_serial_100_2_1_100_1e-13_0" time elapsed: 00:00:00
----------------------------------------------------------

33/41 Testing: test_sunlinsol_spgmr_serial_100_1_2_100_1e-13_0
33/41 Test: test_sunlinsol_spgmr_serial_100_1_2_100_1e-13_0
Command: "C:/Python36/python.exe" "C:/oss/third_party/sundials/sundials-3.1.0/test/testRunner" "--verbose" "--testname=test_sunlinsol_spgmr_serial_100_1_2_100_1e-13_0" "--executablename=C:/oss/third_party/sundials/sundials-3.1.0-build/examples/sunlinsol/spgmr/serial/Release/test_sunlinsol_spgmr_serial.exe" "--outputdir=C:/oss/third_party/sundials/sundials-3.1.0-build/Testing/output" "--nodiff" "--runargs="100 1 2 100 1e-13 0""
Directory: C:/oss/third_party/sundials/sundials-3.1.0-build/examples/sunlinsol/spgmr/serial
"test_sunlinsol_spgmr_serial_100_1_2_100_1e-13_0" start time: Apr 25 14:35 Eastern Daylight Time
Output:
----------------------------------------------------------
  File "C:/oss/third_party/sundials/sundials-3.1.0/test/testRunner", line 73
    print "testName=%s"%(args.testName)
                      ^
SyntaxError: invalid syntax
<end of output>
Test time =   0.06 sec
----------------------------------------------------------
Test Failed.
"test_sunlinsol_spgmr_serial_100_1_2_100_1e-13_0" end time: Apr 25 14:35 Eastern Daylight Time
"test_sunlinsol_spgmr_serial_100_1_2_100_1e-13_0" time elapsed: 00:00:00
----------------------------------------------------------

34/41 Testing: test_sunlinsol_spgmr_serial_100_2_2_100_1e-13_0
34/41 Test: test_sunlinsol_spgmr_serial_100_2_2_100_1e-13_0
Command: "C:/Python36/python.exe" "C:/oss/third_party/sundials/sundials-3.1.0/test/testRunner" "--verbose" "--testname=test_sunlinsol_spgmr_serial_100_2_2_100_1e-13_0" "--executablename=C:/oss/third_party/sundials/sundials-3.1.0-build/examples/sunlinsol/spgmr/serial/Release/test_sunlinsol_spgmr_serial.exe" "--outputdir=C:/oss/third_party/sundials/sundials-3.1.0-build/Testing/output" "--nodiff" "--runargs="100 2 2 100 1e-13 0""
Directory: C:/oss/third_party/sundials/sundials-3.1.0-build/examples/sunlinsol/spgmr/serial
"test_sunlinsol_spgmr_serial_100_2_2_100_1e-13_0" start time: Apr 25 14:35 Eastern Daylight Time
Output:
----------------------------------------------------------
  File "C:/oss/third_party/sundials/sundials-3.1.0/test/testRunner", line 73
    print "testName=%s"%(args.testName)
                      ^
SyntaxError: invalid syntax
<end of output>
Test time =   0.06 sec
----------------------------------------------------------
Test Failed.
"test_sunlinsol_spgmr_serial_100_2_2_100_1e-13_0" end time: Apr 25 14:35 Eastern Daylight Time
"test_sunlinsol_spgmr_serial_100_2_2_100_1e-13_0" time elapsed: 00:00:00
----------------------------------------------------------

35/41 Testing: test_sunlinsol_spfgmr_serial_100_1_100_1e-13_0
35/41 Test: test_sunlinsol_spfgmr_serial_100_1_100_1e-13_0
Command: "C:/Python36/python.exe" "C:/oss/third_party/sundials/sundials-3.1.0/test/testRunner" "--verbose" "--testname=test_sunlinsol_spfgmr_serial_100_1_100_1e-13_0" "--executablename=C:/oss/third_party/sundials/sundials-3.1.0-build/examples/sunlinsol/spfgmr/serial/Release/test_sunlinsol_spfgmr_serial.exe" "--outputdir=C:/oss/third_party/sundials/sundials-3.1.0-build/Testing/output" "--nodiff" "--runargs="100 1 100 1e-13 0""
Directory: C:/oss/third_party/sundials/sundials-3.1.0-build/examples/sunlinsol/spfgmr/serial
"test_sunlinsol_spfgmr_serial_100_1_100_1e-13_0" start time: Apr 25 14:35 Eastern Daylight Time
Output:
----------------------------------------------------------
  File "C:/oss/third_party/sundials/sundials-3.1.0/test/testRunner", line 73
    print "testName=%s"%(args.testName)
                      ^
SyntaxError: invalid syntax
<end of output>
Test time =   0.06 sec
----------------------------------------------------------
Test Failed.
"test_sunlinsol_spfgmr_serial_100_1_100_1e-13_0" end time: Apr 25 14:35 Eastern Daylight Time
"test_sunlinsol_spfgmr_serial_100_1_100_1e-13_0" time elapsed: 00:00:00
----------------------------------------------------------

36/41 Testing: test_sunlinsol_spfgmr_serial_100_2_100_1e-13_0
36/41 Test: test_sunlinsol_spfgmr_serial_100_2_100_1e-13_0
Command: "C:/Python36/python.exe" "C:/oss/third_party/sundials/sundials-3.1.0/test/testRunner" "--verbose" "--testname=test_sunlinsol_spfgmr_serial_100_2_100_1e-13_0" "--executablename=C:/oss/third_party/sundials/sundials-3.1.0-build/examples/sunlinsol/spfgmr/serial/Release/test_sunlinsol_spfgmr_serial.exe" "--outputdir=C:/oss/third_party/sundials/sundials-3.1.0-build/Testing/output" "--nodiff" "--runargs="100 2 100 1e-13 0""
Directory: C:/oss/third_party/sundials/sundials-3.1.0-build/examples/sunlinsol/spfgmr/serial
"test_sunlinsol_spfgmr_serial_100_2_100_1e-13_0" start time: Apr 25 14:35 Eastern Daylight Time
Output:
----------------------------------------------------------
  File "C:/oss/third_party/sundials/sundials-3.1.0/test/testRunner", line 73
    print "testName=%s"%(args.testName)
                      ^
SyntaxError: invalid syntax
<end of output>
Test time =   0.06 sec
----------------------------------------------------------
Test Failed.
"test_sunlinsol_spfgmr_serial_100_2_100_1e-13_0" end time: Apr 25 14:35 Eastern Daylight Time
"test_sunlinsol_spfgmr_serial_100_2_100_1e-13_0" time elapsed: 00:00:00
----------------------------------------------------------

37/41 Testing: test_sunlinsol_spbcgs_serial_100_1_100_1e-13_0
37/41 Test: test_sunlinsol_spbcgs_serial_100_1_100_1e-13_0
Command: "C:/Python36/python.exe" "C:/oss/third_party/sundials/sundials-3.1.0/test/testRunner" "--verbose" "--testname=test_sunlinsol_spbcgs_serial_100_1_100_1e-13_0" "--executablename=C:/oss/third_party/sundials/sundials-3.1.0-build/examples/sunlinsol/spbcgs/serial/Release/test_sunlinsol_spbcgs_serial.exe" "--outputdir=C:/oss/third_party/sundials/sundials-3.1.0-build/Testing/output" "--nodiff" "--runargs="100 1 100 1e-13 0""
Directory: C:/oss/third_party/sundials/sundials-3.1.0-build/examples/sunlinsol/spbcgs/serial
"test_sunlinsol_spbcgs_serial_100_1_100_1e-13_0" start time: Apr 25 14:35 Eastern Daylight Time
Output:
----------------------------------------------------------
  File "C:/oss/third_party/sundials/sundials-3.1.0/test/testRunner", line 73
    print "testName=%s"%(args.testName)
                      ^
SyntaxError: invalid syntax
<end of output>
Test time =   0.06 sec
----------------------------------------------------------
Test Failed.
"test_sunlinsol_spbcgs_serial_100_1_100_1e-13_0" end time: Apr 25 14:35 Eastern Daylight Time
"test_sunlinsol_spbcgs_serial_100_1_100_1e-13_0" time elapsed: 00:00:00
----------------------------------------------------------

38/41 Testing: test_sunlinsol_spbcgs_serial_100_2_100_1e-13_0
38/41 Test: test_sunlinsol_spbcgs_serial_100_2_100_1e-13_0
Command: "C:/Python36/python.exe" "C:/oss/third_party/sundials/sundials-3.1.0/test/testRunner" "--verbose" "--testname=test_sunlinsol_spbcgs_serial_100_2_100_1e-13_0" "--executablename=C:/oss/third_party/sundials/sundials-3.1.0-build/examples/sunlinsol/spbcgs/serial/Release/test_sunlinsol_spbcgs_serial.exe" "--outputdir=C:/oss/third_party/sundials/sundials-3.1.0-build/Testing/output" "--nodiff" "--runargs="100 2 100 1e-13 0""
Directory: C:/oss/third_party/sundials/sundials-3.1.0-build/examples/sunlinsol/spbcgs/serial
"test_sunlinsol_spbcgs_serial_100_2_100_1e-13_0" start time: Apr 25 14:35 Eastern Daylight Time
Output:
----------------------------------------------------------
  File "C:/oss/third_party/sundials/sundials-3.1.0/test/testRunner", line 73
    print "testName=%s"%(args.testName)
                      ^
SyntaxError: invalid syntax
<end of output>
Test time =   0.06 sec
----------------------------------------------------------
Test Failed.
"test_sunlinsol_spbcgs_serial_100_2_100_1e-13_0" end time: Apr 25 14:35 Eastern Daylight Time
"test_sunlinsol_spbcgs_serial_100_2_100_1e-13_0" time elapsed: 00:00:00
----------------------------------------------------------

39/41 Testing: test_sunlinsol_sptfqmr_serial_100_1_100_1e-13_0
39/41 Test: test_sunlinsol_sptfqmr_serial_100_1_100_1e-13_0
Command: "C:/Python36/python.exe" "C:/oss/third_party/sundials/sundials-3.1.0/test/testRunner" "--verbose" "--testname=test_sunlinsol_sptfqmr_serial_100_1_100_1e-13_0" "--executablename=C:/oss/third_party/sundials/sundials-3.1.0-build/examples/sunlinsol/sptfqmr/serial/Release/test_sunlinsol_sptfqmr_serial.exe" "--outputdir=C:/oss/third_party/sundials/sundials-3.1.0-build/Testing/output" "--nodiff" "--runargs="100 1 100 1e-13 0""
Directory: C:/oss/third_party/sundials/sundials-3.1.0-build/examples/sunlinsol/sptfqmr/serial
"test_sunlinsol_sptfqmr_serial_100_1_100_1e-13_0" start time: Apr 25 14:35 Eastern Daylight Time
Output:
----------------------------------------------------------
  File "C:/oss/third_party/sundials/sundials-3.1.0/test/testRunner", line 73
    print "testName=%s"%(args.testName)
                      ^
SyntaxError: invalid syntax
<end of output>
Test time =   0.06 sec
----------------------------------------------------------
Test Failed.
"test_sunlinsol_sptfqmr_serial_100_1_100_1e-13_0" end time: Apr 25 14:35 Eastern Daylight Time
"test_sunlinsol_sptfqmr_serial_100_1_100_1e-13_0" time elapsed: 00:00:00
----------------------------------------------------------

40/41 Testing: test_sunlinsol_sptfqmr_serial_100_2_100_1e-13_0
40/41 Test: test_sunlinsol_sptfqmr_serial_100_2_100_1e-13_0
Command: "C:/Python36/python.exe" "C:/oss/third_party/sundials/sundials-3.1.0/test/testRunner" "--verbose" "--testname=test_sunlinsol_sptfqmr_serial_100_2_100_1e-13_0" "--executablename=C:/oss/third_party/sundials/sundials-3.1.0-build/examples/sunlinsol/sptfqmr/serial/Release/test_sunlinsol_sptfqmr_serial.exe" "--outputdir=C:/oss/third_party/sundials/sundials-3.1.0-build/Testing/output" "--nodiff" "--runargs="100 2 100 1e-13 0""
Directory: C:/oss/third_party/sundials/sundials-3.1.0-build/examples/sunlinsol/sptfqmr/serial
"test_sunlinsol_sptfqmr_serial_100_2_100_1e-13_0" start time: Apr 25 14:35 Eastern Daylight Time
Output:
----------------------------------------------------------
  File "C:/oss/third_party/sundials/sundials-3.1.0/test/testRunner", line 73
    print "testName=%s"%(args.testName)
                      ^
SyntaxError: invalid syntax
<end of output>
Test time =   0.06 sec
----------------------------------------------------------
Test Failed.
"test_sunlinsol_sptfqmr_serial_100_2_100_1e-13_0" end time: Apr 25 14:35 Eastern Daylight Time
"test_sunlinsol_sptfqmr_serial_100_2_100_1e-13_0" time elapsed: 00:00:00
----------------------------------------------------------

41/41 Testing: test_sunlinsol_pcg_serial_100_200_1e-13_0
41/41 Test: test_sunlinsol_pcg_serial_100_200_1e-13_0
Command: "C:/Python36/python.exe" "C:/oss/third_party/sundials/sundials-3.1.0/test/testRunner" "--verbose" "--testname=test_sunlinsol_pcg_serial_100_200_1e-13_0" "--executablename=C:/oss/third_party/sundials/sundials-3.1.0-build/examples/sunlinsol/pcg/serial/Release/test_sunlinsol_pcg_serial.exe" "--outputdir=C:/oss/third_party/sundials/sundials-3.1.0-build/Testing/output" "--nodiff" "--runargs="100 200 1e-13 0""
Directory: C:/oss/third_party/sundials/sundials-3.1.0-build/examples/sunlinsol/pcg/serial
"test_sunlinsol_pcg_serial_100_200_1e-13_0" start time: Apr 25 14:35 Eastern Daylight Time
Output:
----------------------------------------------------------
  File "C:/oss/third_party/sundials/sundials-3.1.0/test/testRunner", line 73
    print "testName=%s"%(args.testName)
                      ^
SyntaxError: invalid syntax
<end of output>
Test time =   0.06 sec
----------------------------------------------------------
Test Failed.
"test_sunlinsol_pcg_serial_100_200_1e-13_0" end time: Apr 25 14:35 Eastern Daylight Time
"test_sunlinsol_pcg_serial_100_200_1e-13_0" time elapsed: 00:00:00
----------------------------------------------------------

End testing: Apr 25 14:35 Eastern Daylight Time
