
1>------ Build started: Project: ZERO_CHECK, Configuration: Release x64 ------
1>  Checking Build System
1>  CMake does not need to re-run because C:/oss/third_party/sundials/sundials-3.1.0-build/CMakeFiles/generate.stamp is up-to-date.
1>  CMake does not need to re-run because C:/oss/third_party/sundials/sundials-3.1.0-build/src/sundials/CMakeFiles/generate.stamp is up-to-date.
1>  CMake does not need to re-run because C:/oss/third_party/sundials/sundials-3.1.0-build/src/nvec_ser/CMakeFiles/generate.stamp is up-to-date.
1>  CMake does not need to re-run because C:/oss/third_party/sundials/sundials-3.1.0-build/src/sunmat_dense/CMakeFiles/generate.stamp is up-to-date.
1>  CMake does not need to re-run because C:/oss/third_party/sundials/sundials-3.1.0-build/src/sunmat_band/CMakeFiles/generate.stamp is up-to-date.
1>  CMake does not need to re-run because C:/oss/third_party/sundials/sundials-3.1.0-build/src/sunmat_sparse/CMakeFiles/generate.stamp is up-to-date.
1>  CMake does not need to re-run because C:/oss/third_party/sundials/sundials-3.1.0-build/src/sunlinsol_band/CMakeFiles/generate.stamp is up-to-date.
1>  CMake does not need to re-run because C:/oss/third_party/sundials/sundials-3.1.0-build/src/sunlinsol_dense/CMakeFiles/generate.stamp is up-to-date.
1>  CMake does not need to re-run because C:/oss/third_party/sundials/sundials-3.1.0-build/src/sunlinsol_spgmr/CMakeFiles/generate.stamp is up-to-date.
1>  CMake does not need to re-run because C:/oss/third_party/sundials/sundials-3.1.0-build/src/sunlinsol_spfgmr/CMakeFiles/generate.stamp is up-to-date.
1>  CMake does not need to re-run because C:/oss/third_party/sundials/sundials-3.1.0-build/src/sunlinsol_spbcgs/CMakeFiles/generate.stamp is up-to-date.
1>  CMake does not need to re-run because C:/oss/third_party/sundials/sundials-3.1.0-build/src/sunlinsol_sptfqmr/CMakeFiles/generate.stamp is up-to-date.
1>  CMake does not need to re-run because C:/oss/third_party/sundials/sundials-3.1.0-build/src/sunlinsol_pcg/CMakeFiles/generate.stamp is up-to-date.
1>  CMake does not need to re-run because C:/oss/third_party/sundials/sundials-3.1.0-build/src/arkode/CMakeFiles/generate.stamp is up-to-date.
1>  CMake does not need to re-run because C:/oss/third_party/sundials/sundials-3.1.0-build/src/cvode/CMakeFiles/generate.stamp is up-to-date.
1>  CMake does not need to re-run because C:/oss/third_party/sundials/sundials-3.1.0-build/src/cvodes/CMakeFiles/generate.stamp is up-to-date.
1>  CMake does not need to re-run because C:/oss/third_party/sundials/sundials-3.1.0-build/src/ida/CMakeFiles/generate.stamp is up-to-date.
1>  CMake does not need to re-run because C:/oss/third_party/sundials/sundials-3.1.0-build/src/idas/CMakeFiles/generate.stamp is up-to-date.
1>  CMake does not need to re-run because C:/oss/third_party/sundials/sundials-3.1.0-build/src/kinsol/CMakeFiles/generate.stamp is up-to-date.
1>  CMake does not need to re-run because C:/oss/third_party/sundials/sundials-3.1.0-build/examples/arkode/C_serial/CMakeFiles/generate.stamp is up-to-date.
1>  CMake does not need to re-run because C:/oss/third_party/sundials/sundials-3.1.0-build/examples/cvode/serial/CMakeFiles/generate.stamp is up-to-date.
1>  CMake does not need to re-run because C:/oss/third_party/sundials/sundials-3.1.0-build/examples/cvodes/serial/CMakeFiles/generate.stamp is up-to-date.
1>  CMake does not need to re-run because C:/oss/third_party/sundials/sundials-3.1.0-build/examples/ida/serial/CMakeFiles/generate.stamp is up-to-date.
1>  CMake does not need to re-run because C:/oss/third_party/sundials/sundials-3.1.0-build/examples/idas/serial/CMakeFiles/generate.stamp is up-to-date.
1>  CMake does not need to re-run because C:/oss/third_party/sundials/sundials-3.1.0-build/examples/kinsol/serial/CMakeFiles/generate.stamp is up-to-date.
1>  CMake does not need to re-run because C:/oss/third_party/sundials/sundials-3.1.0-build/examples/nvector/serial/CMakeFiles/generate.stamp is up-to-date.
1>  CMake does not need to re-run because C:/oss/third_party/sundials/sundials-3.1.0-build/examples/sunmatrix/dense/CMakeFiles/generate.stamp is up-to-date.
1>  CMake does not need to re-run because C:/oss/third_party/sundials/sundials-3.1.0-build/examples/sunmatrix/band/CMakeFiles/generate.stamp is up-to-date.
1>  CMake does not need to re-run because C:/oss/third_party/sundials/sundials-3.1.0-build/examples/sunmatrix/sparse/CMakeFiles/generate.stamp is up-to-date.
1>  CMake does not need to re-run because C:/oss/third_party/sundials/sundials-3.1.0-build/examples/sunlinsol/band/CMakeFiles/generate.stamp is up-to-date.
1>  CMake does not need to re-run because C:/oss/third_party/sundials/sundials-3.1.0-build/examples/sunlinsol/dense/CMakeFiles/generate.stamp is up-to-date.
1>  CMake does not need to re-run because C:/oss/third_party/sundials/sundials-3.1.0-build/examples/sunlinsol/spgmr/serial/CMakeFiles/generate.stamp is up-to-date.
1>  CMake does not need to re-run because C:/oss/third_party/sundials/sundials-3.1.0-build/examples/sunlinsol/spfgmr/serial/CMakeFiles/generate.stamp is up-to-date.
1>  CMake does not need to re-run because C:/oss/third_party/sundials/sundials-3.1.0-build/examples/sunlinsol/spbcgs/serial/CMakeFiles/generate.stamp is up-to-date.
1>  CMake does not need to re-run because C:/oss/third_party/sundials/sundials-3.1.0-build/examples/sunlinsol/sptfqmr/serial/CMakeFiles/generate.stamp is up-to-date.
1>  CMake does not need to re-run because C:/oss/third_party/sundials/sundials-3.1.0-build/examples/sunlinsol/pcg/serial/CMakeFiles/generate.stamp is up-to-date.

2>------ Build started: Project: sundials_sunmatrixband_shared, Configuration: Release x64 ------
3>------ Build started: Project: sundials_sunmatrixdense_shared, Configuration: Release x64 ------
4>------ Build started: Project: sundials_cvode_shared, Configuration: Release x64 ------
5>------ Build started: Project: sundials_nvecserial_shared, Configuration: Release x64 ------
6>------ Build started: Project: sundials_kinsol_shared, Configuration: Release x64 ------
7>------ Build started: Project: sundials_idas_shared, Configuration: Release x64 ------
8>------ Build started: Project: sundials_ida_shared, Configuration: Release x64 ------
9>------ Build started: Project: sundials_cvodes_shared, Configuration: Release x64 ------
2>  Building Custom Rule C:/oss/third_party/sundials/sundials-3.1.0/src/sunmat_band/CMakeLists.txt
6>  Building Custom Rule C:/oss/third_party/sundials/sundials-3.1.0/src/kinsol/CMakeLists.txt
7>  Building Custom Rule C:/oss/third_party/sundials/sundials-3.1.0/src/idas/CMakeLists.txt
5>  Building Custom Rule C:/oss/third_party/sundials/sundials-3.1.0/src/nvec_ser/CMakeLists.txt
2>  CMake does not need to re-run because C:/oss/third_party/sundials/sundials-3.1.0-build/src/sunmat_band/CMakeFiles/generate.stamp is up-to-date.
3>  Building Custom Rule C:/oss/third_party/sundials/sundials-3.1.0/src/sunmat_dense/CMakeLists.txt
9>  Building Custom Rule C:/oss/third_party/sundials/sundials-3.1.0/src/cvodes/CMakeLists.txt
4>  Building Custom Rule C:/oss/third_party/sundials/sundials-3.1.0/src/cvode/CMakeLists.txt
6>  CMake does not need to re-run because C:/oss/third_party/sundials/sundials-3.1.0-build/src/kinsol/CMakeFiles/generate.stamp is up-to-date.
5>  CMake does not need to re-run because C:/oss/third_party/sundials/sundials-3.1.0-build/src/nvec_ser/CMakeFiles/generate.stamp is up-to-date.
7>  CMake does not need to re-run because C:/oss/third_party/sundials/sundials-3.1.0-build/src/idas/CMakeFiles/generate.stamp is up-to-date.
8>  Building Custom Rule C:/oss/third_party/sundials/sundials-3.1.0/src/ida/CMakeLists.txt
3>  CMake does not need to re-run because C:/oss/third_party/sundials/sundials-3.1.0-build/src/sunmat_dense/CMakeFiles/generate.stamp is up-to-date.
9>  CMake does not need to re-run because C:/oss/third_party/sundials/sundials-3.1.0-build/src/cvodes/CMakeFiles/generate.stamp is up-to-date.
8>  CMake does not need to re-run because C:/oss/third_party/sundials/sundials-3.1.0-build/src/ida/CMakeFiles/generate.stamp is up-to-date.
4>  CMake does not need to re-run because C:/oss/third_party/sundials/sundials-3.1.0-build/src/cvode/CMakeFiles/generate.stamp is up-to-date.
3>  sunmatrix_dense.c
5>  nvector_serial.c
7>  idas.c
2>  sunmatrix_band.c
6>  kinsol.c
3>  sundials_nvector.c
2>  sundials_nvector.c
5>  sundials_math.c
8>  ida.c
9>  cvodea.c
2>  sundials_matrix.c
3>  sundials_matrix.c
6>C:\oss\third_party\sundials\sundials-3.1.0\src\kinsol\kinsol.c(243): warning C4244: '=': conversion from 'double' to 'sunindextype', possible loss of data
7>  idaa.c
6>  kinsol_io.c
3>  sundials_math.c
2>  sundials_math.c
5>  Generating Code...
4>  cvode.c
7>  idas_io.c
6>  kinsol_direct.c
3>  Generating Code...
8>  ida_bbdpre.c
9>  cvodea_io.c
2>  Generating Code...
4>  cvode_bandpre.c
8>  ida_direct.c
6>  kinsol_spils.c
7>  idas_ic.c
9>  cvodes.c
4>  cvode_bbdpre.c
8>  ida_ic.c
6>  kinsol_bbdpre.c
4>  cvode_diag.c
7>  idaa_io.c
9>  cvodes_bandpre.c
8>  ida_io.c
6>  sundials_nvector.c
7>  idas_direct.c
4>  cvode_direct.c
9>  cvodes_bbdpre.c
6>  sundials_matrix.c
8>  ida_spils.c
7>  idas_spils.c
6>  sundials_linearsolver.c
8>  sundials_nvector.c
6>  sundials_math.c
4>  cvode_io.c
8>  sundials_matrix.c
9>  cvodes_io.c
4>  cvode_spils.c
7>  idas_bbdpre.c
8>  sundials_linearsolver.c
6>  sundials_band.c
8>  sundials_math.c
4>  sundials_nvector.c
9>  cvodes_diag.c
6>  sundials_dense.c
7>  sundials_nvector.c
4>  sundials_matrix.c
8>  sundials_band.c
7>  sundials_matrix.c
4>  sundials_linearsolver.c
9>  cvodes_direct.c
6>  sundials_direct.c
7>  sundials_linearsolver.c
8>  sundials_dense.c
4>  sundials_math.c
7>  sundials_math.c
6>  sundials_iterative.c
9>  cvodes_spils.c
8>  sundials_direct.c
7>  sundials_band.c
4>  sundials_band.c
6>  sundials_version.c
9>  sundials_nvector.c
8>  sundials_iterative.c
4>  sundials_dense.c
6>  nvector_serial.c
9>  sundials_matrix.c
5>     Creating library C:/oss/third_party/sundials/sundials-3.1.0-build/src/nvec_ser/Release/sundials_nvecserial.lib and object C:/oss/third_party/sundials/sundials-3.1.0-build/src/nvec_ser/Release/sundials_nvecserial.exp
7>  sundials_dense.c
8>  sundials_version.c
9>  sundials_linearsolver.c
8>  nvector_serial.c
6>  sunmatrix_band.c
4>  sundials_direct.c
9>  sundials_math.c
7>  sundials_direct.c
4>  sundials_iterative.c
8>  sunmatrix_band.c
3>     Creating library C:/oss/third_party/sundials/sundials-3.1.0-build/src/sunmat_dense/Release/sundials_sunmatrixdense.lib and object C:/oss/third_party/sundials/sundials-3.1.0-build/src/sunmat_dense/Release/sundials_sunmatrixdense.exp
2>     Creating library C:/oss/third_party/sundials/sundials-3.1.0-build/src/sunmat_band/Release/sundials_sunmatrixband.lib and object C:/oss/third_party/sundials/sundials-3.1.0-build/src/sunmat_band/Release/sundials_sunmatrixband.exp
7>  sundials_iterative.c
9>  sundials_band.c
6>  sunmatrix_dense.c
4>  sundials_version.c
8>  sunmatrix_dense.c
7>  sundials_version.c
9>  sundials_dense.c
4>  nvector_serial.c
6>  sunmatrix_sparse.c
7>  nvector_serial.c
8>  sunmatrix_sparse.c
9>  sundials_direct.c
6>  sunlinsol_band.c
7>  sunmatrix_band.c
4>  sunmatrix_band.c
8>  sunlinsol_band.c
9>  sundials_iterative.c
7>  sunmatrix_dense.c
4>  sunmatrix_dense.c
6>  sunlinsol_dense.c
9>  sundials_version.c
5>  sundials_nvecserial_shared.vcxproj -> C:\oss\third_party\sundials\sundials-3.1.0-build\src\nvec_ser\Release\sundials_nvecserial.dll
8>  Generating Code...
9>  nvector_serial.c
4>  sunmatrix_sparse.c
7>  Generating Code...
6>  Generating Code...
2>  sundials_sunmatrixband_shared.vcxproj -> C:\oss\third_party\sundials\sundials-3.1.0-build\src\sunmat_band\Release\sundials_sunmatrixband.dll
9>  sunmatrix_band.c
4>  Generating Code...
10>------ Build started: Project: sundials_arkode_shared, Configuration: Release x64 ------
9>  Generating Code...
11>------ Build started: Project: sundials_sunlinsolband_shared, Configuration: Release x64 ------
3>  sundials_sunmatrixdense_shared.vcxproj -> C:\oss\third_party\sundials\sundials-3.1.0-build\src\sunmat_dense\Release\sundials_sunmatrixdense.dll
12>------ Build started: Project: sundials_sunlinsoldense_shared, Configuration: Release x64 ------
6>  Compiling...
6>  sunlinsol_spbcgs.c
6>  sunlinsol_spfgmr.c
8>  Compiling...
8>  sunlinsol_dense.c
8>  sunlinsol_spbcgs.c
8>  sunlinsol_spfgmr.c
6>  sunlinsol_spgmr.c
6>  sunlinsol_sptfqmr.c
8>  sunlinsol_spgmr.c
6>  sunlinsol_pcg.c
10>  Building Custom Rule C:/oss/third_party/sundials/sundials-3.1.0/src/arkode/CMakeLists.txt
8>  sunlinsol_sptfqmr.c
6>  Generating Code...
4>  Compiling...
11>  Building Custom Rule C:/oss/third_party/sundials/sundials-3.1.0/src/sunlinsol_band/CMakeLists.txt
4>  sunlinsol_band.c
8>  sunlinsol_pcg.c
4>  sunlinsol_dense.c
7>  Compiling...
7>  sunmatrix_sparse.c
8>  Generating Code...
12>  Building Custom Rule C:/oss/third_party/sundials/sundials-3.1.0/src/sunlinsol_dense/CMakeLists.txt
4>  sunlinsol_spbcgs.c
7>  sunlinsol_band.c
4>  sunlinsol_spfgmr.c
7>  sunlinsol_dense.c
9>  Compiling...
9>  sunmatrix_dense.c
10>  CMake does not need to re-run because C:/oss/third_party/sundials/sundials-3.1.0-build/src/arkode/CMakeFiles/generate.stamp is up-to-date.
7>  sunlinsol_spbcgs.c
11>  CMake does not need to re-run because C:/oss/third_party/sundials/sundials-3.1.0-build/src/sunlinsol_band/CMakeFiles/generate.stamp is up-to-date.
4>  sunlinsol_spgmr.c
9>  sunmatrix_sparse.c
4>  sunlinsol_sptfqmr.c
12>  CMake does not need to re-run because C:/oss/third_party/sundials/sundials-3.1.0-build/src/sunlinsol_dense/CMakeFiles/generate.stamp is up-to-date.
7>  sunlinsol_spfgmr.c
9>  sunlinsol_band.c
4>  sunlinsol_pcg.c
7>  sunlinsol_spgmr.c
9>  sunlinsol_dense.c
4>  Generating Code...
7>  sunlinsol_sptfqmr.c
9>  sunlinsol_spbcgs.c
7>  sunlinsol_pcg.c
9>  sunlinsol_spfgmr.c
7>  Generating Code...
9>  sunlinsol_spgmr.c
10>  arkode.c
12>  sunlinsol_dense.c
9>  sunlinsol_sptfqmr.c
11>  sunlinsol_band.c
9>  sunlinsol_pcg.c
10>  arkode_bandpre.c
6>     Creating library C:/oss/third_party/sundials/sundials-3.1.0-build/src/kinsol/Release/sundials_kinsol.lib and object C:/oss/third_party/sundials/sundials-3.1.0-build/src/kinsol/Release/sundials_kinsol.exp
12>  sundials_linearsolver.c
9>  Generating Code...
11>  sundials_linearsolver.c
12>  sundials_dense.c
11>  sundials_band.c
10>  arkode_bbdpre.c
8>     Creating library C:/oss/third_party/sundials/sundials-3.1.0-build/src/ida/Release/sundials_ida.lib and object C:/oss/third_party/sundials/sundials-3.1.0-build/src/ida/Release/sundials_ida.exp
11>  Generating Code...
12>  Generating Code...
10>  arkode_butcher.c
10>  arkode_direct.c
10>  arkode_io.c
10>  arkode_spils.c
10>  sundials_nvector.c
10>  sundials_matrix.c
6>  sundials_kinsol_shared.vcxproj -> C:\oss\third_party\sundials\sundials-3.1.0-build\src\kinsol\Release\sundials_kinsol.dll
8>  sundials_ida_shared.vcxproj -> C:\oss\third_party\sundials\sundials-3.1.0-build\src\ida\Release\sundials_ida.dll
13>------ Build started: Project: sundials_sunlinsolpcg_shared, Configuration: Release x64 ------
14>------ Build started: Project: sundials_sunlinsolspbcgs_shared, Configuration: Release x64 ------
10>  sundials_linearsolver.c
10>  sundials_math.c
11>     Creating library C:/oss/third_party/sundials/sundials-3.1.0-build/src/sunlinsol_band/Release/sundials_sunlinsolband.lib and object C:/oss/third_party/sundials/sundials-3.1.0-build/src/sunlinsol_band/Release/sundials_sunlinsolband.exp
12>     Creating library C:/oss/third_party/sundials/sundials-3.1.0-build/src/sunlinsol_dense/Release/sundials_sunlinsoldense.lib and object C:/oss/third_party/sundials/sundials-3.1.0-build/src/sunlinsol_dense/Release/sundials_sunlinsoldense.exp
10>  sundials_band.c
10>  sundials_dense.c
7>     Creating library C:/oss/third_party/sundials/sundials-3.1.0-build/src/idas/Release/sundials_idas.lib and object C:/oss/third_party/sundials/sundials-3.1.0-build/src/idas/Release/sundials_idas.exp
10>  sundials_direct.c
10>  sundials_iterative.c
10>  sundials_version.c
11>  sundials_sunlinsolband_shared.vcxproj -> C:\oss\third_party\sundials\sundials-3.1.0-build\src\sunlinsol_band\Release\sundials_sunlinsolband.dll
9>     Creating library C:/oss/third_party/sundials/sundials-3.1.0-build/src/cvodes/Release/sundials_cvodes.lib and object C:/oss/third_party/sundials/sundials-3.1.0-build/src/cvodes/Release/sundials_cvodes.exp
10>  nvector_serial.c
12>  sundials_sunlinsoldense_shared.vcxproj -> C:\oss\third_party\sundials\sundials-3.1.0-build\src\sunlinsol_dense\Release\sundials_sunlinsoldense.dll
15>------ Build started: Project: sundials_sunlinsolspfgmr_shared, Configuration: Release x64 ------
16>------ Build started: Project: sundials_sunlinsolspgmr_shared, Configuration: Release x64 ------
13>  Building Custom Rule C:/oss/third_party/sundials/sundials-3.1.0/src/sunlinsol_pcg/CMakeLists.txt
10>  sunmatrix_band.c
7>  sundials_idas_shared.vcxproj -> C:\oss\third_party\sundials\sundials-3.1.0-build\src\idas\Release\sundials_idas.dll
17>------ Build started: Project: sundials_sunlinsolsptfqmr_shared, Configuration: Release x64 ------
10>  sunmatrix_dense.c
13>  CMake does not need to re-run because C:/oss/third_party/sundials/sundials-3.1.0-build/src/sunlinsol_pcg/CMakeFiles/generate.stamp is up-to-date.
10>  sunmatrix_sparse.c
14>  Building Custom Rule C:/oss/third_party/sundials/sundials-3.1.0/src/sunlinsol_spbcgs/CMakeLists.txt
10>  Generating Code...
9>  sundials_cvodes_shared.vcxproj -> C:\oss\third_party\sundials\sundials-3.1.0-build\src\cvodes\Release\sundials_cvodes.dll
18>------ Build started: Project: sundials_sunmatrixsparse_shared, Configuration: Release x64 ------
16>  Building Custom Rule C:/oss/third_party/sundials/sundials-3.1.0/src/sunlinsol_spgmr/CMakeLists.txt
14>  CMake does not need to re-run because C:/oss/third_party/sundials/sundials-3.1.0-build/src/sunlinsol_spbcgs/CMakeFiles/generate.stamp is up-to-date.
15>  Building Custom Rule C:/oss/third_party/sundials/sundials-3.1.0/src/sunlinsol_spfgmr/CMakeLists.txt
13>  sunlinsol_pcg.c
17>  Building Custom Rule C:/oss/third_party/sundials/sundials-3.1.0/src/sunlinsol_sptfqmr/CMakeLists.txt
16>  CMake does not need to re-run because C:/oss/third_party/sundials/sundials-3.1.0-build/src/sunlinsol_spgmr/CMakeFiles/generate.stamp is up-to-date.
15>  CMake does not need to re-run because C:/oss/third_party/sundials/sundials-3.1.0-build/src/sunlinsol_spfgmr/CMakeFiles/generate.stamp is up-to-date.
13>  sundials_math.c
17>  CMake does not need to re-run because C:/oss/third_party/sundials/sundials-3.1.0-build/src/sunlinsol_sptfqmr/CMakeFiles/generate.stamp is up-to-date.
13>  sundials_nvector.c
13>  sundials_linearsolver.c
18>  Building Custom Rule C:/oss/third_party/sundials/sundials-3.1.0/src/sunmat_sparse/CMakeLists.txt
14>  sunlinsol_spbcgs.c
13>  sundials_iterative.c
13>  Generating Code...
14>  sundials_math.c
16>  sunlinsol_spgmr.c
14>  sundials_nvector.c
18>  CMake does not need to re-run because C:/oss/third_party/sundials/sundials-3.1.0-build/src/sunmat_sparse/CMakeFiles/generate.stamp is up-to-date.
15>  sunlinsol_spfgmr.c
14>  sundials_linearsolver.c
17>  sunlinsol_sptfqmr.c
14>  sundials_iterative.c
16>  sundials_math.c
14>  Generating Code...
15>  sundials_math.c
16>  sundials_nvector.c
17>  sundials_math.c
15>  sundials_nvector.c
17>  sundials_nvector.c
16>  sundials_linearsolver.c
15>  sundials_linearsolver.c
16>  sundials_iterative.c
15>  sundials_iterative.c
17>  sundials_linearsolver.c
16>  Generating Code...
17>  sundials_iterative.c
15>  Generating Code...
17>  Generating Code...
18>  sunmatrix_sparse.c
13>     Creating library C:/oss/third_party/sundials/sundials-3.1.0-build/src/sunlinsol_pcg/Release/sundials_sunlinsolpcg.lib and object C:/oss/third_party/sundials/sundials-3.1.0-build/src/sunlinsol_pcg/Release/sundials_sunlinsolpcg.exp
18>  sundials_nvector.c
18>  sundials_matrix.c
18>  sundials_math.c
14>     Creating library C:/oss/third_party/sundials/sundials-3.1.0-build/src/sunlinsol_spbcgs/Release/sundials_sunlinsolspbcgs.lib and object C:/oss/third_party/sundials/sundials-3.1.0-build/src/sunlinsol_spbcgs/Release/sundials_sunlinsolspbcgs.exp
18>  Generating Code...
13>  sundials_sunlinsolpcg_shared.vcxproj -> C:\oss\third_party\sundials\sundials-3.1.0-build\src\sunlinsol_pcg\Release\sundials_sunlinsolpcg.dll
19>------ Build started: Project: cvsAdvDiff_FSA_non, Configuration: Release x64 ------
16>     Creating library C:/oss/third_party/sundials/sundials-3.1.0-build/src/sunlinsol_spgmr/Release/sundials_sunlinsolspgmr.lib and object C:/oss/third_party/sundials/sundials-3.1.0-build/src/sunlinsol_spgmr/Release/sundials_sunlinsolspgmr.exp
10>  Compiling...
10>  sunlinsol_band.c
15>     Creating library C:/oss/third_party/sundials/sundials-3.1.0-build/src/sunlinsol_spfgmr/Release/sundials_sunlinsolspfgmr.lib and object C:/oss/third_party/sundials/sundials-3.1.0-build/src/sunlinsol_spfgmr/Release/sundials_sunlinsolspfgmr.exp
17>     Creating library C:/oss/third_party/sundials/sundials-3.1.0-build/src/sunlinsol_sptfqmr/Release/sundials_sunlinsolsptfqmr.lib and object C:/oss/third_party/sundials/sundials-3.1.0-build/src/sunlinsol_sptfqmr/Release/sundials_sunlinsolsptfqmr.exp
10>  sunlinsol_dense.c
14>  sundials_sunlinsolspbcgs_shared.vcxproj -> C:\oss\third_party\sundials\sundials-3.1.0-build\src\sunlinsol_spbcgs\Release\sundials_sunlinsolspbcgs.dll
20>------ Build started: Project: cvsAdvDiff_ASAi_bnd, Configuration: Release x64 ------
10>  sunlinsol_spbcgs.c
10>  sunlinsol_spfgmr.c
18>     Creating library C:/oss/third_party/sundials/sundials-3.1.0-build/src/sunmat_sparse/Release/sundials_sunmatrixsparse.lib and object C:/oss/third_party/sundials/sundials-3.1.0-build/src/sunmat_sparse/Release/sundials_sunmatrixsparse.exp
17>  sundials_sunlinsolsptfqmr_shared.vcxproj -> C:\oss\third_party\sundials\sundials-3.1.0-build\src\sunlinsol_sptfqmr\Release\sundials_sunlinsolsptfqmr.dll
21>------ Build started: Project: cvsAdvDiff_bnd, Configuration: Release x64 ------
15>  sundials_sunlinsolspfgmr_shared.vcxproj -> C:\oss\third_party\sundials\sundials-3.1.0-build\src\sunlinsol_spfgmr\Release\sundials_sunlinsolspfgmr.dll
22>------ Build started: Project: cvsDirectDemo_ls, Configuration: Release x64 ------
10>  sunlinsol_spgmr.c
16>  sundials_sunlinsolspgmr_shared.vcxproj -> C:\oss\third_party\sundials\sundials-3.1.0-build\src\sunlinsol_spgmr\Release\sundials_sunlinsolspgmr.dll
23>------ Build started: Project: cvsDiurnal_FSA_kry, Configuration: Release x64 ------
10>  sunlinsol_sptfqmr.c
10>  sunlinsol_pcg.c
18>  sundials_sunmatrixsparse_shared.vcxproj -> C:\oss\third_party\sundials\sundials-3.1.0-build\src\sunmat_sparse\Release\sundials_sunmatrixsparse.dll
10>  Generating Code...
24>------ Build started: Project: cvsDiurnal_kry, Configuration: Release x64 ------
20>  Building Custom Rule C:/oss/third_party/sundials/sundials-3.1.0/examples/cvodes/serial/CMakeLists.txt
22>  Building Custom Rule C:/oss/third_party/sundials/sundials-3.1.0/examples/cvodes/serial/CMakeLists.txt
19>  Building Custom Rule C:/oss/third_party/sundials/sundials-3.1.0/examples/cvodes/serial/CMakeLists.txt
24>  Building Custom Rule C:/oss/third_party/sundials/sundials-3.1.0/examples/cvodes/serial/CMakeLists.txt
20>  CMake does not need to re-run because C:/oss/third_party/sundials/sundials-3.1.0-build/examples/cvodes/serial/CMakeFiles/generate.stamp is up-to-date.
23>  Building Custom Rule C:/oss/third_party/sundials/sundials-3.1.0/examples/cvodes/serial/CMakeLists.txt
22>  CMake does not need to re-run because C:/oss/third_party/sundials/sundials-3.1.0-build/examples/cvodes/serial/CMakeFiles/generate.stamp is up-to-date.
24>  CMake does not need to re-run because C:/oss/third_party/sundials/sundials-3.1.0-build/examples/cvodes/serial/CMakeFiles/generate.stamp is up-to-date.
23>  CMake does not need to re-run because C:/oss/third_party/sundials/sundials-3.1.0-build/examples/cvodes/serial/CMakeFiles/generate.stamp is up-to-date.
19>  CMake does not need to re-run because C:/oss/third_party/sundials/sundials-3.1.0-build/examples/cvodes/serial/CMakeFiles/generate.stamp is up-to-date.
20>  cvsAdvDiff_ASAi_bnd.c
21>  Building Custom Rule C:/oss/third_party/sundials/sundials-3.1.0/examples/cvodes/serial/CMakeLists.txt
23>  cvsDiurnal_FSA_kry.c
24>  cvsDiurnal_kry.c
21>  CMake does not need to re-run because C:/oss/third_party/sundials/sundials-3.1.0-build/examples/cvodes/serial/CMakeFiles/generate.stamp is up-to-date.
22>  cvsDirectDemo_ls.c
4>     Creating library C:/oss/third_party/sundials/sundials-3.1.0-build/src/cvode/Release/sundials_cvode.lib and object C:/oss/third_party/sundials/sundials-3.1.0-build/src/cvode/Release/sundials_cvode.exp
19>  cvsAdvDiff_FSA_non.c
4>  sundials_cvode_shared.vcxproj -> C:\oss\third_party\sundials\sundials-3.1.0-build\src\cvode\Release\sundials_cvode.dll
25>------ Build started: Project: cvAdvDiff_bnd, Configuration: Release x64 ------
21>  cvsAdvDiff_bnd.c
24>  cvsDiurnal_kry.vcxproj -> C:\oss\third_party\sundials\sundials-3.1.0-build\examples\cvodes\serial\Release\cvsDiurnal_kry.exe
20>  cvsAdvDiff_ASAi_bnd.vcxproj -> C:\oss\third_party\sundials\sundials-3.1.0-build\examples\cvodes\serial\Release\cvsAdvDiff_ASAi_bnd.exe
23>  cvsDiurnal_FSA_kry.vcxproj -> C:\oss\third_party\sundials\sundials-3.1.0-build\examples\cvodes\serial\Release\cvsDiurnal_FSA_kry.exe
22>  cvsDirectDemo_ls.vcxproj -> C:\oss\third_party\sundials\sundials-3.1.0-build\examples\cvodes\serial\Release\cvsDirectDemo_ls.exe
10>     Creating library C:/oss/third_party/sundials/sundials-3.1.0-build/src/arkode/Release/sundials_arkode.lib and object C:/oss/third_party/sundials/sundials-3.1.0-build/src/arkode/Release/sundials_arkode.exp
19>  cvsAdvDiff_FSA_non.vcxproj -> C:\oss\third_party\sundials\sundials-3.1.0-build\examples\cvodes\serial\Release\cvsAdvDiff_FSA_non.exe
26>------ Build started: Project: cvDirectDemo_ls, Configuration: Release x64 ------
27>------ Build started: Project: cvDiurnal_kry, Configuration: Release x64 ------
28>------ Build started: Project: cvDiurnal_kry_bp, Configuration: Release x64 ------
29>------ Build started: Project: cvKrylovDemo_ls, Configuration: Release x64 ------
30>------ Build started: Project: cvKrylovDemo_prec, Configuration: Release x64 ------
10>  sundials_arkode_shared.vcxproj -> C:\oss\third_party\sundials\sundials-3.1.0-build\src\arkode\Release\sundials_arkode.dll
31>------ Build started: Project: ark_heat1D_adapt, Configuration: Release x64 ------
21>  cvsAdvDiff_bnd.vcxproj -> C:\oss\third_party\sundials\sundials-3.1.0-build\examples\cvodes\serial\Release\cvsAdvDiff_bnd.exe
32>------ Build started: Project: ark_robertson_root, Configuration: Release x64 ------
28>  Building Custom Rule C:/oss/third_party/sundials/sundials-3.1.0/examples/cvode/serial/CMakeLists.txt
30>  Building Custom Rule C:/oss/third_party/sundials/sundials-3.1.0/examples/cvode/serial/CMakeLists.txt
29>  Building Custom Rule C:/oss/third_party/sundials/sundials-3.1.0/examples/cvode/serial/CMakeLists.txt
28>  CMake does not need to re-run because C:/oss/third_party/sundials/sundials-3.1.0-build/examples/cvode/serial/CMakeFiles/generate.stamp is up-to-date.
30>  CMake does not need to re-run because C:/oss/third_party/sundials/sundials-3.1.0-build/examples/cvode/serial/CMakeFiles/generate.stamp is up-to-date.
31>  Building Custom Rule C:/oss/third_party/sundials/sundials-3.1.0/examples/arkode/C_serial/CMakeLists.txt
29>  CMake does not need to re-run because C:/oss/third_party/sundials/sundials-3.1.0-build/examples/cvode/serial/CMakeFiles/generate.stamp is up-to-date.
31>  CMake does not need to re-run because C:/oss/third_party/sundials/sundials-3.1.0-build/examples/arkode/C_serial/CMakeFiles/generate.stamp is up-to-date.
32>  Building Custom Rule C:/oss/third_party/sundials/sundials-3.1.0/examples/arkode/C_serial/CMakeLists.txt
27>  Building Custom Rule C:/oss/third_party/sundials/sundials-3.1.0/examples/cvode/serial/CMakeLists.txt
25>  Building Custom Rule C:/oss/third_party/sundials/sundials-3.1.0/examples/cvode/serial/CMakeLists.txt
26>  Building Custom Rule C:/oss/third_party/sundials/sundials-3.1.0/examples/cvode/serial/CMakeLists.txt
30>  cvKrylovDemo_prec.c
28>  cvDiurnal_kry_bp.c
25>  CMake does not need to re-run because C:/oss/third_party/sundials/sundials-3.1.0-build/examples/cvode/serial/CMakeFiles/generate.stamp is up-to-date.
26>  CMake does not need to re-run because C:/oss/third_party/sundials/sundials-3.1.0-build/examples/cvode/serial/CMakeFiles/generate.stamp is up-to-date.
29>  cvKrylovDemo_ls.c
31>  ark_heat1D_adapt.c
27>  CMake does not need to re-run because C:/oss/third_party/sundials/sundials-3.1.0-build/examples/cvode/serial/CMakeFiles/generate.stamp is up-to-date.
32>  CMake does not need to re-run because C:/oss/third_party/sundials/sundials-3.1.0-build/examples/arkode/C_serial/CMakeFiles/generate.stamp is up-to-date.
25>  cvAdvDiff_bnd.c
27>  cvDiurnal_kry.c
26>  cvDirectDemo_ls.c
32>  ark_robertson_root.c
30>  cvKrylovDemo_prec.vcxproj -> C:\oss\third_party\sundials\sundials-3.1.0-build\examples\cvode\serial\Release\cvKrylovDemo_prec.exe
29>  cvKrylovDemo_ls.vcxproj -> C:\oss\third_party\sundials\sundials-3.1.0-build\examples\cvode\serial\Release\cvKrylovDemo_ls.exe
31>  ark_heat1D_adapt.vcxproj -> C:\oss\third_party\sundials\sundials-3.1.0-build\examples\arkode\C_serial\Release\ark_heat1D_adapt.exe
33>------ Build started: Project: cvRoberts_dns, Configuration: Release x64 ------
28>  cvDiurnal_kry_bp.vcxproj -> C:\oss\third_party\sundials\sundials-3.1.0-build\examples\cvode\serial\Release\cvDiurnal_kry_bp.exe
34>------ Build started: Project: cvRoberts_dns_uw, Configuration: Release x64 ------
35>------ Build started: Project: cvsDiurnal_kry_bp, Configuration: Release x64 ------
36>------ Build started: Project: cvsFoodWeb_ASAi_kry, Configuration: Release x64 ------
25>  cvAdvDiff_bnd.vcxproj -> C:\oss\third_party\sundials\sundials-3.1.0-build\examples\cvode\serial\Release\cvAdvDiff_bnd.exe
37>------ Build started: Project: cvsFoodWeb_ASAp_kry, Configuration: Release x64 ------
26>  cvDirectDemo_ls.vcxproj -> C:\oss\third_party\sundials\sundials-3.1.0-build\examples\cvode\serial\Release\cvDirectDemo_ls.exe
27>  cvDiurnal_kry.vcxproj -> C:\oss\third_party\sundials\sundials-3.1.0-build\examples\cvode\serial\Release\cvDiurnal_kry.exe
38>------ Build started: Project: cvsHessian_ASA_FSA, Configuration: Release x64 ------
39>------ Build started: Project: cvsKrylovDemo_ls, Configuration: Release x64 ------
32>  ark_robertson_root.vcxproj -> C:\oss\third_party\sundials\sundials-3.1.0-build\examples\arkode\C_serial\Release\ark_robertson_root.exe
35>  Building Custom Rule C:/oss/third_party/sundials/sundials-3.1.0/examples/cvodes/serial/CMakeLists.txt
34>  Building Custom Rule C:/oss/third_party/sundials/sundials-3.1.0/examples/cvode/serial/CMakeLists.txt
36>  Building Custom Rule C:/oss/third_party/sundials/sundials-3.1.0/examples/cvodes/serial/CMakeLists.txt
34>  CMake does not need to re-run because C:/oss/third_party/sundials/sundials-3.1.0-build/examples/cvode/serial/CMakeFiles/generate.stamp is up-to-date.
36>  CMake does not need to re-run because C:/oss/third_party/sundials/sundials-3.1.0-build/examples/cvodes/serial/CMakeFiles/generate.stamp is up-to-date.
37>  Building Custom Rule C:/oss/third_party/sundials/sundials-3.1.0/examples/cvodes/serial/CMakeLists.txt
35>  CMake does not need to re-run because C:/oss/third_party/sundials/sundials-3.1.0-build/examples/cvodes/serial/CMakeFiles/generate.stamp is up-to-date.
37>  CMake does not need to re-run because C:/oss/third_party/sundials/sundials-3.1.0-build/examples/cvodes/serial/CMakeFiles/generate.stamp is up-to-date.
38>  Building Custom Rule C:/oss/third_party/sundials/sundials-3.1.0/examples/cvodes/serial/CMakeLists.txt
33>  Building Custom Rule C:/oss/third_party/sundials/sundials-3.1.0/examples/cvode/serial/CMakeLists.txt
38>  CMake does not need to re-run because C:/oss/third_party/sundials/sundials-3.1.0-build/examples/cvodes/serial/CMakeFiles/generate.stamp is up-to-date.
34>  cvRoberts_dns_uw.c
36>  cvsFoodWeb_ASAi_kry.c
35>  cvsDiurnal_kry_bp.c
33>  CMake does not need to re-run because C:/oss/third_party/sundials/sundials-3.1.0-build/examples/cvode/serial/CMakeFiles/generate.stamp is up-to-date.
37>  cvsFoodWeb_ASAp_kry.c
39>  Building Custom Rule C:/oss/third_party/sundials/sundials-3.1.0/examples/cvodes/serial/CMakeLists.txt
33>  cvRoberts_dns.c
38>  cvsHessian_ASA_FSA.c
39>  CMake does not need to re-run because C:/oss/third_party/sundials/sundials-3.1.0-build/examples/cvodes/serial/CMakeFiles/generate.stamp is up-to-date.
40>------ Build started: Project: cvsKrylovDemo_prec, Configuration: Release x64 ------
34>  cvRoberts_dns_uw.vcxproj -> C:\oss\third_party\sundials\sundials-3.1.0-build\examples\cvode\serial\Release\cvRoberts_dns_uw.exe
35>  cvsDiurnal_kry_bp.vcxproj -> C:\oss\third_party\sundials\sundials-3.1.0-build\examples\cvodes\serial\Release\cvsDiurnal_kry_bp.exe
41>------ Build started: Project: cvsRoberts_ASAi_dns, Configuration: Release x64 ------
42>------ Build started: Project: cvsRoberts_FSA_dns, Configuration: Release x64 ------
39>  cvsKrylovDemo_ls.c
36>  cvsFoodWeb_ASAi_kry.vcxproj -> C:\oss\third_party\sundials\sundials-3.1.0-build\examples\cvodes\serial\Release\cvsFoodWeb_ASAi_kry.exe
43>------ Build started: Project: cvsRoberts_dns, Configuration: Release x64 ------
40>  Building Custom Rule C:/oss/third_party/sundials/sundials-3.1.0/examples/cvodes/serial/CMakeLists.txt
37>  cvsFoodWeb_ASAp_kry.vcxproj -> C:\oss\third_party\sundials\sundials-3.1.0-build\examples\cvodes\serial\Release\cvsFoodWeb_ASAp_kry.exe
44>------ Build started: Project: cvsRoberts_dns_uw, Configuration: Release x64 ------
33>  cvRoberts_dns.vcxproj -> C:\oss\third_party\sundials\sundials-3.1.0-build\examples\cvode\serial\Release\cvRoberts_dns.exe
40>  CMake does not need to re-run because C:/oss/third_party/sundials/sundials-3.1.0-build/examples/cvodes/serial/CMakeFiles/generate.stamp is up-to-date.
45>------ Build started: Project: idaFoodWeb_bnd, Configuration: Release x64 ------
42>  Building Custom Rule C:/oss/third_party/sundials/sundials-3.1.0/examples/cvodes/serial/CMakeLists.txt
38>  cvsHessian_ASA_FSA.vcxproj -> C:\oss\third_party\sundials\sundials-3.1.0-build\examples\cvodes\serial\Release\cvsHessian_ASA_FSA.exe
46>------ Build started: Project: idaFoodWeb_kry, Configuration: Release x64 ------
43>  Building Custom Rule C:/oss/third_party/sundials/sundials-3.1.0/examples/cvodes/serial/CMakeLists.txt
42>  CMake does not need to re-run because C:/oss/third_party/sundials/sundials-3.1.0-build/examples/cvodes/serial/CMakeFiles/generate.stamp is up-to-date.
40>  cvsKrylovDemo_prec.c
43>  CMake does not need to re-run because C:/oss/third_party/sundials/sundials-3.1.0-build/examples/cvodes/serial/CMakeFiles/generate.stamp is up-to-date.
44>  Building Custom Rule C:/oss/third_party/sundials/sundials-3.1.0/examples/cvodes/serial/CMakeLists.txt
42>  cvsRoberts_FSA_dns.c
44>  CMake does not need to re-run because C:/oss/third_party/sundials/sundials-3.1.0-build/examples/cvodes/serial/CMakeFiles/generate.stamp is up-to-date.
43>  cvsRoberts_dns.c
45>  Building Custom Rule C:/oss/third_party/sundials/sundials-3.1.0/examples/ida/serial/CMakeLists.txt
45>  CMake does not need to re-run because C:/oss/third_party/sundials/sundials-3.1.0-build/examples/ida/serial/CMakeFiles/generate.stamp is up-to-date.
44>  cvsRoberts_dns_uw.c
45>  idaFoodWeb_bnd.c
46>  Building Custom Rule C:/oss/third_party/sundials/sundials-3.1.0/examples/ida/serial/CMakeLists.txt
46>  CMake does not need to re-run because C:/oss/third_party/sundials/sundials-3.1.0-build/examples/ida/serial/CMakeFiles/generate.stamp is up-to-date.
46>  idaFoodWeb_kry.c
39>  cvsKrylovDemo_ls.vcxproj -> C:\oss\third_party\sundials\sundials-3.1.0-build\examples\cvodes\serial\Release\cvsKrylovDemo_ls.exe
42>  cvsRoberts_FSA_dns.vcxproj -> C:\oss\third_party\sundials\sundials-3.1.0-build\examples\cvodes\serial\Release\cvsRoberts_FSA_dns.exe
47>------ Build started: Project: idaHeat2D_bnd, Configuration: Release x64 ------
48>------ Build started: Project: idaHeat2D_kry, Configuration: Release x64 ------
40>  cvsKrylovDemo_prec.vcxproj -> C:\oss\third_party\sundials\sundials-3.1.0-build\examples\cvodes\serial\Release\cvsKrylovDemo_prec.exe
49>------ Build started: Project: idaKrylovDemo_ls, Configuration: Release x64 ------
44>  cvsRoberts_dns_uw.vcxproj -> C:\oss\third_party\sundials\sundials-3.1.0-build\examples\cvodes\serial\Release\cvsRoberts_dns_uw.exe
50>------ Build started: Project: idaRoberts_dns, Configuration: Release x64 ------
43>  cvsRoberts_dns.vcxproj -> C:\oss\third_party\sundials\sundials-3.1.0-build\examples\cvodes\serial\Release\cvsRoberts_dns.exe
51>------ Build started: Project: idaSlCrank_dns, Configuration: Release x64 ------
49>  Building Custom Rule C:/oss/third_party/sundials/sundials-3.1.0/examples/ida/serial/CMakeLists.txt
47>  Building Custom Rule C:/oss/third_party/sundials/sundials-3.1.0/examples/ida/serial/CMakeLists.txt
48>  Building Custom Rule C:/oss/third_party/sundials/sundials-3.1.0/examples/ida/serial/CMakeLists.txt
48>  CMake does not need to re-run because C:/oss/third_party/sundials/sundials-3.1.0-build/examples/ida/serial/CMakeFiles/generate.stamp is up-to-date.
47>  CMake does not need to re-run because C:/oss/third_party/sundials/sundials-3.1.0-build/examples/ida/serial/CMakeFiles/generate.stamp is up-to-date.
52>------ Build started: Project: idasAkzoNob_ASAi_dns, Configuration: Release x64 ------
50>  Building Custom Rule C:/oss/third_party/sundials/sundials-3.1.0/examples/ida/serial/CMakeLists.txt
51>  Building Custom Rule C:/oss/third_party/sundials/sundials-3.1.0/examples/ida/serial/CMakeLists.txt
50>  CMake does not need to re-run because C:/oss/third_party/sundials/sundials-3.1.0-build/examples/ida/serial/CMakeFiles/generate.stamp is up-to-date.
46>  idaFoodWeb_kry.vcxproj -> C:\oss\third_party\sundials\sundials-3.1.0-build\examples\ida\serial\Release\idaFoodWeb_kry.exe
51>  CMake does not need to re-run because C:/oss/third_party/sundials/sundials-3.1.0-build/examples/ida/serial/CMakeFiles/generate.stamp is up-to-date.
47>  idaHeat2D_bnd.c
48>  idaHeat2D_kry.c
52>  Building Custom Rule C:/oss/third_party/sundials/sundials-3.1.0/examples/idas/serial/CMakeLists.txt
50>  idaRoberts_dns.c
52>  CMake does not need to re-run because C:/oss/third_party/sundials/sundials-3.1.0-build/examples/idas/serial/CMakeFiles/generate.stamp is up-to-date.
51>  idaSlCrank_dns.c
52>  idasAkzoNob_ASAi_dns.c
49>  CMake does not need to re-run because C:/oss/third_party/sundials/sundials-3.1.0-build/examples/ida/serial/CMakeFiles/generate.stamp is up-to-date.
45>  idaFoodWeb_bnd.vcxproj -> C:\oss\third_party\sundials\sundials-3.1.0-build\examples\ida\serial\Release\idaFoodWeb_bnd.exe
53>------ Build started: Project: idasAkzoNob_dns, Configuration: Release x64 ------
54>------ Build started: Project: idasFoodWeb_bnd, Configuration: Release x64 ------
49>  idaKrylovDemo_ls.c
54>  Building Custom Rule C:/oss/third_party/sundials/sundials-3.1.0/examples/idas/serial/CMakeLists.txt
51>  idaSlCrank_dns.vcxproj -> C:\oss\third_party\sundials\sundials-3.1.0-build\examples\ida\serial\Release\idaSlCrank_dns.exe
48>  idaHeat2D_kry.vcxproj -> C:\oss\third_party\sundials\sundials-3.1.0-build\examples\ida\serial\Release\idaHeat2D_kry.exe
50>  idaRoberts_dns.vcxproj -> C:\oss\third_party\sundials\sundials-3.1.0-build\examples\ida\serial\Release\idaRoberts_dns.exe
55>------ Build started: Project: idasHeat2D_bnd, Configuration: Release x64 ------
56>------ Build started: Project: idasHeat2D_kry, Configuration: Release x64 ------
57>------ Build started: Project: idasHessian_ASA_FSA, Configuration: Release x64 ------
53>  Building Custom Rule C:/oss/third_party/sundials/sundials-3.1.0/examples/idas/serial/CMakeLists.txt
54>  CMake does not need to re-run because C:/oss/third_party/sundials/sundials-3.1.0-build/examples/idas/serial/CMakeFiles/generate.stamp is up-to-date.
53>  CMake does not need to re-run because C:/oss/third_party/sundials/sundials-3.1.0-build/examples/idas/serial/CMakeFiles/generate.stamp is up-to-date.
47>  idaHeat2D_bnd.vcxproj -> C:\oss\third_party\sundials\sundials-3.1.0-build\examples\ida\serial\Release\idaHeat2D_bnd.exe
58>------ Build started: Project: idasKrylovDemo_ls, Configuration: Release x64 ------
55>  Building Custom Rule C:/oss/third_party/sundials/sundials-3.1.0/examples/idas/serial/CMakeLists.txt
53>  idasAkzoNob_dns.c
56>  Building Custom Rule C:/oss/third_party/sundials/sundials-3.1.0/examples/idas/serial/CMakeLists.txt
54>  idasFoodWeb_bnd.c
57>  Building Custom Rule C:/oss/third_party/sundials/sundials-3.1.0/examples/idas/serial/CMakeLists.txt
55>  CMake does not need to re-run because C:/oss/third_party/sundials/sundials-3.1.0-build/examples/idas/serial/CMakeFiles/generate.stamp is up-to-date.
57>  CMake does not need to re-run because C:/oss/third_party/sundials/sundials-3.1.0-build/examples/idas/serial/CMakeFiles/generate.stamp is up-to-date.
56>  CMake does not need to re-run because C:/oss/third_party/sundials/sundials-3.1.0-build/examples/idas/serial/CMakeFiles/generate.stamp is up-to-date.
58>  Building Custom Rule C:/oss/third_party/sundials/sundials-3.1.0/examples/idas/serial/CMakeLists.txt
55>  idasHeat2D_bnd.c
58>  CMake does not need to re-run because C:/oss/third_party/sundials/sundials-3.1.0-build/examples/idas/serial/CMakeFiles/generate.stamp is up-to-date.
52>  idasAkzoNob_ASAi_dns.vcxproj -> C:\oss\third_party\sundials\sundials-3.1.0-build\examples\idas\serial\Release\idasAkzoNob_ASAi_dns.exe
56>  idasHeat2D_kry.c
57>  idasHessian_ASA_FSA.c
58>  idasKrylovDemo_ls.c
54>  idasFoodWeb_bnd.vcxproj -> C:\oss\third_party\sundials\sundials-3.1.0-build\examples\idas\serial\Release\idasFoodWeb_bnd.exe
53>  idasAkzoNob_dns.vcxproj -> C:\oss\third_party\sundials\sundials-3.1.0-build\examples\idas\serial\Release\idasAkzoNob_dns.exe
59>------ Build started: Project: idasRoberts_ASAi_dns, Configuration: Release x64 ------
60>------ Build started: Project: idasRoberts_FSA_dns, Configuration: Release x64 ------
61>------ Build started: Project: idasRoberts_dns, Configuration: Release x64 ------
55>  idasHeat2D_bnd.vcxproj -> C:\oss\third_party\sundials\sundials-3.1.0-build\examples\idas\serial\Release\idasHeat2D_bnd.exe
62>------ Build started: Project: idasSlCrank_FSA_dns, Configuration: Release x64 ------
59>  Building Custom Rule C:/oss/third_party/sundials/sundials-3.1.0/examples/idas/serial/CMakeLists.txt
60>  Building Custom Rule C:/oss/third_party/sundials/sundials-3.1.0/examples/idas/serial/CMakeLists.txt
49>  idaKrylovDemo_ls.vcxproj -> C:\oss\third_party\sundials\sundials-3.1.0-build\examples\ida\serial\Release\idaKrylovDemo_ls.exe
59>  CMake does not need to re-run because C:/oss/third_party/sundials/sundials-3.1.0-build/examples/idas/serial/CMakeFiles/generate.stamp is up-to-date.
61>  Building Custom Rule C:/oss/third_party/sundials/sundials-3.1.0/examples/idas/serial/CMakeLists.txt
63>------ Build started: Project: idasSlCrank_dns, Configuration: Release x64 ------
56>  idasHeat2D_kry.vcxproj -> C:\oss\third_party\sundials\sundials-3.1.0-build\examples\idas\serial\Release\idasHeat2D_kry.exe
64>------ Build started: Project: kinFerTron_dns, Configuration: Release x64 ------
60>  CMake does not need to re-run because C:/oss/third_party/sundials/sundials-3.1.0-build/examples/idas/serial/CMakeFiles/generate.stamp is up-to-date.
58>  idasKrylovDemo_ls.vcxproj -> C:\oss\third_party\sundials\sundials-3.1.0-build\examples\idas\serial\Release\idasKrylovDemo_ls.exe
61>  CMake does not need to re-run because C:/oss/third_party/sundials/sundials-3.1.0-build/examples/idas/serial/CMakeFiles/generate.stamp is up-to-date.
65>------ Build started: Project: kinFoodWeb_kry, Configuration: Release x64 ------
62>  Building Custom Rule C:/oss/third_party/sundials/sundials-3.1.0/examples/idas/serial/CMakeLists.txt
62>  CMake does not need to re-run because C:/oss/third_party/sundials/sundials-3.1.0-build/examples/idas/serial/CMakeFiles/generate.stamp is up-to-date.
60>  idasRoberts_FSA_dns.c
59>  idasRoberts_ASAi_dns.c
61>  idasRoberts_dns.c
63>  Building Custom Rule C:/oss/third_party/sundials/sundials-3.1.0/examples/idas/serial/CMakeLists.txt
62>  idasSlCrank_FSA_dns.c
57>  idasHessian_ASA_FSA.vcxproj -> C:\oss\third_party\sundials\sundials-3.1.0-build\examples\idas\serial\Release\idasHessian_ASA_FSA.exe
66>------ Build started: Project: kinKrylovDemo_ls, Configuration: Release x64 ------
64>  Building Custom Rule C:/oss/third_party/sundials/sundials-3.1.0/examples/kinsol/serial/CMakeLists.txt
63>  CMake does not need to re-run because C:/oss/third_party/sundials/sundials-3.1.0-build/examples/idas/serial/CMakeFiles/generate.stamp is up-to-date.
65>  Building Custom Rule C:/oss/third_party/sundials/sundials-3.1.0/examples/kinsol/serial/CMakeLists.txt
64>  CMake does not need to re-run because C:/oss/third_party/sundials/sundials-3.1.0-build/examples/kinsol/serial/CMakeFiles/generate.stamp is up-to-date.
65>  CMake does not need to re-run because C:/oss/third_party/sundials/sundials-3.1.0-build/examples/kinsol/serial/CMakeFiles/generate.stamp is up-to-date.
66>  Building Custom Rule C:/oss/third_party/sundials/sundials-3.1.0/examples/kinsol/serial/CMakeLists.txt
63>  idasSlCrank_dns.c
64>  kinFerTron_dns.c
65>  kinFoodWeb_kry.c
66>  CMake does not need to re-run because C:/oss/third_party/sundials/sundials-3.1.0-build/examples/kinsol/serial/CMakeFiles/generate.stamp is up-to-date.
61>  idasRoberts_dns.vcxproj -> C:\oss\third_party\sundials\sundials-3.1.0-build\examples\idas\serial\Release\idasRoberts_dns.exe
67>------ Build started: Project: kinLaplace_bnd, Configuration: Release x64 ------
59>  idasRoberts_ASAi_dns.vcxproj -> C:\oss\third_party\sundials\sundials-3.1.0-build\examples\idas\serial\Release\idasRoberts_ASAi_dns.exe
60>  idasRoberts_FSA_dns.vcxproj -> C:\oss\third_party\sundials\sundials-3.1.0-build\examples\idas\serial\Release\idasRoberts_FSA_dns.exe
68>------ Build started: Project: kinLaplace_picard_bnd, Configuration: Release x64 ------
69>------ Build started: Project: kinRoberts_fp, Configuration: Release x64 ------
62>  idasSlCrank_FSA_dns.vcxproj -> C:\oss\third_party\sundials\sundials-3.1.0-build\examples\idas\serial\Release\idasSlCrank_FSA_dns.exe
70>------ Build started: Project: kinRoboKin_dns, Configuration: Release x64 ------
66>  kinKrylovDemo_ls.c
67>  Building Custom Rule C:/oss/third_party/sundials/sundials-3.1.0/examples/kinsol/serial/CMakeLists.txt
68>  Building Custom Rule C:/oss/third_party/sundials/sundials-3.1.0/examples/kinsol/serial/CMakeLists.txt
67>  CMake does not need to re-run because C:/oss/third_party/sundials/sundials-3.1.0-build/examples/kinsol/serial/CMakeFiles/generate.stamp is up-to-date.
68>  CMake does not need to re-run because C:/oss/third_party/sundials/sundials-3.1.0-build/examples/kinsol/serial/CMakeFiles/generate.stamp is up-to-date.
69>  Building Custom Rule C:/oss/third_party/sundials/sundials-3.1.0/examples/kinsol/serial/CMakeLists.txt
63>  idasSlCrank_dns.vcxproj -> C:\oss\third_party\sundials\sundials-3.1.0-build\examples\idas\serial\Release\idasSlCrank_dns.exe
70>  Building Custom Rule C:/oss/third_party/sundials/sundials-3.1.0/examples/kinsol/serial/CMakeLists.txt
71>------ Build started: Project: sundials_arkode_static, Configuration: Release x64 ------
69>  CMake does not need to re-run because C:/oss/third_party/sundials/sundials-3.1.0-build/examples/kinsol/serial/CMakeFiles/generate.stamp is up-to-date.
65>  kinFoodWeb_kry.vcxproj -> C:\oss\third_party\sundials\sundials-3.1.0-build\examples\kinsol\serial\Release\kinFoodWeb_kry.exe
70>  CMake does not need to re-run because C:/oss/third_party/sundials/sundials-3.1.0-build/examples/kinsol/serial/CMakeFiles/generate.stamp is up-to-date.
64>  kinFerTron_dns.vcxproj -> C:\oss\third_party\sundials\sundials-3.1.0-build\examples\kinsol\serial\Release\kinFerTron_dns.exe
67>  kinLaplace_bnd.c
72>------ Build started: Project: sundials_cvode_static, Configuration: Release x64 ------
73>------ Build started: Project: sundials_cvodes_static, Configuration: Release x64 ------
68>  kinLaplace_picard_bnd.c
69>  kinRoberts_fp.c
66>  kinKrylovDemo_ls.vcxproj -> C:\oss\third_party\sundials\sundials-3.1.0-build\examples\kinsol\serial\Release\kinKrylovDemo_ls.exe
71>  Building Custom Rule C:/oss/third_party/sundials/sundials-3.1.0/src/arkode/CMakeLists.txt
74>------ Build started: Project: sundials_ida_static, Configuration: Release x64 ------
70>  kinRoboKin_dns.c
72>  Building Custom Rule C:/oss/third_party/sundials/sundials-3.1.0/src/cvode/CMakeLists.txt
71>  CMake does not need to re-run because C:/oss/third_party/sundials/sundials-3.1.0-build/src/arkode/CMakeFiles/generate.stamp is up-to-date.
73>  Building Custom Rule C:/oss/third_party/sundials/sundials-3.1.0/src/cvodes/CMakeLists.txt
72>  CMake does not need to re-run because C:/oss/third_party/sundials/sundials-3.1.0-build/src/cvode/CMakeFiles/generate.stamp is up-to-date.
73>  CMake does not need to re-run because C:/oss/third_party/sundials/sundials-3.1.0-build/src/cvodes/CMakeFiles/generate.stamp is up-to-date.
74>  Building Custom Rule C:/oss/third_party/sundials/sundials-3.1.0/src/ida/CMakeLists.txt
67>  kinLaplace_bnd.vcxproj -> C:\oss\third_party\sundials\sundials-3.1.0-build\examples\kinsol\serial\Release\kinLaplace_bnd.exe
75>------ Build started: Project: sundials_idas_static, Configuration: Release x64 ------
71>  arkode.c
74>  CMake does not need to re-run because C:/oss/third_party/sundials/sundials-3.1.0-build/src/ida/CMakeFiles/generate.stamp is up-to-date.
72>  cvode.c
73>  cvodea.c
69>  kinRoberts_fp.vcxproj -> C:\oss\third_party\sundials\sundials-3.1.0-build\examples\kinsol\serial\Release\kinRoberts_fp.exe
68>  kinLaplace_picard_bnd.vcxproj -> C:\oss\third_party\sundials\sundials-3.1.0-build\examples\kinsol\serial\Release\kinLaplace_picard_bnd.exe
76>------ Build started: Project: sundials_kinsol_static, Configuration: Release x64 ------
77>------ Build started: Project: sundials_nvecserial_static, Configuration: Release x64 ------
71>  arkode_bandpre.c
73>  cvodea_io.c
71>  arkode_bbdpre.c
72>  cvode_bandpre.c
73>  cvodes.c
75>  Building Custom Rule C:/oss/third_party/sundials/sundials-3.1.0/src/idas/CMakeLists.txt
72>  cvode_bbdpre.c
70>  kinRoboKin_dns.vcxproj -> C:\oss\third_party\sundials\sundials-3.1.0-build\examples\kinsol\serial\Release\kinRoboKin_dns.exe
71>  arkode_butcher.c
78>------ Build started: Project: sundials_sunlinsolband_static, Configuration: Release x64 ------
74>  ida.c
72>  cvode_diag.c
75>  CMake does not need to re-run because C:/oss/third_party/sundials/sundials-3.1.0-build/src/idas/CMakeFiles/generate.stamp is up-to-date.
71>  arkode_direct.c
73>  cvodes_bandpre.c
77>  Building Custom Rule C:/oss/third_party/sundials/sundials-3.1.0/src/nvec_ser/CMakeLists.txt
76>  Building Custom Rule C:/oss/third_party/sundials/sundials-3.1.0/src/kinsol/CMakeLists.txt
77>  CMake does not need to re-run because C:/oss/third_party/sundials/sundials-3.1.0-build/src/nvec_ser/CMakeFiles/generate.stamp is up-to-date.
76>  CMake does not need to re-run because C:/oss/third_party/sundials/sundials-3.1.0-build/src/kinsol/CMakeFiles/generate.stamp is up-to-date.
78>  Building Custom Rule C:/oss/third_party/sundials/sundials-3.1.0/src/sunlinsol_band/CMakeLists.txt
75>  idas.c
78>  CMake does not need to re-run because C:/oss/third_party/sundials/sundials-3.1.0-build/src/sunlinsol_band/CMakeFiles/generate.stamp is up-to-date.
77>  nvector_serial.c
76>  kinsol.c
73>  cvodes_bbdpre.c
71>  arkode_io.c
72>  cvode_direct.c
74>  ida_bbdpre.c
75>  idaa.c
78>  sunlinsol_band.c
76>C:\oss\third_party\sundials\sundials-3.1.0\src\kinsol\kinsol.c(243): warning C4244: '=': conversion from 'double' to 'sunindextype', possible loss of data
71>  arkode_spils.c
77>  sundials_math.c
73>  cvodes_io.c
76>  kinsol_io.c
72>  cvode_io.c
75>  idas_io.c
78>  sundials_linearsolver.c
74>  ida_direct.c
78>  sundials_band.c
77>  Generating Code...
72>  cvode_spils.c
76>  kinsol_direct.c
75>  idas_ic.c
74>  ida_ic.c
71>  sundials_nvector.c
73>  cvodes_diag.c
71>  sundials_matrix.c
78>  Generating Code...
72>  sundials_nvector.c
74>  ida_io.c
71>  sundials_linearsolver.c
73>  cvodes_direct.c
72>  sundials_matrix.c
71>  sundials_math.c
75>  idaa_io.c
76>  kinsol_spils.c
73>  cvodes_spils.c
74>  ida_spils.c
72>  sundials_linearsolver.c
75>  idas_direct.c
71>  sundials_band.c
73>  sundials_nvector.c
72>  sundials_math.c
72>  sundials_band.c
71>  sundials_dense.c
73>  sundials_matrix.c
75>  idas_spils.c
74>  sundials_nvector.c
76>  kinsol_bbdpre.c
74>  sundials_matrix.c
71>  sundials_direct.c
73>  sundials_linearsolver.c
76>  sundials_nvector.c
72>  sundials_dense.c
74>  sundials_linearsolver.c
73>  sundials_math.c
76>  sundials_matrix.c
71>  sundials_iterative.c
75>  idas_bbdpre.c
74>  sundials_math.c
72>  sundials_direct.c
76>  sundials_linearsolver.c
73>  sundials_band.c
71>  sundials_version.c
76>  sundials_math.c
73>  sundials_dense.c
72>  sundials_iterative.c
74>  sundials_band.c
71>  nvector_serial.c
76>  sundials_band.c
75>  sundials_nvector.c
72>  sundials_version.c
71>  sunmatrix_band.c
75>  sundials_matrix.c
74>  sundials_dense.c
73>  sundials_direct.c
72>  nvector_serial.c
75>  sundials_linearsolver.c
76>  sundials_dense.c
71>  sunmatrix_dense.c
73>  sundials_iterative.c
75>  sundials_math.c
74>  sundials_direct.c
72>  sunmatrix_band.c
73>  sundials_version.c
76>  sundials_direct.c
71>  sunmatrix_sparse.c
75>  sundials_band.c
73>  nvector_serial.c
74>  sundials_iterative.c
76>  sundials_iterative.c
71>  Generating Code...
73>  sunmatrix_band.c
72>  sunmatrix_dense.c
75>  sundials_dense.c
74>  sundials_version.c
76>  sundials_version.c
74>  nvector_serial.c
75>  sundials_direct.c
76>  nvector_serial.c
73>  Generating Code...
72>  sunmatrix_sparse.c
74>  sunmatrix_band.c
75>  sundials_iterative.c
76>  sunmatrix_band.c
72>  Generating Code...
76>  sunmatrix_dense.c
75>  sundials_version.c
74>  sunmatrix_dense.c
75>  nvector_serial.c
76>  sunmatrix_sparse.c
74>  sunmatrix_sparse.c
75>  sunmatrix_band.c
76>  sunlinsol_band.c
74>  sunlinsol_band.c
75>  sunmatrix_dense.c
76>  sunlinsol_dense.c
75>  Generating Code...
74>  Generating Code...
76>  Generating Code...
77>  sundials_nvecserial_static.vcxproj -> C:\oss\third_party\sundials\sundials-3.1.0-build\src\nvec_ser\Release\sundials_nvecserial.lib
78>  sundials_sunlinsolband_static.vcxproj -> C:\oss\third_party\sundials\sundials-3.1.0-build\src\sunlinsol_band\Release\sundials_sunlinsolband.lib
79>------ Build started: Project: sundials_sunlinsoldense_static, Configuration: Release x64 ------
80>------ Build started: Project: ark_robertson, Configuration: Release x64 ------
71>  Compiling...
71>  sunlinsol_band.c
71>  sunlinsol_dense.c
73>  Compiling...
72>  Compiling...
76>  Compiling...
73>  sunmatrix_dense.c
71>  sunlinsol_spbcgs.c
72>  sunlinsol_band.c
76>  sunlinsol_spbcgs.c
72>  sunlinsol_dense.c
73>  sunmatrix_sparse.c
71>  sunlinsol_spfgmr.c
72>  sunlinsol_spbcgs.c
73>  sunlinsol_band.c
76>  sunlinsol_spfgmr.c
71>  sunlinsol_spgmr.c
76>  sunlinsol_spgmr.c
73>  sunlinsol_dense.c
76>  sunlinsol_sptfqmr.c
71>  sunlinsol_sptfqmr.c
73>  sunlinsol_spbcgs.c
74>  Compiling...
72>  sunlinsol_spfgmr.c
76>  sunlinsol_pcg.c
74>  sunlinsol_dense.c
72>  sunlinsol_spgmr.c
73>  sunlinsol_spfgmr.c
71>  sunlinsol_pcg.c
72>  sunlinsol_sptfqmr.c
74>  sunlinsol_spbcgs.c
71>  Generating Code...
76>  Generating Code...
73>  sunlinsol_spgmr.c
72>  sunlinsol_pcg.c
74>  sunlinsol_spfgmr.c
75>  Compiling...
75>  sunmatrix_sparse.c
73>  sunlinsol_sptfqmr.c
72>  Generating Code...
75>  sunlinsol_band.c
74>  sunlinsol_spgmr.c
73>  sunlinsol_pcg.c
74>  sunlinsol_sptfqmr.c
75>  sunlinsol_dense.c
73>  Generating Code...
75>  sunlinsol_spbcgs.c
74>  sunlinsol_pcg.c
75>  sunlinsol_spfgmr.c
74>  Generating Code...
79>  Building Custom Rule C:/oss/third_party/sundials/sundials-3.1.0/src/sunlinsol_dense/CMakeLists.txt
80>  Building Custom Rule C:/oss/third_party/sundials/sundials-3.1.0/examples/arkode/C_serial/CMakeLists.txt
75>  sunlinsol_spgmr.c
75>  sunlinsol_sptfqmr.c
79>  CMake does not need to re-run because C:/oss/third_party/sundials/sundials-3.1.0-build/src/sunlinsol_dense/CMakeFiles/generate.stamp is up-to-date.
75>  sunlinsol_pcg.c
80>  CMake does not need to re-run because C:/oss/third_party/sundials/sundials-3.1.0-build/examples/arkode/C_serial/CMakeFiles/generate.stamp is up-to-date.
75>  Generating Code...
79>  sunlinsol_dense.c
76>  sundials_kinsol_static.vcxproj -> C:\oss\third_party\sundials\sundials-3.1.0-build\src\kinsol\Release\sundials_kinsol.lib
81>------ Build started: Project: sundials_sunlinsolpcg_static, Configuration: Release x64 ------
80>  ark_robertson.c
79>  sundials_linearsolver.c
79>  sundials_dense.c
80>C:\oss\third_party\sundials\sundials-3.1.0\examples\arkode\C_serial\ark_robertson.c(77): warning C4244: 'initializing': conversion from 'double' to 'int', possible loss of data
79>  Generating Code...
74>  sundials_ida_static.vcxproj -> C:\oss\third_party\sundials\sundials-3.1.0-build\src\ida\Release\sundials_ida.lib
82>------ Build started: Project: ark_KrylovDemo_prec, Configuration: Release x64 ------
73>  sundials_cvodes_static.vcxproj -> C:\oss\third_party\sundials\sundials-3.1.0-build\src\cvodes\Release\sundials_cvodes.lib
83>------ Build started: Project: sundials_sunlinsolspbcgs_static, Configuration: Release x64 ------
81>  Building Custom Rule C:/oss/third_party/sundials/sundials-3.1.0/src/sunlinsol_pcg/CMakeLists.txt
72>  sundials_cvode_static.vcxproj -> C:\oss\third_party\sundials\sundials-3.1.0-build\src\cvode\Release\sundials_cvode.lib
84>------ Build started: Project: ark_analytic, Configuration: Release x64 ------
81>  CMake does not need to re-run because C:/oss/third_party/sundials/sundials-3.1.0-build/src/sunlinsol_pcg/CMakeFiles/generate.stamp is up-to-date.
71>  sundials_arkode_static.vcxproj -> C:\oss\third_party\sundials\sundials-3.1.0-build\src\arkode\Release\sundials_arkode.lib
75>  sundials_idas_static.vcxproj -> C:\oss\third_party\sundials\sundials-3.1.0-build\src\idas\Release\sundials_idas.lib
81>  sunlinsol_pcg.c
85>------ Build started: Project: sundials_sunlinsolspfgmr_static, Configuration: Release x64 ------
86>------ Build started: Project: ark_analytic_nonlin, Configuration: Release x64 ------
80>ark_robertson.obj : error LNK2019: unresolved external symbol __imp_N_VClone referenced in function check_ans
80>ark_robertson.obj : error LNK2019: unresolved external symbol __imp_N_VDestroy referenced in function check_ans
80>ark_robertson.obj : error LNK2019: unresolved external symbol __imp_N_VLinearSum referenced in function check_ans
80>ark_robertson.obj : error LNK2019: unresolved external symbol __imp_N_VScale referenced in function check_ans
80>ark_robertson.obj : error LNK2019: unresolved external symbol __imp_N_VAbs referenced in function check_ans
80>ark_robertson.obj : error LNK2019: unresolved external symbol __imp_N_VInv referenced in function check_ans
80>ark_robertson.obj : error LNK2019: unresolved external symbol __imp_N_VAddConst referenced in function check_ans
80>ark_robertson.obj : error LNK2019: unresolved external symbol __imp_N_VWrmsNorm referenced in function check_ans
80>ark_robertson.obj : error LNK2019: unresolved external symbol __imp_N_VMin referenced in function check_ans
80>ark_robertson.obj : error LNK2019: unresolved external symbol __imp_ARKodeCreate referenced in function main
80>ark_robertson.obj : error LNK2019: unresolved external symbol __imp_ARKodeSetMaxNumSteps referenced in function main
82>  Building Custom Rule C:/oss/third_party/sundials/sundials-3.1.0/examples/arkode/C_serial/CMakeLists.txt
83>  Building Custom Rule C:/oss/third_party/sundials/sundials-3.1.0/src/sunlinsol_spbcgs/CMakeLists.txt
84>  Building Custom Rule C:/oss/third_party/sundials/sundials-3.1.0/examples/arkode/C_serial/CMakeLists.txt
81>  sundials_math.c
80>ark_robertson.obj : error LNK2019: unresolved external symbol __imp_ARKodeSetInitStep referenced in function main
80>ark_robertson.obj : error LNK2019: unresolved external symbol __imp_ARKodeSetPredictorMethod referenced in function main
84>  CMake does not need to re-run because C:/oss/third_party/sundials/sundials-3.1.0-build/examples/arkode/C_serial/CMakeFiles/generate.stamp is up-to-date.
80>ark_robertson.obj : error LNK2019: unresolved external symbol __imp_ARKodeSetMaxErrTestFails referenced in function main
83>  CMake does not need to re-run because C:/oss/third_party/sundials/sundials-3.1.0-build/src/sunlinsol_spbcgs/CMakeFiles/generate.stamp is up-to-date.
82>  CMake does not need to re-run because C:/oss/third_party/sundials/sundials-3.1.0-build/examples/arkode/C_serial/CMakeFiles/generate.stamp is up-to-date.
80>ark_robertson.obj : error LNK2019: unresolved external symbol __imp_ARKodeSetMaxNonlinIters referenced in function main
80>ark_robertson.obj : error LNK2019: unresolved external symbol __imp_ARKodeSetNonlinConvCoef referenced in function main
80>ark_robertson.obj : error LNK2019: unresolved external symbol __imp_ARKodeInit referenced in function main
80>ark_robertson.obj : error LNK2019: unresolved external symbol __imp_ARKodeSStolerances referenced in function main
80>ark_robertson.obj : error LNK2019: unresolved external symbol __imp_ARKode referenced in function main
80>ark_robertson.obj : error LNK2019: unresolved external symbol __imp_ARKodeGetNumSteps referenced in function main
80>ark_robertson.obj : error LNK2019: unresolved external symbol __imp_ARKodeGetNumStepAttempts referenced in function main
79>  sundials_sunlinsoldense_static.vcxproj -> C:\oss\third_party\sundials\sundials-3.1.0-build\src\sunlinsol_dense\Release\sundials_sunlinsoldense.lib
80>ark_robertson.obj : error LNK2019: unresolved external symbol __imp_ARKodeGetNumRhsEvals referenced in function main
80>ark_robertson.obj : error LNK2019: unresolved external symbol __imp_ARKodeGetNumLinSolvSetups referenced in function main
80>ark_robertson.obj : error LNK2019: unresolved external symbol __imp_ARKodeGetNumErrTestFails referenced in function main
80>ark_robertson.obj : error LNK2019: unresolved external symbol __imp_ARKodeGetNumNonlinSolvIters referenced in function main
80>ark_robertson.obj : error LNK2019: unresolved external symbol __imp_ARKodeGetNumNonlinSolvConvFails referenced in function main
80>ark_robertson.obj : error LNK2019: unresolved external symbol __imp_ARKodeFree referenced in function main
80>ark_robertson.obj : error LNK2019: unresolved external symbol __imp_N_VNew_Serial referenced in function main
80>ark_robertson.obj : error LNK2019: unresolved external symbol __imp_SUNMatDestroy referenced in function main
80>ark_robertson.obj : error LNK2019: unresolved external symbol __imp_SUNMatZero referenced in function Jac
80>ark_robertson.obj : error LNK2019: unresolved external symbol __imp_SUNDenseMatrix referenced in function main
80>ark_robertson.obj : error LNK2019: unresolved external symbol __imp_SUNLinSolFree referenced in function main
80>ark_robertson.obj : error LNK2019: unresolved external symbol __imp_SUNDenseLinearSolver referenced in function main
80>ark_robertson.obj : error LNK2019: unresolved external symbol __imp_ARKDlsSetLinearSolver referenced in function main
80>ark_robertson.obj : error LNK2019: unresolved external symbol __imp_ARKDlsSetJacFn referenced in function main
80>ark_robertson.obj : error LNK2019: unresolved external symbol __imp_ARKDlsGetNumJacEvals referenced in function main
80>ark_robertson.obj : error LNK2019: unresolved external symbol __imp_ARKDlsGetNumRhsEvals referenced in function main
80>C:\oss\third_party\sundials\sundials-3.1.0-build\examples\arkode\C_serial\Release\ark_robertson.exe : fatal error LNK1120: 37 unresolved externals
87>------ Build started: Project: sundials_sunlinsolspgmr_static, Configuration: Release x64 ------
88>------ Build started: Project: ark_brusselator, Configuration: Release x64 ------
81>  sundials_nvector.c
82>  ark_KrylovDemo_prec.c
83>  sunlinsol_spbcgs.c
81>  sundials_linearsolver.c
81>  sundials_iterative.c
81>  Generating Code...
83>  sundials_math.c
84>  ark_analytic.c
83>  sundials_nvector.c
85>  Building Custom Rule C:/oss/third_party/sundials/sundials-3.1.0/src/sunlinsol_spfgmr/CMakeLists.txt
83>  sundials_linearsolver.c
83>  sundials_iterative.c
83>  Generating Code...
85>  CMake does not need to re-run because C:/oss/third_party/sundials/sundials-3.1.0-build/src/sunlinsol_spfgmr/CMakeFiles/generate.stamp is up-to-date.
86>  Building Custom Rule C:/oss/third_party/sundials/sundials-3.1.0/examples/arkode/C_serial/CMakeLists.txt
81>  sundials_sunlinsolpcg_static.vcxproj -> C:\oss\third_party\sundials\sundials-3.1.0-build\src\sunlinsol_pcg\Release\sundials_sunlinsolpcg.lib
89>------ Build started: Project: sundials_sunlinsolsptfqmr_static, Configuration: Release x64 ------
86>  CMake does not need to re-run because C:/oss/third_party/sundials/sundials-3.1.0-build/examples/arkode/C_serial/CMakeFiles/generate.stamp is up-to-date.
85>  sunlinsol_spfgmr.c
85>  sundials_math.c
84>ark_analytic.obj : error LNK2019: unresolved external symbol __imp_N_VDestroy referenced in function main
82>ark_KrylovDemo_prec.obj : error LNK2019: unresolved external symbol __imp_N_VDestroy referenced in function main
82>ark_KrylovDemo_prec.obj : error LNK2019: unresolved external symbol __imp_N_VGetArrayPointer referenced in function CInit
84>ark_analytic.obj : error LNK2019: unresolved external symbol __imp_N_VConst referenced in function main
82>ark_KrylovDemo_prec.obj : error LNK2019: unresolved external symbol __imp_N_VLinearSum referenced in function GSIter
82>ark_KrylovDemo_prec.obj : error LNK2019: unresolved external symbol __imp_N_VConst referenced in function GSIter
82>ark_KrylovDemo_prec.obj : error LNK2019: unresolved external symbol __imp_N_VScale referenced in function PSolve
82>ark_KrylovDemo_prec.obj : error LNK2019: unresolved external symbol __imp_N_VWrmsNorm referenced in function Precond
82>ark_KrylovDemo_prec.obj : error LNK2019: unresolved external symbol __imp_ARKodeCreate referenced in function main
82>ark_KrylovDemo_prec.obj : error LNK2019: unresolved external symbol __imp_ARKodeSetUserData referenced in function main
82>ark_KrylovDemo_prec.obj : error LNK2019: unresolved external symbol __imp_ARKodeSetMaxNumSteps referenced in function main
84>ark_analytic.obj : error LNK2019: unresolved external symbol __imp_ARKodeCreate referenced in function main
82>ark_KrylovDemo_prec.obj : error LNK2019: unresolved external symbol __imp_ARKodeSetNonlinConvCoef referenced in function main
82>ark_KrylovDemo_prec.obj : error LNK2019: unresolved external symbol __imp_ARKodeInit referenced in function main
82>ark_KrylovDemo_prec.obj : error LNK2019: unresolved external symbol __imp_ARKodeReInit referenced in function main
82>ark_KrylovDemo_prec.obj : error LNK2019: unresolved external symbol __imp_ARKodeSStolerances referenced in function main
82>ark_KrylovDemo_prec.obj : error LNK2019: unresolved external symbol __imp_ARKode referenced in function main
82>ark_KrylovDemo_prec.obj : error LNK2019: unresolved external symbol __imp_ARKodeGetWorkSpace referenced in function PrintFinalStats
84>ark_analytic.obj : error LNK2019: unresolved external symbol __imp_ARKodeSetUserData referenced in function main
82>ark_KrylovDemo_prec.obj : error LNK2019: unresolved external symbol __imp_ARKodeGetNumSteps referenced in function PrintFinalStats
82>ark_KrylovDemo_prec.obj : error LNK2019: unresolved external symbol __imp_ARKodeGetNumRhsEvals referenced in function PrintFinalStats
84>ark_analytic.obj : error LNK2019: unresolved external symbol __imp_ARKodeSetLinear referenced in function main
82>ark_KrylovDemo_prec.obj : error LNK2019: unresolved external symbol __imp_ARKodeGetNumLinSolvSetups referenced in function PrintFinalStats
82>ark_KrylovDemo_prec.obj : error LNK2019: unresolved external symbol __imp_ARKodeGetNumErrTestFails referenced in function PrintFinalStats
84>ark_analytic.obj : error LNK2019: unresolved external symbol __imp_ARKodeInit referenced in function main
82>ark_KrylovDemo_prec.obj : error LNK2019: unresolved external symbol __imp_ARKodeGetLastStep referenced in function PrintOutput
84>ark_analytic.obj : error LNK2019: unresolved external symbol __imp_ARKodeSStolerances referenced in function main
82>ark_KrylovDemo_prec.obj : error LNK2019: unresolved external symbol __imp_ARKodeGetErrWeights referenced in function Precond
85>  sundials_nvector.c
84>ark_analytic.obj : error LNK2019: unresolved external symbol __imp_ARKode referenced in function main
82>ark_KrylovDemo_prec.obj : error LNK2019: unresolved external symbol __imp_ARKodeGetNumNonlinSolvIters referenced in function PrintFinalStats
84>ark_analytic.obj : error LNK2019: unresolved external symbol __imp_ARKodeGetNumSteps referenced in function main
82>ark_KrylovDemo_prec.obj : error LNK2019: unresolved external symbol __imp_ARKodeGetNumNonlinSolvConvFails referenced in function PrintFinalStats
84>ark_analytic.obj : error LNK2019: unresolved external symbol __imp_ARKodeGetNumStepAttempts referenced in function main
82>ark_KrylovDemo_prec.obj : error LNK2019: unresolved external symbol __imp_ARKodeFree referenced in function main
84>ark_analytic.obj : error LNK2019: unresolved external symbol __imp_ARKodeGetNumRhsEvals referenced in function main
82>ark_KrylovDemo_prec.obj : error LNK2019: unresolved external symbol __imp_SUNLinSolFree referenced in function main
84>ark_analytic.obj : error LNK2019: unresolved external symbol __imp_ARKodeGetNumLinSolvSetups referenced in function main
82>ark_KrylovDemo_prec.obj : error LNK2019: unresolved external symbol __imp_SUNSPGMR referenced in function main
84>ark_analytic.obj : error LNK2019: unresolved external symbol __imp_ARKodeGetNumErrTestFails referenced in function main
82>ark_KrylovDemo_prec.obj : error LNK2019: unresolved external symbol __imp_SUNSPGMRSetPrecType referenced in function main
84>ark_analytic.obj : error LNK2019: unresolved external symbol __imp_ARKodeGetNumNonlinSolvIters referenced in function main
82>ark_KrylovDemo_prec.obj : error LNK2019: unresolved external symbol __imp_SUNSPGMRSetGSType referenced in function main
84>ark_analytic.obj : error LNK2019: unresolved external symbol __imp_ARKodeGetNumNonlinSolvConvFails referenced in function main
82>ark_KrylovDemo_prec.obj : error LNK2019: unresolved external symbol __imp_ARKSpilsSetLinearSolver referenced in function main
84>ark_analytic.obj : error LNK2019: unresolved external symbol __imp_ARKodeFree referenced in function main
82>ark_KrylovDemo_prec.obj : error LNK2019: unresolved external symbol __imp_ARKSpilsSetEpsLin referenced in function main
84>ark_analytic.obj : error LNK2019: unresolved external symbol __imp_N_VNew_Serial referenced in function main
82>ark_KrylovDemo_prec.obj : error LNK2019: unresolved external symbol __imp_ARKSpilsSetPreconditioner referenced in function main
84>ark_analytic.obj : error LNK2019: unresolved external symbol __imp_SUNMatDestroy referenced in function main
82>ark_KrylovDemo_prec.obj : error LNK2019: unresolved external symbol __imp_ARKSpilsGetWorkSpace referenced in function PrintFinalStats
82>ark_KrylovDemo_prec.obj : error LNK2019: unresolved external symbol __imp_ARKSpilsGetNumPrecEvals referenced in function PrintFinalStats
84>ark_analytic.obj : error LNK2019: unresolved external symbol __imp_SUNDenseMatrix referenced in function main
82>ark_KrylovDemo_prec.obj : error LNK2019: unresolved external symbol __imp_ARKSpilsGetNumPrecSolves referenced in function PrintFinalStats
84>ark_analytic.obj : error LNK2019: unresolved external symbol __imp_SUNDenseMatrix_Data referenced in function Jac
82>ark_KrylovDemo_prec.obj : error LNK2019: unresolved external symbol __imp_ARKSpilsGetNumLinIters referenced in function PrintFinalStats
84>ark_analytic.obj : error LNK2019: unresolved external symbol __imp_SUNLinSolFree referenced in function main
82>ark_KrylovDemo_prec.obj : error LNK2019: unresolved external symbol __imp_ARKSpilsGetNumConvFails referenced in function PrintFinalStats
84>ark_analytic.obj : error LNK2019: unresolved external symbol __imp_SUNDenseLinearSolver referenced in function main
82>ark_KrylovDemo_prec.obj : error LNK2019: unresolved external symbol __imp_ARKSpilsGetNumRhsEvals referenced in function PrintFinalStats
84>ark_analytic.obj : error LNK2019: unresolved external symbol __imp_ARKDlsSetLinearSolver referenced in function main
82>ark_KrylovDemo_prec.obj : error LNK2019: unresolved external symbol __imp_N_VNew_Serial referenced in function AllocUserData
84>ark_analytic.obj : error LNK2019: unresolved external symbol __imp_ARKDlsSetJacFn referenced in function main
82>ark_KrylovDemo_prec.obj : error LNK2019: unresolved external symbol __imp_N_VDestroy_Serial referenced in function main
85>  sundials_linearsolver.c
84>ark_analytic.obj : error LNK2019: unresolved external symbol __imp_ARKDlsGetNumJacEvals referenced in function main
82>ark_KrylovDemo_prec.obj : error LNK2019: unresolved external symbol __imp_newDenseMat referenced in function AllocUserData
84>ark_analytic.obj : error LNK2019: unresolved external symbol __imp_ARKDlsGetNumRhsEvals referenced in function main
82>ark_KrylovDemo_prec.obj : error LNK2019: unresolved external symbol __imp_destroyMat referenced in function main
84>ark_analytic.obj : error LNK2019: unresolved external symbol __imp_SUNRabs referenced in function check_ans
82>ark_KrylovDemo_prec.obj : error LNK2019: unresolved external symbol __imp_newIndexArray referenced in function AllocUserData
84>C:\oss\third_party\sundials\sundials-3.1.0-build\examples\arkode\C_serial\Release\ark_analytic.exe : fatal error LNK1120: 27 unresolved externals
82>ark_KrylovDemo_prec.obj : error LNK2019: unresolved external symbol __imp_destroyArray referenced in function main
82>ark_KrylovDemo_prec.obj : error LNK2019: unresolved external symbol __imp_denseGETRF referenced in function Precond
82>ark_KrylovDemo_prec.obj : error LNK2019: unresolved external symbol __imp_denseGETRS referenced in function PSolve
82>ark_KrylovDemo_prec.obj : error LNK2019: unresolved external symbol __imp_denseAddIdentity referenced in function Precond
82>ark_KrylovDemo_prec.obj : error LNK2019: unresolved external symbol __imp_SUNRsqrt referenced in function InitUserData
82>ark_KrylovDemo_prec.obj : error LNK2019: unresolved external symbol __imp_SUNRabs referenced in function Precond
82>C:\oss\third_party\sundials\sundials-3.1.0-build\examples\arkode\C_serial\Release\ark_KrylovDemo_prec.exe : fatal error LNK1120: 48 unresolved externals
88>  Building Custom Rule C:/oss/third_party/sundials/sundials-3.1.0/examples/arkode/C_serial/CMakeLists.txt
83>  sundials_sunlinsolspbcgs_static.vcxproj -> C:\oss\third_party\sundials\sundials-3.1.0-build\src\sunlinsol_spbcgs\Release\sundials_sunlinsolspbcgs.lib
90>------ Build started: Project: ark_brusselator1D, Configuration: Release x64 ------
91>------ Build started: Project: sundials_sunmatrixband_static, Configuration: Release x64 ------
92>------ Build started: Project: ark_brusselator_fp, Configuration: Release x64 ------
85>  sundials_iterative.c
86>  ark_analytic_nonlin.c
88>  CMake does not need to re-run because C:/oss/third_party/sundials/sundials-3.1.0-build/examples/arkode/C_serial/CMakeFiles/generate.stamp is up-to-date.
89>  Building Custom Rule C:/oss/third_party/sundials/sundials-3.1.0/src/sunlinsol_sptfqmr/CMakeLists.txt
85>  Generating Code...
88>  ark_brusselator.c
89>  CMake does not need to re-run because C:/oss/third_party/sundials/sundials-3.1.0-build/src/sunlinsol_sptfqmr/CMakeFiles/generate.stamp is up-to-date.
89>  sunlinsol_sptfqmr.c
88>C:\oss\third_party\sundials\sundials-3.1.0\examples\arkode\C_serial\ark_brusselator.c(96): warning C4244: 'initializing': conversion from 'double' to 'int', possible loss of data
89>  sundials_math.c
89>  sundials_nvector.c
89>  sundials_linearsolver.c
89>  sundials_iterative.c
85>  sundials_sunlinsolspfgmr_static.vcxproj -> C:\oss\third_party\sundials\sundials-3.1.0-build\src\sunlinsol_spfgmr\Release\sundials_sunlinsolspfgmr.lib
86>ark_analytic_nonlin.obj : error LNK2019: unresolved external symbol __imp_N_VDestroy referenced in function main
93>------ Build started: Project: sundials_sunmatrixdense_static, Configuration: Release x64 ------
89>  Generating Code...
90>  Building Custom Rule C:/oss/third_party/sundials/sundials-3.1.0/examples/arkode/C_serial/CMakeLists.txt
91>  Building Custom Rule C:/oss/third_party/sundials/sundials-3.1.0/src/sunmat_band/CMakeLists.txt
86>ark_analytic_nonlin.obj : error LNK2019: unresolved external symbol __imp_ARKodeCreate referenced in function main
86>ark_analytic_nonlin.obj : error LNK2019: unresolved external symbol __imp_ARKodeInit referenced in function main
86>ark_analytic_nonlin.obj : error LNK2019: unresolved external symbol __imp_ARKodeSStolerances referenced in function main
86>ark_analytic_nonlin.obj : error LNK2019: unresolved external symbol __imp_ARKode referenced in function main
86>ark_analytic_nonlin.obj : error LNK2019: unresolved external symbol __imp_ARKodeGetNumSteps referenced in function main
86>ark_analytic_nonlin.obj : error LNK2019: unresolved external symbol __imp_ARKodeGetNumStepAttempts referenced in function main
86>ark_analytic_nonlin.obj : error LNK2019: unresolved external symbol __imp_ARKodeGetNumRhsEvals referenced in function main
86>ark_analytic_nonlin.obj : error LNK2019: unresolved external symbol __imp_ARKodeGetNumErrTestFails referenced in function main
86>ark_analytic_nonlin.obj : error LNK2019: unresolved external symbol __imp_ARKodeFree referenced in function main
86>ark_analytic_nonlin.obj : error LNK2019: unresolved external symbol __imp_N_VNew_Serial referenced in function main
86>ark_analytic_nonlin.obj : error LNK2019: unresolved external symbol __imp_SUNRexp referenced in function f
86>C:\oss\third_party\sundials\sundials-3.1.0-build\examples\arkode\C_serial\Release\ark_analytic_nonlin.exe : fatal error LNK1120: 12 unresolved externals
94>------ Build started: Project: ark_heat1D, Configuration: Release x64 ------
90>  CMake does not need to re-run because C:/oss/third_party/sundials/sundials-3.1.0-build/examples/arkode/C_serial/CMakeFiles/generate.stamp is up-to-date.
91>  CMake does not need to re-run because C:/oss/third_party/sundials/sundials-3.1.0-build/src/sunmat_band/CMakeFiles/generate.stamp is up-to-date.
95>------ Build started: Project: sundials_sunmatrixsparse_static, Configuration: Release x64 ------
93>  Building Custom Rule C:/oss/third_party/sundials/sundials-3.1.0/src/sunmat_dense/CMakeLists.txt
91>  sunmatrix_band.c
88>ark_brusselator.obj : error LNK2019: unresolved external symbol __imp_N_VDestroy referenced in function main
90>  ark_brusselator1D.c
88>ark_brusselator.obj : error LNK2019: unresolved external symbol __imp_ARKodeCreate referenced in function main
88>ark_brusselator.obj : error LNK2019: unresolved external symbol __imp_ARKodeSetUserData referenced in function main
88>ark_brusselator.obj : error LNK2019: unresolved external symbol __imp_ARKodeInit referenced in function main
88>ark_brusselator.obj : error LNK2019: unresolved external symbol __imp_ARKodeSStolerances referenced in function main
88>ark_brusselator.obj : error LNK2019: unresolved external symbol __imp_ARKode referenced in function main
88>ark_brusselator.obj : error LNK2019: unresolved external symbol __imp_ARKodeGetNumSteps referenced in function main
88>ark_brusselator.obj : error LNK2019: unresolved external symbol __imp_ARKodeGetNumStepAttempts referenced in function main
88>ark_brusselator.obj : error LNK2019: unresolved external symbol __imp_ARKodeGetNumRhsEvals referenced in function main
88>ark_brusselator.obj : error LNK2019: unresolved external symbol __imp_ARKodeGetNumLinSolvSetups referenced in function main
88>ark_brusselator.obj : error LNK2019: unresolved external symbol __imp_ARKodeGetNumErrTestFails referenced in function main
93>  CMake does not need to re-run because C:/oss/third_party/sundials/sundials-3.1.0-build/src/sunmat_dense/CMakeFiles/generate.stamp is up-to-date.
88>ark_brusselator.obj : error LNK2019: unresolved external symbol __imp_ARKodeGetNumNonlinSolvIters referenced in function main
88>ark_brusselator.obj : error LNK2019: unresolved external symbol __imp_ARKodeGetNumNonlinSolvConvFails referenced in function main
88>ark_brusselator.obj : error LNK2019: unresolved external symbol __imp_ARKodeFree referenced in function main
88>ark_brusselator.obj : error LNK2019: unresolved external symbol __imp_N_VNew_Serial referenced in function main
88>ark_brusselator.obj : error LNK2019: unresolved external symbol __imp_SUNMatDestroy referenced in function main
88>ark_brusselator.obj : error LNK2019: unresolved external symbol __imp_SUNDenseMatrix referenced in function main
88>ark_brusselator.obj : error LNK2019: unresolved external symbol __imp_SUNLinSolFree referenced in function main
88>ark_brusselator.obj : error LNK2019: unresolved external symbol __imp_SUNDenseLinearSolver referenced in function main
88>ark_brusselator.obj : error LNK2019: unresolved external symbol __imp_ARKDlsSetLinearSolver referenced in function main
88>ark_brusselator.obj : error LNK2019: unresolved external symbol __imp_ARKDlsSetJacFn referenced in function main
88>ark_brusselator.obj : error LNK2019: unresolved external symbol __imp_ARKDlsGetNumJacEvals referenced in function main
88>ark_brusselator.obj : error LNK2019: unresolved external symbol __imp_ARKDlsGetNumRhsEvals referenced in function main
88>C:\oss\third_party\sundials\sundials-3.1.0-build\examples\arkode\C_serial\Release\ark_brusselator.exe : fatal error LNK1120: 23 unresolved externals
91>  sundials_nvector.c
89>  sundials_sunlinsolsptfqmr_static.vcxproj -> C:\oss\third_party\sundials\sundials-3.1.0-build\src\sunlinsol_sptfqmr\Release\sundials_sunlinsolsptfqmr.lib
96>------ Build started: Project: test_nvector_serial, Configuration: Release x64 ------
97>------ Build started: Project: test_sunlinsol_band, Configuration: Release x64 ------
91>  sundials_matrix.c
94>  Building Custom Rule C:/oss/third_party/sundials/sundials-3.1.0/examples/arkode/C_serial/CMakeLists.txt
92>  Building Custom Rule C:/oss/third_party/sundials/sundials-3.1.0/examples/arkode/C_serial/CMakeLists.txt
95>  Building Custom Rule C:/oss/third_party/sundials/sundials-3.1.0/src/sunmat_sparse/CMakeLists.txt
91>  sundials_math.c
91>  Generating Code...
94>  CMake does not need to re-run because C:/oss/third_party/sundials/sundials-3.1.0-build/examples/arkode/C_serial/CMakeFiles/generate.stamp is up-to-date.
92>  CMake does not need to re-run because C:/oss/third_party/sundials/sundials-3.1.0-build/examples/arkode/C_serial/CMakeFiles/generate.stamp is up-to-date.
95>  CMake does not need to re-run because C:/oss/third_party/sundials/sundials-3.1.0-build/src/sunmat_sparse/CMakeFiles/generate.stamp is up-to-date.
93>  sunmatrix_dense.c
93>  sundials_nvector.c
93>  sundials_matrix.c
93>  sundials_math.c
94>  ark_heat1D.c
96>  Building Custom Rule C:/oss/third_party/sundials/sundials-3.1.0/examples/nvector/serial/CMakeLists.txt
92>  ark_brusselator_fp.c
93>  Generating Code...
95>  sunmatrix_sparse.c
92>C:\oss\third_party\sundials\sundials-3.1.0\examples\arkode\C_serial\ark_brusselator_fp.c(91): warning C4244: 'initializing': conversion from 'double' to 'int', possible loss of data
96>  CMake does not need to re-run because C:/oss/third_party/sundials/sundials-3.1.0-build/examples/nvector/serial/CMakeFiles/generate.stamp is up-to-date.
91>  sundials_sunmatrixband_static.vcxproj -> C:\oss\third_party\sundials\sundials-3.1.0-build\src\sunmat_band\Release\sundials_sunmatrixband.lib
95>  sundials_nvector.c
98>------ Build started: Project: test_sunlinsol_dense, Configuration: Release x64 ------
95>  sundials_matrix.c
95>  sundials_math.c
95>  Generating Code...
90>ark_brusselator1D.obj : error LNK2019: unresolved external symbol __imp_N_VDestroy referenced in function main
90>ark_brusselator1D.obj : error LNK2019: unresolved external symbol __imp_N_VGetArrayPointer referenced in function ReactionJac
90>ark_brusselator1D.obj : error LNK2019: unresolved external symbol __imp_N_VConst referenced in function f
90>ark_brusselator1D.obj : error LNK2019: unresolved external symbol __imp_N_VWL2Norm referenced in function main
90>ark_brusselator1D.obj : error LNK2019: unresolved external symbol __imp_ARKodeCreate referenced in function main
90>ark_brusselator1D.obj : error LNK2019: unresolved external symbol __imp_ARKodeSetUserData referenced in function main
90>ark_brusselator1D.obj : error LNK2019: unresolved external symbol __imp_ARKodeInit referenced in function main
90>ark_brusselator1D.obj : error LNK2019: unresolved external symbol __imp_ARKodeSStolerances referenced in function main
90>ark_brusselator1D.obj : error LNK2019: unresolved external symbol __imp_ARKode referenced in function main
90>ark_brusselator1D.obj : error LNK2019: unresolved external symbol __imp_ARKodeGetNumSteps referenced in function main
90>ark_brusselator1D.obj : error LNK2019: unresolved external symbol __imp_ARKodeGetNumStepAttempts referenced in function main
90>ark_brusselator1D.obj : error LNK2019: unresolved external symbol __imp_ARKodeGetNumRhsEvals referenced in function main
90>ark_brusselator1D.obj : error LNK2019: unresolved external symbol __imp_ARKodeGetNumLinSolvSetups referenced in function main
90>ark_brusselator1D.obj : error LNK2019: unresolved external symbol __imp_ARKodeGetNumErrTestFails referenced in function main
90>ark_brusselator1D.obj : error LNK2019: unresolved external symbol __imp_ARKodeGetNumNonlinSolvIters referenced in function main
90>ark_brusselator1D.obj : error LNK2019: unresolved external symbol __imp_ARKodeGetNumNonlinSolvConvFails referenced in function main
90>ark_brusselator1D.obj : error LNK2019: unresolved external symbol __imp_ARKodeFree referenced in function main
90>ark_brusselator1D.obj : error LNK2019: unresolved external symbol __imp_N_VNew_Serial referenced in function main
90>ark_brusselator1D.obj : error LNK2019: unresolved external symbol __imp_SUNMatDestroy referenced in function main
90>ark_brusselator1D.obj : error LNK2019: unresolved external symbol __imp_SUNMatZero referenced in function Jac
90>ark_brusselator1D.obj : error LNK2019: unresolved external symbol __imp_SUNBandMatrix referenced in function main
90>ark_brusselator1D.obj : error LNK2019: unresolved external symbol __imp_SUNLinSolFree referenced in function main
90>ark_brusselator1D.obj : error LNK2019: unresolved external symbol __imp_SUNBandLinearSolver referenced in function main
90>ark_brusselator1D.obj : error LNK2019: unresolved external symbol __imp_ARKDlsSetLinearSolver referenced in function main
90>ark_brusselator1D.obj : error LNK2019: unresolved external symbol __imp_ARKDlsSetJacFn referenced in function main
90>ark_brusselator1D.obj : error LNK2019: unresolved external symbol __imp_ARKDlsGetNumJacEvals referenced in function main
90>ark_brusselator1D.obj : error LNK2019: unresolved external symbol __imp_ARKDlsGetNumRhsEvals referenced in function main
90>ark_brusselator1D.obj : error LNK2019: unresolved external symbol __imp_SUNRsqrt referenced in function main
90>C:\oss\third_party\sundials\sundials-3.1.0-build\examples\arkode\C_serial\Release\ark_brusselator1D.exe : fatal error LNK1120: 28 unresolved externals
99>------ Build started: Project: test_sunlinsol_pcg_serial, Configuration: Release x64 ------
93>  sundials_sunmatrixdense_static.vcxproj -> C:\oss\third_party\sundials\sundials-3.1.0-build\src\sunmat_dense\Release\sundials_sunmatrixdense.lib
100>------ Build started: Project: test_sunlinsol_spbcgs_serial, Configuration: Release x64 ------
96>  test_nvector_serial.c
96>  test_nvector.c
98>  Building Custom Rule C:/oss/third_party/sundials/sundials-3.1.0/examples/sunlinsol/dense/CMakeLists.txt
94>ark_heat1D.obj : error LNK2019: unresolved external symbol __imp_N_VDestroy referenced in function main
94>ark_heat1D.obj : error LNK2019: unresolved external symbol __imp_N_VGetArrayPointer referenced in function Jac
94>ark_heat1D.obj : error LNK2019: unresolved external symbol __imp_N_VConst referenced in function Jac
94>ark_heat1D.obj : error LNK2019: unresolved external symbol __imp_N_VDotProd referenced in function main
94>ark_heat1D.obj : error LNK2019: unresolved external symbol __imp_ARKodeCreate referenced in function main
96>  sundials_nvector.c
94>ark_heat1D.obj : error LNK2019: unresolved external symbol __imp_ARKodeSetUserData referenced in function main
94>ark_heat1D.obj : error LNK2019: unresolved external symbol __imp_ARKodeSetLinear referenced in function main
94>ark_heat1D.obj : error LNK2019: unresolved external symbol __imp_ARKodeSetMaxNumSteps referenced in function main
94>ark_heat1D.obj : error LNK2019: unresolved external symbol __imp_ARKodeSetPredictorMethod referenced in function main
94>ark_heat1D.obj : error LNK2019: unresolved external symbol __imp_ARKodeInit referenced in function main
94>ark_heat1D.obj : error LNK2019: unresolved external symbol __imp_ARKodeSStolerances referenced in function main
94>ark_heat1D.obj : error LNK2019: unresolved external symbol __imp_ARKode referenced in function main
94>ark_heat1D.obj : error LNK2019: unresolved external symbol __imp_ARKodeGetNumSteps referenced in function main
94>ark_heat1D.obj : error LNK2019: unresolved external symbol __imp_ARKodeGetNumStepAttempts referenced in function main
94>ark_heat1D.obj : error LNK2019: unresolved external symbol __imp_ARKodeGetNumRhsEvals referenced in function main
94>ark_heat1D.obj : error LNK2019: unresolved external symbol __imp_ARKodeGetNumLinSolvSetups referenced in function main
94>ark_heat1D.obj : error LNK2019: unresolved external symbol __imp_ARKodeGetNumErrTestFails referenced in function main
94>ark_heat1D.obj : error LNK2019: unresolved external symbol __imp_ARKodeGetNumNonlinSolvIters referenced in function main
94>ark_heat1D.obj : error LNK2019: unresolved external symbol __imp_ARKodeGetNumNonlinSolvConvFails referenced in function main
94>ark_heat1D.obj : error LNK2019: unresolved external symbol __imp_ARKodeFree referenced in function main
94>ark_heat1D.obj : error LNK2019: unresolved external symbol __imp_N_VNew_Serial referenced in function main
94>ark_heat1D.obj : error LNK2019: unresolved external symbol __imp_SUNLinSolFree referenced in function main
94>ark_heat1D.obj : error LNK2019: unresolved external symbol __imp_SUNPCG referenced in function main
94>ark_heat1D.obj : error LNK2019: unresolved external symbol __imp_ARKSpilsSetLinearSolver referenced in function main
94>ark_heat1D.obj : error LNK2019: unresolved external symbol __imp_ARKSpilsSetJacTimes referenced in function main
94>ark_heat1D.obj : error LNK2019: unresolved external symbol __imp_ARKSpilsGetNumLinIters referenced in function main
94>ark_heat1D.obj : error LNK2019: unresolved external symbol __imp_ARKSpilsGetNumConvFails referenced in function main
94>ark_heat1D.obj : error LNK2019: unresolved external symbol __imp_ARKSpilsGetNumJtimesEvals referenced in function main
94>ark_heat1D.obj : error LNK2019: unresolved external symbol __imp_SUNRsqrt referenced in function main
94>C:\oss\third_party\sundials\sundials-3.1.0-build\examples\arkode\C_serial\Release\ark_heat1D.exe : fatal error LNK1120: 29 unresolved externals
92>ark_brusselator_fp.obj : error LNK2019: unresolved external symbol __imp_N_VDestroy referenced in function main
96>  Generating Code...
92>ark_brusselator_fp.obj : error LNK2019: unresolved external symbol __imp_ARKodeCreate referenced in function main
92>ark_brusselator_fp.obj : error LNK2019: unresolved external symbol __imp_ARKodeSetUserData referenced in function main
92>ark_brusselator_fp.obj : error LNK2019: unresolved external symbol __imp_ARKodeSetFixedPoint referenced in function main
92>ark_brusselator_fp.obj : error LNK2019: unresolved external symbol __imp_ARKodeSetMaxNonlinIters referenced in function main
92>ark_brusselator_fp.obj : error LNK2019: unresolved external symbol __imp_ARKodeInit referenced in function main
92>ark_brusselator_fp.obj : error LNK2019: unresolved external symbol __imp_ARKodeSStolerances referenced in function main
92>ark_brusselator_fp.obj : error LNK2019: unresolved external symbol __imp_ARKode referenced in function main
92>ark_brusselator_fp.obj : error LNK2019: unresolved external symbol __imp_ARKodeGetNumSteps referenced in function main
92>ark_brusselator_fp.obj : error LNK2019: unresolved external symbol __imp_ARKodeGetNumStepAttempts referenced in function main
92>ark_brusselator_fp.obj : error LNK2019: unresolved external symbol __imp_ARKodeGetNumRhsEvals referenced in function main
92>ark_brusselator_fp.obj : error LNK2019: unresolved external symbol __imp_ARKodeGetNumErrTestFails referenced in function main
92>ark_brusselator_fp.obj : error LNK2019: unresolved external symbol __imp_ARKodeGetNumNonlinSolvIters referenced in function main
92>ark_brusselator_fp.obj : error LNK2019: unresolved external symbol __imp_ARKodeGetNumNonlinSolvConvFails referenced in function main
92>ark_brusselator_fp.obj : error LNK2019: unresolved external symbol __imp_ARKodeFree referenced in function main
92>ark_brusselator_fp.obj : error LNK2019: unresolved external symbol __imp_N_VNew_Serial referenced in function main
92>C:\oss\third_party\sundials\sundials-3.1.0-build\examples\arkode\C_serial\Release\ark_brusselator_fp.exe : fatal error LNK1120: 16 unresolved externals
95>  sundials_sunmatrixsparse_static.vcxproj -> C:\oss\third_party\sundials\sundials-3.1.0-build\src\sunmat_sparse\Release\sundials_sunmatrixsparse.lib
101>------ Build started: Project: test_sunlinsol_spfgmr_serial, Configuration: Release x64 ------
102>------ Build started: Project: test_sunlinsol_spgmr_serial, Configuration: Release x64 ------
103>------ Build started: Project: test_sunlinsol_sptfqmr_serial, Configuration: Release x64 ------
98>  CMake does not need to re-run because C:/oss/third_party/sundials/sundials-3.1.0-build/examples/sunlinsol/dense/CMakeFiles/generate.stamp is up-to-date.
100>  Building Custom Rule C:/oss/third_party/sundials/sundials-3.1.0/examples/sunlinsol/spbcgs/serial/CMakeLists.txt
99>  Building Custom Rule C:/oss/third_party/sundials/sundials-3.1.0/examples/sunlinsol/pcg/serial/CMakeLists.txt
97>  Building Custom Rule C:/oss/third_party/sundials/sundials-3.1.0/examples/sunlinsol/band/CMakeLists.txt
98>  test_sunlinsol_dense.c
100>  CMake does not need to re-run because C:/oss/third_party/sundials/sundials-3.1.0-build/examples/sunlinsol/spbcgs/serial/CMakeFiles/generate.stamp is up-to-date.
96>     Creating library C:/oss/third_party/sundials/sundials-3.1.0-build/examples/nvector/serial/Release/test_nvector_serial.lib and object C:/oss/third_party/sundials/sundials-3.1.0-build/examples/nvector/serial/Release/test_nvector_serial.exp
99>  CMake does not need to re-run because C:/oss/third_party/sundials/sundials-3.1.0-build/examples/sunlinsol/pcg/serial/CMakeFiles/generate.stamp is up-to-date.
98>  test_sunlinsol.c
97>  CMake does not need to re-run because C:/oss/third_party/sundials/sundials-3.1.0-build/examples/sunlinsol/band/CMakeFiles/generate.stamp is up-to-date.
98>  sundials_matrix.c
98>  sundials_linearsolver.c
98>  sundials_nvector.c
100>  test_sunlinsol_spbcgs_serial.c
98>  Generating Code...
96>  test_nvector_serial.vcxproj -> C:\oss\third_party\sundials\sundials-3.1.0-build\examples\nvector\serial\Release\test_nvector_serial.exe
104>------ Build started: Project: test_sunmatrix_band, Configuration: Release x64 ------
100>  test_sunlinsol.c
103>  Building Custom Rule C:/oss/third_party/sundials/sundials-3.1.0/examples/sunlinsol/sptfqmr/serial/CMakeLists.txt
102>  Building Custom Rule C:/oss/third_party/sundials/sundials-3.1.0/examples/sunlinsol/spgmr/serial/CMakeLists.txt
99>  test_sunlinsol_pcg_serial.c
100>  sundials_linearsolver.c
97>  test_sunlinsol_band.c
100>  sundials_nvector.c
103>  CMake does not need to re-run because C:/oss/third_party/sundials/sundials-3.1.0-build/examples/sunlinsol/sptfqmr/serial/CMakeFiles/generate.stamp is up-to-date.
100>  Generating Code...
99>  test_sunlinsol.c
97>  test_sunlinsol.c
101>  Building Custom Rule C:/oss/third_party/sundials/sundials-3.1.0/examples/sunlinsol/spfgmr/serial/CMakeLists.txt
102>  CMake does not need to re-run because C:/oss/third_party/sundials/sundials-3.1.0-build/examples/sunlinsol/spgmr/serial/CMakeFiles/generate.stamp is up-to-date.
99>  sundials_linearsolver.c
97>  sundials_matrix.c
99>  sundials_nvector.c
97>  sundials_linearsolver.c
101>  CMake does not need to re-run because C:/oss/third_party/sundials/sundials-3.1.0-build/examples/sunlinsol/spfgmr/serial/CMakeFiles/generate.stamp is up-to-date.
99>  Generating Code...
97>  sundials_nvector.c
97>  Generating Code...
98>     Creating library C:/oss/third_party/sundials/sundials-3.1.0-build/examples/sunlinsol/dense/Release/test_sunlinsol_dense.lib and object C:/oss/third_party/sundials/sundials-3.1.0-build/examples/sunlinsol/dense/Release/test_sunlinsol_dense.exp
104>  Building Custom Rule C:/oss/third_party/sundials/sundials-3.1.0/examples/sunmatrix/band/CMakeLists.txt
103>  test_sunlinsol_sptfqmr_serial.c
102>  test_sunlinsol_spgmr_serial.c
104>  CMake does not need to re-run because C:/oss/third_party/sundials/sundials-3.1.0-build/examples/sunmatrix/band/CMakeFiles/generate.stamp is up-to-date.
103>  test_sunlinsol.c
101>  test_sunlinsol_spfgmr_serial.c
103>  sundials_linearsolver.c
102>  test_sunlinsol.c
98>  test_sunlinsol_dense.vcxproj -> C:\oss\third_party\sundials\sundials-3.1.0-build\examples\sunlinsol\dense\Release\test_sunlinsol_dense.exe
103>  sundials_nvector.c
105>------ Build started: Project: test_sunmatrix_dense, Configuration: Release x64 ------
99>     Creating library C:/oss/third_party/sundials/sundials-3.1.0-build/examples/sunlinsol/pcg/serial/Release/test_sunlinsol_pcg_serial.lib and object C:/oss/third_party/sundials/sundials-3.1.0-build/examples/sunlinsol/pcg/serial/Release/test_sunlinsol_pcg_serial.exp
102>  sundials_linearsolver.c
101>  test_sunlinsol.c
103>  Generating Code...
97>     Creating library C:/oss/third_party/sundials/sundials-3.1.0-build/examples/sunlinsol/band/Release/test_sunlinsol_band.lib and object C:/oss/third_party/sundials/sundials-3.1.0-build/examples/sunlinsol/band/Release/test_sunlinsol_band.exp
104>  test_sunmatrix_band.c
100>     Creating library C:/oss/third_party/sundials/sundials-3.1.0-build/examples/sunlinsol/spbcgs/serial/Release/test_sunlinsol_spbcgs_serial.lib and object C:/oss/third_party/sundials/sundials-3.1.0-build/examples/sunlinsol/spbcgs/serial/Release/test_sunlinsol_spbcgs_serial.exp
105>  Building Custom Rule C:/oss/third_party/sundials/sundials-3.1.0/examples/sunmatrix/dense/CMakeLists.txt
105>  CMake does not need to re-run because C:/oss/third_party/sundials/sundials-3.1.0-build/examples/sunmatrix/dense/CMakeFiles/generate.stamp is up-to-date.
105>  test_sunmatrix_dense.c
104>  test_sunmatrix.c
105>  test_sunmatrix.c
101>  sundials_linearsolver.c
102>  sundials_nvector.c
101>  sundials_nvector.c
104>  sundials_matrix.c
105>  sundials_matrix.c
102>  Generating Code...
101>  Generating Code...
104>  sundials_nvector.c
105>  sundials_nvector.c
105>  Generating Code...
104>  Generating Code...
99>  test_sunlinsol_pcg_serial.vcxproj -> C:\oss\third_party\sundials\sundials-3.1.0-build\examples\sunlinsol\pcg\serial\Release\test_sunlinsol_pcg_serial.exe
97>  test_sunlinsol_band.vcxproj -> C:\oss\third_party\sundials\sundials-3.1.0-build\examples\sunlinsol\band\Release\test_sunlinsol_band.exe
100>  test_sunlinsol_spbcgs_serial.vcxproj -> C:\oss\third_party\sundials\sundials-3.1.0-build\examples\sunlinsol\spbcgs\serial\Release\test_sunlinsol_spbcgs_serial.exe
106>------ Build started: Project: test_sunmatrix_sparse, Configuration: Release x64 ------
104>     Creating library C:/oss/third_party/sundials/sundials-3.1.0-build/examples/sunmatrix/band/Release/test_sunmatrix_band.lib and object C:/oss/third_party/sundials/sundials-3.1.0-build/examples/sunmatrix/band/Release/test_sunmatrix_band.exp
105>     Creating library C:/oss/third_party/sundials/sundials-3.1.0-build/examples/sunmatrix/dense/Release/test_sunmatrix_dense.lib and object C:/oss/third_party/sundials/sundials-3.1.0-build/examples/sunmatrix/dense/Release/test_sunmatrix_dense.exp
103>     Creating library C:/oss/third_party/sundials/sundials-3.1.0-build/examples/sunlinsol/sptfqmr/serial/Release/test_sunlinsol_sptfqmr_serial.lib and object C:/oss/third_party/sundials/sundials-3.1.0-build/examples/sunlinsol/sptfqmr/serial/Release/test_sunlinsol_sptfqmr_serial.exp
101>     Creating library C:/oss/third_party/sundials/sundials-3.1.0-build/examples/sunlinsol/spfgmr/serial/Release/test_sunlinsol_spfgmr_serial.lib and object C:/oss/third_party/sundials/sundials-3.1.0-build/examples/sunlinsol/spfgmr/serial/Release/test_sunlinsol_spfgmr_serial.exp
105>  test_sunmatrix_dense.vcxproj -> C:\oss\third_party\sundials\sundials-3.1.0-build\examples\sunmatrix\dense\Release\test_sunmatrix_dense.exe
104>  test_sunmatrix_band.vcxproj -> C:\oss\third_party\sundials\sundials-3.1.0-build\examples\sunmatrix\band\Release\test_sunmatrix_band.exe
103>  test_sunlinsol_sptfqmr_serial.vcxproj -> C:\oss\third_party\sundials\sundials-3.1.0-build\examples\sunlinsol\sptfqmr\serial\Release\test_sunlinsol_sptfqmr_serial.exe
101>  test_sunlinsol_spfgmr_serial.vcxproj -> C:\oss\third_party\sundials\sundials-3.1.0-build\examples\sunlinsol\spfgmr\serial\Release\test_sunlinsol_spfgmr_serial.exe
102>     Creating library C:/oss/third_party/sundials/sundials-3.1.0-build/examples/sunlinsol/spgmr/serial/Release/test_sunlinsol_spgmr_serial.lib and object C:/oss/third_party/sundials/sundials-3.1.0-build/examples/sunlinsol/spgmr/serial/Release/test_sunlinsol_spgmr_serial.exp
106>  Building Custom Rule C:/oss/third_party/sundials/sundials-3.1.0/examples/sunmatrix/sparse/CMakeLists.txt
106>  CMake does not need to re-run because C:/oss/third_party/sundials/sundials-3.1.0-build/examples/sunmatrix/sparse/CMakeFiles/generate.stamp is up-to-date.
102>  test_sunlinsol_spgmr_serial.vcxproj -> C:\oss\third_party\sundials\sundials-3.1.0-build\examples\sunlinsol\spgmr\serial\Release\test_sunlinsol_spgmr_serial.exe
106>  test_sunmatrix_sparse.c
106>  test_sunmatrix.c
106>  sundials_matrix.c
106>  sundials_nvector.c
106>  Generating Code...
106>     Creating library C:/oss/third_party/sundials/sundials-3.1.0-build/examples/sunmatrix/sparse/Release/test_sunmatrix_sparse.lib and object C:/oss/third_party/sundials/sundials-3.1.0-build/examples/sunmatrix/sparse/Release/test_sunmatrix_sparse.exp
106>  test_sunmatrix_sparse.vcxproj -> C:\oss\third_party\sundials\sundials-3.1.0-build\examples\sunmatrix\sparse\Release\test_sunmatrix_sparse.exe
107>------ Build started: Project: ALL_BUILD, Configuration: Release x64 ------
107>  Building Custom Rule C:/oss/third_party/sundials/sundials-3.1.0/CMakeLists.txt
107>  CMake does not need to re-run because C:/oss/third_party/sundials/sundials-3.1.0-build/CMakeFiles/generate.stamp is up-to-date.
========== Build: 99 succeeded, 8 failed, 0 up-to-date, 0 skipped ==========
